CRITICAL - 2021-04-02 02:39:52 --> array_push() expects parameter 1 to be array, null given
#0 [internal function]: CodeIgniter\Debug\Exceptions->errorHandler()
#1 C:\xampp\htdocs\CI_new\app\Controllers\Home.php(209): array_push()
#2 C:\xampp\htdocs\CI_new\vendor\codeigniter4\framework\system\CodeIgniter.php(918): App\Controllers\Home->buycar()
#3 C:\xampp\htdocs\CI_new\vendor\codeigniter4\framework\system\CodeIgniter.php(404): CodeIgniter\CodeIgniter->runController()
#4 C:\xampp\htdocs\CI_new\vendor\codeigniter4\framework\system\CodeIgniter.php(312): CodeIgniter\CodeIgniter->handleRequest()
#5 C:\xampp\htdocs\CI_new\public\index.php(45): CodeIgniter\CodeIgniter->run()
#6 C:\xampp\htdocs\CI_new\vendor\codeigniter4\framework\system\Commands\Server\rewrite.php(34): require_once('C:\\xampp\\htdocs...')
#7 {main}
CRITICAL - 2021-04-02 02:42:12 --> syntax error, unexpected '->' (T_OBJECT_OPERATOR), expecting ')'
#0 C:\xampp\htdocs\CI_new\vendor\codeigniter4\framework\system\Common.php(1119): CodeIgniter\View\View->render()
#1 C:\xampp\htdocs\CI_new\app\Controllers\Home.php(227): view()
#2 C:\xampp\htdocs\CI_new\vendor\codeigniter4\framework\system\CodeIgniter.php(918): App\Controllers\Home->buycar()
#3 C:\xampp\htdocs\CI_new\vendor\codeigniter4\framework\system\CodeIgniter.php(404): CodeIgniter\CodeIgniter->runController()
#4 C:\xampp\htdocs\CI_new\vendor\codeigniter4\framework\system\CodeIgniter.php(312): CodeIgniter\CodeIgniter->handleRequest()
#5 C:\xampp\htdocs\CI_new\public\index.php(45): CodeIgniter\CodeIgniter->run()
#6 C:\xampp\htdocs\CI_new\vendor\codeigniter4\framework\system\Commands\Server\rewrite.php(34): require_once('C:\\xampp\\htdocs...')
#7 {main}
CRITICAL - 2021-04-02 02:43:13 --> Use of undefined constant session - assumed 'session' (this will throw an Error in a future version of PHP)
#0 C:\xampp\htdocs\CI_new\app\Views\buycar.php(20): CodeIgniter\Debug\Exceptions->errorHandler()
#1 C:\xampp\htdocs\CI_new\vendor\codeigniter4\framework\system\View\View.php(246): include('C:\\xampp\\htdocs...')
#2 C:\xampp\htdocs\CI_new\vendor\codeigniter4\framework\system\Common.php(1119): CodeIgniter\View\View->render()
#3 C:\xampp\htdocs\CI_new\app\Controllers\Home.php(227): view()
#4 C:\xampp\htdocs\CI_new\vendor\codeigniter4\framework\system\CodeIgniter.php(918): App\Controllers\Home->buycar()
#5 C:\xampp\htdocs\CI_new\vendor\codeigniter4\framework\system\CodeIgniter.php(404): CodeIgniter\CodeIgniter->runController()
#6 C:\xampp\htdocs\CI_new\vendor\codeigniter4\framework\system\CodeIgniter.php(312): CodeIgniter\CodeIgniter->handleRequest()
#7 C:\xampp\htdocs\CI_new\public\index.php(45): CodeIgniter\CodeIgniter->run()
#8 C:\xampp\htdocs\CI_new\vendor\codeigniter4\framework\system\Commands\Server\rewrite.php(34): require_once('C:\\xampp\\htdocs...')
#9 {main}
CRITICAL - 2021-04-02 02:43:15 --> Use of undefined constant session - assumed 'session' (this will throw an Error in a future version of PHP)
#0 C:\xampp\htdocs\CI_new\app\Views\buycar.php(20): CodeIgniter\Debug\Exceptions->errorHandler()
#1 C:\xampp\htdocs\CI_new\vendor\codeigniter4\framework\system\View\View.php(246): include('C:\\xampp\\htdocs...')
#2 C:\xampp\htdocs\CI_new\vendor\codeigniter4\framework\system\Common.php(1119): CodeIgniter\View\View->render()
#3 C:\xampp\htdocs\CI_new\app\Controllers\Home.php(227): view()
#4 C:\xampp\htdocs\CI_new\vendor\codeigniter4\framework\system\CodeIgniter.php(918): App\Controllers\Home->buycar()
#5 C:\xampp\htdocs\CI_new\vendor\codeigniter4\framework\system\CodeIgniter.php(404): CodeIgniter\CodeIgniter->runController()
#6 C:\xampp\htdocs\CI_new\vendor\codeigniter4\framework\system\CodeIgniter.php(312): CodeIgniter\CodeIgniter->handleRequest()
#7 C:\xampp\htdocs\CI_new\public\index.php(45): CodeIgniter\CodeIgniter->run()
#8 C:\xampp\htdocs\CI_new\vendor\codeigniter4\framework\system\Commands\Server\rewrite.php(34): require_once('C:\\xampp\\htdocs...')
#9 {main}
CRITICAL - 2021-04-02 02:44:24 --> Use of undefined constant session - assumed 'session' (this will throw an Error in a future version of PHP)
#0 C:\xampp\htdocs\CI_new\app\Views\buycar.php(20): CodeIgniter\Debug\Exceptions->errorHandler()
#1 C:\xampp\htdocs\CI_new\vendor\codeigniter4\framework\system\View\View.php(246): include('C:\\xampp\\htdocs...')
#2 C:\xampp\htdocs\CI_new\vendor\codeigniter4\framework\system\Common.php(1119): CodeIgniter\View\View->render()
#3 C:\xampp\htdocs\CI_new\app\Controllers\Home.php(227): view()
#4 C:\xampp\htdocs\CI_new\vendor\codeigniter4\framework\system\CodeIgniter.php(918): App\Controllers\Home->buycar()
#5 C:\xampp\htdocs\CI_new\vendor\codeigniter4\framework\system\CodeIgniter.php(404): CodeIgniter\CodeIgniter->runController()
#6 C:\xampp\htdocs\CI_new\vendor\codeigniter4\framework\system\CodeIgniter.php(312): CodeIgniter\CodeIgniter->handleRequest()
#7 C:\xampp\htdocs\CI_new\public\index.php(45): CodeIgniter\CodeIgniter->run()
#8 C:\xampp\htdocs\CI_new\vendor\codeigniter4\framework\system\Commands\Server\rewrite.php(34): require_once('C:\\xampp\\htdocs...')
#9 {main}
CRITICAL - 2021-04-02 02:44:31 --> Use of undefined constant session - assumed 'session' (this will throw an Error in a future version of PHP)
#0 C:\xampp\htdocs\CI_new\app\Views\buycar.php(20): CodeIgniter\Debug\Exceptions->errorHandler()
#1 C:\xampp\htdocs\CI_new\vendor\codeigniter4\framework\system\View\View.php(246): include('C:\\xampp\\htdocs...')
#2 C:\xampp\htdocs\CI_new\vendor\codeigniter4\framework\system\Common.php(1119): CodeIgniter\View\View->render()
#3 C:\xampp\htdocs\CI_new\app\Controllers\Home.php(227): view()
#4 C:\xampp\htdocs\CI_new\vendor\codeigniter4\framework\system\CodeIgniter.php(918): App\Controllers\Home->buycar()
#5 C:\xampp\htdocs\CI_new\vendor\codeigniter4\framework\system\CodeIgniter.php(404): CodeIgniter\CodeIgniter->runController()
#6 C:\xampp\htdocs\CI_new\vendor\codeigniter4\framework\system\CodeIgniter.php(312): CodeIgniter\CodeIgniter->handleRequest()
#7 C:\xampp\htdocs\CI_new\public\index.php(45): CodeIgniter\CodeIgniter->run()
#8 C:\xampp\htdocs\CI_new\vendor\codeigniter4\framework\system\Commands\Server\rewrite.php(34): require_once('C:\\xampp\\htdocs...')
#9 {main}
