CRITICAL - 2021-01-31 22:25:19 --> Cross-site request forgery validation failed. Required param "state" missing from persistent data.
#0 C:\Users\X550JX\dev\PHP\cidatabase\vendor\facebook\graph-sdk\src\Facebook\Helpers\FacebookRedirectLoginHelper.php(221): Facebook\Helpers\FacebookRedirectLoginHelper->validateCsrf()
#1 C:\Users\X550JX\dev\PHP\cidatabase\app\Controllers\FB.php(36): Facebook\Helpers\FacebookRedirectLoginHelper->getAccessToken()
#2 C:\Users\X550JX\dev\PHP\cidatabase\vendor\codeigniter4\framework\system\CodeIgniter.php(918): App\Controllers\FB->callback()
#3 C:\Users\X550JX\dev\PHP\cidatabase\vendor\codeigniter4\framework\system\CodeIgniter.php(404): CodeIgniter\CodeIgniter->runController(Object(App\Controllers\FB))
#4 C:\Users\X550JX\dev\PHP\cidatabase\vendor\codeigniter4\framework\system\CodeIgniter.php(312): CodeIgniter\CodeIgniter->handleRequest(NULL, Object(Config\Cache), false)
#5 C:\Users\X550JX\dev\PHP\cidatabase\public\index.php(45): CodeIgniter\CodeIgniter->run()
#6 C:\Users\X550JX\dev\PHP\cidatabase\vendor\codeigniter4\framework\system\Commands\Server\rewrite.php(34): require_once('C:\\Users\\X550JX...')
#7 {main}
CRITICAL - 2021-01-31 22:28:10 --> Cross-site request forgery validation failed. Required param "state" missing from persistent data.
#0 C:\Users\X550JX\dev\PHP\cidatabase\vendor\facebook\graph-sdk\src\Facebook\Helpers\FacebookRedirectLoginHelper.php(221): Facebook\Helpers\FacebookRedirectLoginHelper->validateCsrf()
#1 C:\Users\X550JX\dev\PHP\cidatabase\app\Controllers\FB.php(36): Facebook\Helpers\FacebookRedirectLoginHelper->getAccessToken()
#2 C:\Users\X550JX\dev\PHP\cidatabase\vendor\codeigniter4\framework\system\CodeIgniter.php(918): App\Controllers\FB->callback()
#3 C:\Users\X550JX\dev\PHP\cidatabase\vendor\codeigniter4\framework\system\CodeIgniter.php(404): CodeIgniter\CodeIgniter->runController(Object(App\Controllers\FB))
#4 C:\Users\X550JX\dev\PHP\cidatabase\vendor\codeigniter4\framework\system\CodeIgniter.php(312): CodeIgniter\CodeIgniter->handleRequest(NULL, Object(Config\Cache), false)
#5 C:\Users\X550JX\dev\PHP\cidatabase\public\index.php(45): CodeIgniter\CodeIgniter->run()
#6 C:\Users\X550JX\dev\PHP\cidatabase\vendor\codeigniter4\framework\system\Commands\Server\rewrite.php(34): require_once('C:\\Users\\X550JX...')
#7 {main}
CRITICAL - 2021-01-31 22:30:43 --> Resolving timed out after 10000 milliseconds
#0 C:\Users\X550JX\dev\PHP\cidatabase\vendor\facebook\graph-sdk\src\Facebook\FacebookClient.php(216): Facebook\HttpClients\FacebookCurlHttpClient->send('https://graph.f...', 'GET', '', Array, 60)
#1 C:\Users\X550JX\dev\PHP\cidatabase\vendor\facebook\graph-sdk\src\Facebook\Authentication\OAuth2Client.php(277): Facebook\FacebookClient->sendRequest(Object(Facebook\FacebookRequest))
#2 C:\Users\X550JX\dev\PHP\cidatabase\vendor\facebook\graph-sdk\src\Facebook\Authentication\OAuth2Client.php(226): Facebook\Authentication\OAuth2Client->sendRequestWithClientParams('/oauth/access_t...', Array)
#3 C:\Users\X550JX\dev\PHP\cidatabase\vendor\facebook\graph-sdk\src\Facebook\Authentication\OAuth2Client.php(166): Facebook\Authentication\OAuth2Client->requestAnAccessToken(Array)
#4 C:\Users\X550JX\dev\PHP\cidatabase\vendor\facebook\graph-sdk\src\Facebook\Helpers\FacebookRedirectLoginHelper.php(228): Facebook\Authentication\OAuth2Client->getAccessTokenFromCode('AQCrN3TmGiWeOK9...', 'http://localhos...')
#5 C:\Users\X550JX\dev\PHP\cidatabase\app\Controllers\FB.php(41): Facebook\Helpers\FacebookRedirectLoginHelper->getAccessToken()
#6 C:\Users\X550JX\dev\PHP\cidatabase\vendor\codeigniter4\framework\system\CodeIgniter.php(918): App\Controllers\FB->callback()
#7 C:\Users\X550JX\dev\PHP\cidatabase\vendor\codeigniter4\framework\system\CodeIgniter.php(404): CodeIgniter\CodeIgniter->runController(Object(App\Controllers\FB))
#8 C:\Users\X550JX\dev\PHP\cidatabase\vendor\codeigniter4\framework\system\CodeIgniter.php(312): CodeIgniter\CodeIgniter->handleRequest(NULL, Object(Config\Cache), false)
#9 C:\Users\X550JX\dev\PHP\cidatabase\public\index.php(45): CodeIgniter\CodeIgniter->run()
#10 C:\Users\X550JX\dev\PHP\cidatabase\vendor\codeigniter4\framework\system\Commands\Server\rewrite.php(34): require_once('C:\\Users\\X550JX...')
#11 {main}
CRITICAL - 2021-01-31 22:33:40 --> Resolving timed out after 10000 milliseconds
#0 C:\Users\X550JX\dev\PHP\cidatabase\vendor\facebook\graph-sdk\src\Facebook\FacebookClient.php(216): Facebook\HttpClients\FacebookCurlHttpClient->send('https://graph.f...', 'GET', '', Array, 60)
#1 C:\Users\X550JX\dev\PHP\cidatabase\vendor\facebook\graph-sdk\src\Facebook\Authentication\OAuth2Client.php(277): Facebook\FacebookClient->sendRequest(Object(Facebook\FacebookRequest))
#2 C:\Users\X550JX\dev\PHP\cidatabase\vendor\facebook\graph-sdk\src\Facebook\Authentication\OAuth2Client.php(226): Facebook\Authentication\OAuth2Client->sendRequestWithClientParams('/oauth/access_t...', Array)
#3 C:\Users\X550JX\dev\PHP\cidatabase\vendor\facebook\graph-sdk\src\Facebook\Authentication\OAuth2Client.php(166): Facebook\Authentication\OAuth2Client->requestAnAccessToken(Array)
#4 C:\Users\X550JX\dev\PHP\cidatabase\vendor\facebook\graph-sdk\src\Facebook\Helpers\FacebookRedirectLoginHelper.php(228): Facebook\Authentication\OAuth2Client->getAccessTokenFromCode('AQBpMC7WhbKlSYY...', 'http://localhos...')
#5 C:\Users\X550JX\dev\PHP\cidatabase\app\Controllers\FB.php(41): Facebook\Helpers\FacebookRedirectLoginHelper->getAccessToken()
#6 C:\Users\X550JX\dev\PHP\cidatabase\vendor\codeigniter4\framework\system\CodeIgniter.php(918): App\Controllers\FB->callback()
#7 C:\Users\X550JX\dev\PHP\cidatabase\vendor\codeigniter4\framework\system\CodeIgniter.php(404): CodeIgniter\CodeIgniter->runController(Object(App\Controllers\FB))
#8 C:\Users\X550JX\dev\PHP\cidatabase\vendor\codeigniter4\framework\system\CodeIgniter.php(312): CodeIgniter\CodeIgniter->handleRequest(NULL, Object(Config\Cache), false)
#9 C:\Users\X550JX\dev\PHP\cidatabase\public\index.php(45): CodeIgniter\CodeIgniter->run()
#10 C:\Users\X550JX\dev\PHP\cidatabase\vendor\codeigniter4\framework\system\Commands\Server\rewrite.php(34): require_once('C:\\Users\\X550JX...')
#11 {main}
CRITICAL - 2021-01-31 22:36:40 --> Resolving timed out after 10000 milliseconds
#0 C:\Users\X550JX\dev\PHP\cidatabase\vendor\facebook\graph-sdk\src\Facebook\FacebookClient.php(216): Facebook\HttpClients\FacebookCurlHttpClient->send('https://graph.f...', 'GET', '', Array, 60)
#1 C:\Users\X550JX\dev\PHP\cidatabase\vendor\facebook\graph-sdk\src\Facebook\Authentication\OAuth2Client.php(277): Facebook\FacebookClient->sendRequest(Object(Facebook\FacebookRequest))
#2 C:\Users\X550JX\dev\PHP\cidatabase\vendor\facebook\graph-sdk\src\Facebook\Authentication\OAuth2Client.php(226): Facebook\Authentication\OAuth2Client->sendRequestWithClientParams('/oauth/access_t...', Array)
#3 C:\Users\X550JX\dev\PHP\cidatabase\vendor\facebook\graph-sdk\src\Facebook\Authentication\OAuth2Client.php(166): Facebook\Authentication\OAuth2Client->requestAnAccessToken(Array)
#4 C:\Users\X550JX\dev\PHP\cidatabase\vendor\facebook\graph-sdk\src\Facebook\Helpers\FacebookRedirectLoginHelper.php(228): Facebook\Authentication\OAuth2Client->getAccessTokenFromCode('AQCaiHYBtg5iao-...', 'http://localhos...')
#5 C:\Users\X550JX\dev\PHP\cidatabase\app\Controllers\FB.php(41): Facebook\Helpers\FacebookRedirectLoginHelper->getAccessToken()
#6 C:\Users\X550JX\dev\PHP\cidatabase\vendor\codeigniter4\framework\system\CodeIgniter.php(918): App\Controllers\FB->callback()
#7 C:\Users\X550JX\dev\PHP\cidatabase\vendor\codeigniter4\framework\system\CodeIgniter.php(404): CodeIgniter\CodeIgniter->runController(Object(App\Controllers\FB))
#8 C:\Users\X550JX\dev\PHP\cidatabase\vendor\codeigniter4\framework\system\CodeIgniter.php(312): CodeIgniter\CodeIgniter->handleRequest(NULL, Object(Config\Cache), false)
#9 C:\Users\X550JX\dev\PHP\cidatabase\public\index.php(45): CodeIgniter\CodeIgniter->run()
#10 C:\Users\X550JX\dev\PHP\cidatabase\vendor\codeigniter4\framework\system\Commands\Server\rewrite.php(34): require_once('C:\\Users\\X550JX...')
#11 {main}
CRITICAL - 2021-01-31 22:54:30 --> Resolving timed out after 10000 milliseconds
#0 C:\Users\X550JX\dev\PHP\cidatabase\vendor\facebook\graph-sdk\src\Facebook\FacebookClient.php(216): Facebook\HttpClients\FacebookCurlHttpClient->send('https://graph.f...', 'GET', '', Array, 60)
#1 C:\Users\X550JX\dev\PHP\cidatabase\vendor\facebook\graph-sdk\src\Facebook\Authentication\OAuth2Client.php(277): Facebook\FacebookClient->sendRequest(Object(Facebook\FacebookRequest))
#2 C:\Users\X550JX\dev\PHP\cidatabase\vendor\facebook\graph-sdk\src\Facebook\Authentication\OAuth2Client.php(226): Facebook\Authentication\OAuth2Client->sendRequestWithClientParams('/oauth/access_t...', Array)
#3 C:\Users\X550JX\dev\PHP\cidatabase\vendor\facebook\graph-sdk\src\Facebook\Authentication\OAuth2Client.php(166): Facebook\Authentication\OAuth2Client->requestAnAccessToken(Array)
#4 C:\Users\X550JX\dev\PHP\cidatabase\vendor\facebook\graph-sdk\src\Facebook\Helpers\FacebookRedirectLoginHelper.php(228): Facebook\Authentication\OAuth2Client->getAccessTokenFromCode('AQBhagoOJ2y-_ks...', 'http://localhos...')
#5 C:\Users\X550JX\dev\PHP\cidatabase\app\Controllers\FB.php(41): Facebook\Helpers\FacebookRedirectLoginHelper->getAccessToken()
#6 C:\Users\X550JX\dev\PHP\cidatabase\vendor\codeigniter4\framework\system\CodeIgniter.php(918): App\Controllers\FB->callback()
#7 C:\Users\X550JX\dev\PHP\cidatabase\vendor\codeigniter4\framework\system\CodeIgniter.php(404): CodeIgniter\CodeIgniter->runController(Object(App\Controllers\FB))
#8 C:\Users\X550JX\dev\PHP\cidatabase\vendor\codeigniter4\framework\system\CodeIgniter.php(312): CodeIgniter\CodeIgniter->handleRequest(NULL, Object(Config\Cache), false)
#9 C:\Users\X550JX\dev\PHP\cidatabase\public\index.php(45): CodeIgniter\CodeIgniter->run()
#10 C:\Users\X550JX\dev\PHP\cidatabase\vendor\codeigniter4\framework\system\Commands\Server\rewrite.php(34): require_once('C:\\Users\\X550JX...')
#11 {main}
CRITICAL - 2021-01-31 23:02:22 --> Unable to connect to the database.
#0 C:\Users\X550JX\dev\PHP\cidatabase\vendor\codeigniter4\framework\system\Database\BaseConnection.php(646): CodeIgniter\Database\BaseConnection->initialize()
#1 C:\Users\X550JX\dev\PHP\cidatabase\vendor\codeigniter4\framework\system\Database\BaseBuilder.php(1860): CodeIgniter\Database\BaseConnection->query('SELECT `email`\n...', Array, false)
#2 C:\Users\X550JX\dev\PHP\cidatabase\vendor\codeigniter4\framework\system\Model.php(404): CodeIgniter\Database\BaseBuilder->get()
#3 C:\Users\X550JX\dev\PHP\cidatabase\vendor\codeigniter4\framework\system\Model.php(436): CodeIgniter\Model->find()
#4 C:\Users\X550JX\dev\PHP\cidatabase\app\Controllers\Home.php(57): CodeIgniter\Model->findColumn('email')
#5 C:\Users\X550JX\dev\PHP\cidatabase\vendor\codeigniter4\framework\system\CodeIgniter.php(918): App\Controllers\Home->login()
#6 C:\Users\X550JX\dev\PHP\cidatabase\vendor\codeigniter4\framework\system\CodeIgniter.php(404): CodeIgniter\CodeIgniter->runController(Object(App\Controllers\Home))
#7 C:\Users\X550JX\dev\PHP\cidatabase\vendor\codeigniter4\framework\system\CodeIgniter.php(312): CodeIgniter\CodeIgniter->handleRequest(NULL, Object(Config\Cache), false)
#8 C:\Users\X550JX\dev\PHP\cidatabase\public\index.php(45): CodeIgniter\CodeIgniter->run()
#9 C:\Users\X550JX\dev\PHP\cidatabase\vendor\codeigniter4\framework\system\Commands\Server\rewrite.php(34): require_once('C:\\Users\\X550JX...')
#10 {main}
