CRITICAL - 2021-01-26 02:41:08 --> preg_match_all() expects parameter 2 to be string, object given
#0 [internal function]: CodeIgniter\Debug\Exceptions->errorHandler(2, 'preg_match_all(...', 'C:\\Users\\X550JX...', 395, Array)
#1 C:\Users\X550JX\dev\PHP\cidatabase\vendor\codeigniter4\framework\system\HTTP\Request.php(395): preg_match_all('/(?:^[^\\[]+)|\\[...', Object(App\Entities\User), NULL)
#2 C:\Users\X550JX\dev\PHP\cidatabase\vendor\codeigniter4\framework\system\HTTP\IncomingRequest.php(410): CodeIgniter\HTTP\Request->fetchGlobal('post', Object(App\Entities\User), 516, NULL)
#3 C:\Users\X550JX\dev\PHP\cidatabase\app\Controllers\Home.php(112): CodeIgniter\HTTP\IncomingRequest->getPost(Object(App\Entities\User))
#4 C:\Users\X550JX\dev\PHP\cidatabase\vendor\codeigniter4\framework\system\CodeIgniter.php(918): App\Controllers\Home->register()
#5 C:\Users\X550JX\dev\PHP\cidatabase\vendor\codeigniter4\framework\system\CodeIgniter.php(404): CodeIgniter\CodeIgniter->runController(Object(App\Controllers\Home))
#6 C:\Users\X550JX\dev\PHP\cidatabase\vendor\codeigniter4\framework\system\CodeIgniter.php(312): CodeIgniter\CodeIgniter->handleRequest(NULL, Object(Config\Cache), false)
#7 C:\Users\X550JX\dev\PHP\cidatabase\public\index.php(45): CodeIgniter\CodeIgniter->run()
#8 C:\Users\X550JX\dev\PHP\cidatabase\vendor\codeigniter4\framework\system\Commands\Server\rewrite.php(34): require_once('C:\\Users\\X550JX...')
#9 {main}
CRITICAL - 2021-01-26 02:43:57 --> Object of class App\Entities\User could not be converted to string
#0 C:\Users\X550JX\dev\PHP\cidatabase\vendor\codeigniter4\framework\system\CodeIgniter.php(918): App\Controllers\Home->tespas()
#1 C:\Users\X550JX\dev\PHP\cidatabase\vendor\codeigniter4\framework\system\CodeIgniter.php(404): CodeIgniter\CodeIgniter->runController(Object(App\Controllers\Home))
#2 C:\Users\X550JX\dev\PHP\cidatabase\vendor\codeigniter4\framework\system\CodeIgniter.php(312): CodeIgniter\CodeIgniter->handleRequest(NULL, Object(Config\Cache), false)
#3 C:\Users\X550JX\dev\PHP\cidatabase\public\index.php(45): CodeIgniter\CodeIgniter->run()
#4 C:\Users\X550JX\dev\PHP\cidatabase\vendor\codeigniter4\framework\system\Commands\Server\rewrite.php(34): require_once('C:\\Users\\X550JX...')
#5 {main}
CRITICAL - 2021-01-26 02:45:08 --> Object of class App\Entities\User could not be converted to string
#0 C:\Users\X550JX\dev\PHP\cidatabase\vendor\codeigniter4\framework\system\CodeIgniter.php(918): App\Controllers\Home->tespas()
#1 C:\Users\X550JX\dev\PHP\cidatabase\vendor\codeigniter4\framework\system\CodeIgniter.php(404): CodeIgniter\CodeIgniter->runController(Object(App\Controllers\Home))
#2 C:\Users\X550JX\dev\PHP\cidatabase\vendor\codeigniter4\framework\system\CodeIgniter.php(312): CodeIgniter\CodeIgniter->handleRequest(NULL, Object(Config\Cache), false)
#3 C:\Users\X550JX\dev\PHP\cidatabase\public\index.php(45): CodeIgniter\CodeIgniter->run()
#4 C:\Users\X550JX\dev\PHP\cidatabase\vendor\codeigniter4\framework\system\Commands\Server\rewrite.php(34): require_once('C:\\Users\\X550JX...')
#5 {main}
CRITICAL - 2021-01-26 02:45:37 --> Object of class App\Entities\User could not be converted to string
#0 C:\Users\X550JX\dev\PHP\cidatabase\vendor\codeigniter4\framework\system\CodeIgniter.php(918): App\Controllers\Home->tespas()
#1 C:\Users\X550JX\dev\PHP\cidatabase\vendor\codeigniter4\framework\system\CodeIgniter.php(404): CodeIgniter\CodeIgniter->runController(Object(App\Controllers\Home))
#2 C:\Users\X550JX\dev\PHP\cidatabase\vendor\codeigniter4\framework\system\CodeIgniter.php(312): CodeIgniter\CodeIgniter->handleRequest(NULL, Object(Config\Cache), false)
#3 C:\Users\X550JX\dev\PHP\cidatabase\public\index.php(45): CodeIgniter\CodeIgniter->run()
#4 C:\Users\X550JX\dev\PHP\cidatabase\vendor\codeigniter4\framework\system\Commands\Server\rewrite.php(34): require_once('C:\\Users\\X550JX...')
#5 {main}
CRITICAL - 2021-01-26 02:45:49 --> Object of class App\Entities\User could not be converted to string
#0 C:\Users\X550JX\dev\PHP\cidatabase\vendor\codeigniter4\framework\system\CodeIgniter.php(918): App\Controllers\Home->tespas()
#1 C:\Users\X550JX\dev\PHP\cidatabase\vendor\codeigniter4\framework\system\CodeIgniter.php(404): CodeIgniter\CodeIgniter->runController(Object(App\Controllers\Home))
#2 C:\Users\X550JX\dev\PHP\cidatabase\vendor\codeigniter4\framework\system\CodeIgniter.php(312): CodeIgniter\CodeIgniter->handleRequest(NULL, Object(Config\Cache), false)
#3 C:\Users\X550JX\dev\PHP\cidatabase\public\index.php(45): CodeIgniter\CodeIgniter->run()
#4 C:\Users\X550JX\dev\PHP\cidatabase\vendor\codeigniter4\framework\system\Commands\Server\rewrite.php(34): require_once('C:\\Users\\X550JX...')
#5 {main}
CRITICAL - 2021-01-26 02:53:11 --> Argument 1 passed to CodeIgniter\Entity::fill() must be of the type array or null, string given, called in C:\Users\X550JX\dev\PHP\cidatabase\app\Controllers\Home.php on line 110
#0 C:\Users\X550JX\dev\PHP\cidatabase\app\Controllers\Home.php(110): CodeIgniter\Entity->fill('QAz57510311')
#1 C:\Users\X550JX\dev\PHP\cidatabase\vendor\codeigniter4\framework\system\CodeIgniter.php(918): App\Controllers\Home->register()
#2 C:\Users\X550JX\dev\PHP\cidatabase\vendor\codeigniter4\framework\system\CodeIgniter.php(404): CodeIgniter\CodeIgniter->runController(Object(App\Controllers\Home))
#3 C:\Users\X550JX\dev\PHP\cidatabase\vendor\codeigniter4\framework\system\CodeIgniter.php(312): CodeIgniter\CodeIgniter->handleRequest(NULL, Object(Config\Cache), false)
#4 C:\Users\X550JX\dev\PHP\cidatabase\public\index.php(45): CodeIgniter\CodeIgniter->run()
#5 C:\Users\X550JX\dev\PHP\cidatabase\vendor\codeigniter4\framework\system\Commands\Server\rewrite.php(34): require_once('C:\\Users\\X550JX...')
#6 {main}
CRITICAL - 2021-01-26 03:01:03 --> password_hash() expects parameter 1 to be string, object given
#0 [internal function]: CodeIgniter\Debug\Exceptions->errorHandler(2, 'password_hash()...', 'C:\\Users\\X550JX...', 164, Array)
#1 C:\Users\X550JX\dev\PHP\cidatabase\app\Controllers\Home.php(164): password_hash(Object(App\Entities\User), '2y')
#2 C:\Users\X550JX\dev\PHP\cidatabase\vendor\codeigniter4\framework\system\CodeIgniter.php(918): App\Controllers\Home->tespas()
#3 C:\Users\X550JX\dev\PHP\cidatabase\vendor\codeigniter4\framework\system\CodeIgniter.php(404): CodeIgniter\CodeIgniter->runController(Object(App\Controllers\Home))
#4 C:\Users\X550JX\dev\PHP\cidatabase\vendor\codeigniter4\framework\system\CodeIgniter.php(312): CodeIgniter\CodeIgniter->handleRequest(NULL, Object(Config\Cache), false)
#5 C:\Users\X550JX\dev\PHP\cidatabase\public\index.php(45): CodeIgniter\CodeIgniter->run()
#6 C:\Users\X550JX\dev\PHP\cidatabase\vendor\codeigniter4\framework\system\Commands\Server\rewrite.php(34): require_once('C:\\Users\\X550JX...')
#7 {main}
CRITICAL - 2021-01-26 03:17:13 --> Argument 1 passed to CodeIgniter\Entity::fill() must be of the type array or null, string given, called in C:\Users\X550JX\dev\PHP\cidatabase\app\Controllers\Home.php on line 110
#0 C:\Users\X550JX\dev\PHP\cidatabase\app\Controllers\Home.php(110): CodeIgniter\Entity->fill('UUU1234')
#1 C:\Users\X550JX\dev\PHP\cidatabase\vendor\codeigniter4\framework\system\CodeIgniter.php(918): App\Controllers\Home->register()
#2 C:\Users\X550JX\dev\PHP\cidatabase\vendor\codeigniter4\framework\system\CodeIgniter.php(404): CodeIgniter\CodeIgniter->runController(Object(App\Controllers\Home))
#3 C:\Users\X550JX\dev\PHP\cidatabase\vendor\codeigniter4\framework\system\CodeIgniter.php(312): CodeIgniter\CodeIgniter->handleRequest(NULL, Object(Config\Cache), false)
#4 C:\Users\X550JX\dev\PHP\cidatabase\public\index.php(45): CodeIgniter\CodeIgniter->run()
#5 C:\Users\X550JX\dev\PHP\cidatabase\vendor\codeigniter4\framework\system\Commands\Server\rewrite.php(34): require_once('C:\\Users\\X550JX...')
#6 {main}
CRITICAL - 2021-01-26 03:19:36 --> Argument 1 passed to CodeIgniter\Entity::fill() must be of the type array or null, string given, called in C:\Users\X550JX\dev\PHP\cidatabase\app\Controllers\Home.php on line 110
#0 C:\Users\X550JX\dev\PHP\cidatabase\app\Controllers\Home.php(110): CodeIgniter\Entity->fill('UU123456789')
#1 C:\Users\X550JX\dev\PHP\cidatabase\vendor\codeigniter4\framework\system\CodeIgniter.php(918): App\Controllers\Home->register()
#2 C:\Users\X550JX\dev\PHP\cidatabase\vendor\codeigniter4\framework\system\CodeIgniter.php(404): CodeIgniter\CodeIgniter->runController(Object(App\Controllers\Home))
#3 C:\Users\X550JX\dev\PHP\cidatabase\vendor\codeigniter4\framework\system\CodeIgniter.php(312): CodeIgniter\CodeIgniter->handleRequest(NULL, Object(Config\Cache), false)
#4 C:\Users\X550JX\dev\PHP\cidatabase\public\index.php(45): CodeIgniter\CodeIgniter->run()
#5 C:\Users\X550JX\dev\PHP\cidatabase\vendor\codeigniter4\framework\system\Commands\Server\rewrite.php(34): require_once('C:\\Users\\X550JX...')
#6 {main}
CRITICAL - 2021-01-26 03:23:06 --> Call to a member function save() on null
#0 C:\Users\X550JX\dev\PHP\cidatabase\vendor\codeigniter4\framework\system\CodeIgniter.php(918): App\Controllers\Home->register()
#1 C:\Users\X550JX\dev\PHP\cidatabase\vendor\codeigniter4\framework\system\CodeIgniter.php(404): CodeIgniter\CodeIgniter->runController(Object(App\Controllers\Home))
#2 C:\Users\X550JX\dev\PHP\cidatabase\vendor\codeigniter4\framework\system\CodeIgniter.php(312): CodeIgniter\CodeIgniter->handleRequest(NULL, Object(Config\Cache), false)
#3 C:\Users\X550JX\dev\PHP\cidatabase\public\index.php(45): CodeIgniter\CodeIgniter->run()
#4 C:\Users\X550JX\dev\PHP\cidatabase\vendor\codeigniter4\framework\system\Commands\Server\rewrite.php(34): require_once('C:\\Users\\X550JX...')
#5 {main}
