CRITICAL - 2021-01-20 01:03:16 --> k is not a valid Validation template.
#0 C:\Users\X550JX\dev\PHP\cidatabase\vendor\codeigniter4\framework\system\Validation\Validation.php(544): CodeIgniter\Validation\Exceptions\ValidationException::forInvalidTemplate('k')
#1 C:\Users\X550JX\dev\PHP\cidatabase\app\Views\Signup.php(7): CodeIgniter\Validation\Validation->listErrors('k')
#2 C:\Users\X550JX\dev\PHP\cidatabase\vendor\codeigniter4\framework\system\View\View.php(246): include('C:\\Users\\X550JX...')
#3 C:\Users\X550JX\dev\PHP\cidatabase\vendor\codeigniter4\framework\system\Common.php(1119): CodeIgniter\View\View->render('Signup', Array, true)
#4 C:\Users\X550JX\dev\PHP\cidatabase\app\Controllers\Form.php(21): view('Signup', Array)
#5 C:\Users\X550JX\dev\PHP\cidatabase\vendor\codeigniter4\framework\system\CodeIgniter.php(918): App\Controllers\Form->index()
#6 C:\Users\X550JX\dev\PHP\cidatabase\vendor\codeigniter4\framework\system\CodeIgniter.php(404): CodeIgniter\CodeIgniter->runController(Object(App\Controllers\Form))
#7 C:\Users\X550JX\dev\PHP\cidatabase\vendor\codeigniter4\framework\system\CodeIgniter.php(312): CodeIgniter\CodeIgniter->handleRequest(NULL, Object(Config\Cache), false)
#8 C:\Users\X550JX\dev\PHP\cidatabase\public\index.php(45): CodeIgniter\CodeIgniter->run()
#9 C:\Users\X550JX\dev\PHP\cidatabase\vendor\codeigniter4\framework\system\Commands\Server\rewrite.php(34): require_once('C:\\Users\\X550JX...')
#10 {main}
CRITICAL - 2021-01-20 01:03:19 --> k is not a valid Validation template.
#0 C:\Users\X550JX\dev\PHP\cidatabase\vendor\codeigniter4\framework\system\Validation\Validation.php(544): CodeIgniter\Validation\Exceptions\ValidationException::forInvalidTemplate('k')
#1 C:\Users\X550JX\dev\PHP\cidatabase\app\Views\Signup.php(7): CodeIgniter\Validation\Validation->listErrors('k')
#2 C:\Users\X550JX\dev\PHP\cidatabase\vendor\codeigniter4\framework\system\View\View.php(246): include('C:\\Users\\X550JX...')
#3 C:\Users\X550JX\dev\PHP\cidatabase\vendor\codeigniter4\framework\system\Common.php(1119): CodeIgniter\View\View->render('Signup', Array, true)
#4 C:\Users\X550JX\dev\PHP\cidatabase\app\Controllers\Form.php(21): view('Signup', Array)
#5 C:\Users\X550JX\dev\PHP\cidatabase\vendor\codeigniter4\framework\system\CodeIgniter.php(918): App\Controllers\Form->index()
#6 C:\Users\X550JX\dev\PHP\cidatabase\vendor\codeigniter4\framework\system\CodeIgniter.php(404): CodeIgniter\CodeIgniter->runController(Object(App\Controllers\Form))
#7 C:\Users\X550JX\dev\PHP\cidatabase\vendor\codeigniter4\framework\system\CodeIgniter.php(312): CodeIgniter\CodeIgniter->handleRequest(NULL, Object(Config\Cache), false)
#8 C:\Users\X550JX\dev\PHP\cidatabase\public\index.php(45): CodeIgniter\CodeIgniter->run()
#9 C:\Users\X550JX\dev\PHP\cidatabase\vendor\codeigniter4\framework\system\Commands\Server\rewrite.php(34): require_once('C:\\Users\\X550JX...')
#10 {main}
CRITICAL - 2021-01-20 01:20:08 --> strtr() expects parameter 1 to be string, object given
#0 [internal function]: CodeIgniter\Debug\Exceptions->errorHandler(2, 'strtr() expects...', 'C:\\Users\\X550JX...', 692, Array)
#1 C:\Users\X550JX\dev\PHP\cidatabase\vendor\codeigniter4\framework\system\Validation\Validation.php(692): strtr(Object(CodeIgniter\Validation\Validation), Array)
#2 C:\Users\X550JX\dev\PHP\cidatabase\vendor\codeigniter4\framework\system\Validation\Validation.php(160): CodeIgniter\Validation\Validation->fillPlaceholders(Array, Array)
#3 C:\Users\X550JX\dev\PHP\cidatabase\vendor\codeigniter4\framework\system\Controller.php(219): CodeIgniter\Validation\Validation->run()
#4 C:\Users\X550JX\dev\PHP\cidatabase\app\Controllers\Form.php(15): CodeIgniter\Controller->validate(Array)
#5 C:\Users\X550JX\dev\PHP\cidatabase\vendor\codeigniter4\framework\system\CodeIgniter.php(918): App\Controllers\Form->index()
#6 C:\Users\X550JX\dev\PHP\cidatabase\vendor\codeigniter4\framework\system\CodeIgniter.php(404): CodeIgniter\CodeIgniter->runController(Object(App\Controllers\Form))
#7 C:\Users\X550JX\dev\PHP\cidatabase\vendor\codeigniter4\framework\system\CodeIgniter.php(312): CodeIgniter\CodeIgniter->handleRequest(NULL, Object(Config\Cache), false)
#8 C:\Users\X550JX\dev\PHP\cidatabase\public\index.php(45): CodeIgniter\CodeIgniter->run()
#9 C:\Users\X550JX\dev\PHP\cidatabase\vendor\codeigniter4\framework\system\Commands\Server\rewrite.php(34): require_once('C:\\Users\\X550JX...')
#10 {main}
CRITICAL - 2021-01-20 01:20:29 --> Argument 1 passed to CodeIgniter\Validation\Validation::setRules() must be of the type array, object given, called in C:\Users\X550JX\dev\PHP\cidatabase\vendor\codeigniter4\framework\system\Controller.php on line 218
#0 C:\Users\X550JX\dev\PHP\cidatabase\vendor\codeigniter4\framework\system\Controller.php(218): CodeIgniter\Validation\Validation->setRules(Object(CodeIgniter\Validation\Validation), Array)
#1 C:\Users\X550JX\dev\PHP\cidatabase\app\Controllers\Form.php(15): CodeIgniter\Controller->validate(Object(CodeIgniter\Validation\Validation))
#2 C:\Users\X550JX\dev\PHP\cidatabase\vendor\codeigniter4\framework\system\CodeIgniter.php(918): App\Controllers\Form->index()
#3 C:\Users\X550JX\dev\PHP\cidatabase\vendor\codeigniter4\framework\system\CodeIgniter.php(404): CodeIgniter\CodeIgniter->runController(Object(App\Controllers\Form))
#4 C:\Users\X550JX\dev\PHP\cidatabase\vendor\codeigniter4\framework\system\CodeIgniter.php(312): CodeIgniter\CodeIgniter->handleRequest(NULL, Object(Config\Cache), false)
#5 C:\Users\X550JX\dev\PHP\cidatabase\public\index.php(45): CodeIgniter\CodeIgniter->run()
#6 C:\Users\X550JX\dev\PHP\cidatabase\vendor\codeigniter4\framework\system\Commands\Server\rewrite.php(34): require_once('C:\\Users\\X550JX...')
#7 {main}
CRITICAL - 2021-01-20 01:20:31 --> Argument 1 passed to CodeIgniter\Validation\Validation::setRules() must be of the type array, object given, called in C:\Users\X550JX\dev\PHP\cidatabase\vendor\codeigniter4\framework\system\Controller.php on line 218
#0 C:\Users\X550JX\dev\PHP\cidatabase\vendor\codeigniter4\framework\system\Controller.php(218): CodeIgniter\Validation\Validation->setRules(Object(CodeIgniter\Validation\Validation), Array)
#1 C:\Users\X550JX\dev\PHP\cidatabase\app\Controllers\Form.php(15): CodeIgniter\Controller->validate(Object(CodeIgniter\Validation\Validation))
#2 C:\Users\X550JX\dev\PHP\cidatabase\vendor\codeigniter4\framework\system\CodeIgniter.php(918): App\Controllers\Form->index()
#3 C:\Users\X550JX\dev\PHP\cidatabase\vendor\codeigniter4\framework\system\CodeIgniter.php(404): CodeIgniter\CodeIgniter->runController(Object(App\Controllers\Form))
#4 C:\Users\X550JX\dev\PHP\cidatabase\vendor\codeigniter4\framework\system\CodeIgniter.php(312): CodeIgniter\CodeIgniter->handleRequest(NULL, Object(Config\Cache), false)
#5 C:\Users\X550JX\dev\PHP\cidatabase\public\index.php(45): CodeIgniter\CodeIgniter->run()
#6 C:\Users\X550JX\dev\PHP\cidatabase\vendor\codeigniter4\framework\system\Commands\Server\rewrite.php(34): require_once('C:\\Users\\X550JX...')
#7 {main}
CRITICAL - 2021-01-20 02:52:15 --> Call to undefined function form_open()
#0 C:\Users\X550JX\dev\PHP\cidatabase\vendor\codeigniter4\framework\system\View\View.php(246): include()
#1 C:\Users\X550JX\dev\PHP\cidatabase\vendor\codeigniter4\framework\system\Common.php(1119): CodeIgniter\View\View->render('Signup', Array, true)
#2 C:\Users\X550JX\dev\PHP\cidatabase\app\Controllers\Form.php(18): view('Signup', Array)
#3 C:\Users\X550JX\dev\PHP\cidatabase\vendor\codeigniter4\framework\system\CodeIgniter.php(918): App\Controllers\Form->index()
#4 C:\Users\X550JX\dev\PHP\cidatabase\vendor\codeigniter4\framework\system\CodeIgniter.php(404): CodeIgniter\CodeIgniter->runController(Object(App\Controllers\Form))
#5 C:\Users\X550JX\dev\PHP\cidatabase\vendor\codeigniter4\framework\system\CodeIgniter.php(312): CodeIgniter\CodeIgniter->handleRequest(NULL, Object(Config\Cache), false)
#6 C:\Users\X550JX\dev\PHP\cidatabase\public\index.php(45): CodeIgniter\CodeIgniter->run()
#7 C:\Users\X550JX\dev\PHP\cidatabase\vendor\codeigniter4\framework\system\Commands\Server\rewrite.php(34): require_once('C:\\Users\\X550JX...')
#8 {main}
CRITICAL - 2021-01-20 03:12:55 --> signup is not a valid rule.
#0 C:\Users\X550JX\dev\PHP\cidatabase\vendor\codeigniter4\framework\system\Controller.php(203): CodeIgniter\Validation\Exceptions\ValidationException::forRuleNotFound('signup')
#1 C:\Users\X550JX\dev\PHP\cidatabase\app\Controllers\Form.php(15): CodeIgniter\Controller->validate('signup')
#2 C:\Users\X550JX\dev\PHP\cidatabase\vendor\codeigniter4\framework\system\CodeIgniter.php(918): App\Controllers\Form->index()
#3 C:\Users\X550JX\dev\PHP\cidatabase\vendor\codeigniter4\framework\system\CodeIgniter.php(404): CodeIgniter\CodeIgniter->runController(Object(App\Controllers\Form))
#4 C:\Users\X550JX\dev\PHP\cidatabase\vendor\codeigniter4\framework\system\CodeIgniter.php(312): CodeIgniter\CodeIgniter->handleRequest(NULL, Object(Config\Cache), false)
#5 C:\Users\X550JX\dev\PHP\cidatabase\public\index.php(45): CodeIgniter\CodeIgniter->run()
#6 C:\Users\X550JX\dev\PHP\cidatabase\vendor\codeigniter4\framework\system\Commands\Server\rewrite.php(34): require_once('C:\\Users\\X550JX...')
#7 {main}
CRITICAL - 2021-01-20 03:27:01 --> Object of class CodeIgniter\Validation\Validation could not be converted to string
#0 C:\Users\X550JX\dev\PHP\cidatabase\vendor\codeigniter4\framework\system\View\View.php(246): include()
#1 C:\Users\X550JX\dev\PHP\cidatabase\vendor\codeigniter4\framework\system\Common.php(1119): CodeIgniter\View\View->render('Signup', Array, true)
#2 C:\Users\X550JX\dev\PHP\cidatabase\app\Controllers\Form.php(16): view('Signup', Array)
#3 C:\Users\X550JX\dev\PHP\cidatabase\vendor\codeigniter4\framework\system\CodeIgniter.php(918): App\Controllers\Form->index()
#4 C:\Users\X550JX\dev\PHP\cidatabase\vendor\codeigniter4\framework\system\CodeIgniter.php(404): CodeIgniter\CodeIgniter->runController(Object(App\Controllers\Form))
#5 C:\Users\X550JX\dev\PHP\cidatabase\vendor\codeigniter4\framework\system\CodeIgniter.php(312): CodeIgniter\CodeIgniter->handleRequest(NULL, Object(Config\Cache), false)
#6 C:\Users\X550JX\dev\PHP\cidatabase\public\index.php(45): CodeIgniter\CodeIgniter->run()
#7 C:\Users\X550JX\dev\PHP\cidatabase\vendor\codeigniter4\framework\system\Commands\Server\rewrite.php(34): require_once('C:\\Users\\X550JX...')
#8 {main}
CRITICAL - 2021-01-20 03:30:29 --> Call to a member function listErrors() on null
#0 C:\Users\X550JX\dev\PHP\cidatabase\vendor\codeigniter4\framework\system\View\View.php(246): include()
#1 C:\Users\X550JX\dev\PHP\cidatabase\vendor\codeigniter4\framework\system\Common.php(1119): CodeIgniter\View\View->render('Signup', Array, true)
#2 C:\Users\X550JX\dev\PHP\cidatabase\app\Controllers\Form.php(16): view('Signup', Array)
#3 C:\Users\X550JX\dev\PHP\cidatabase\vendor\codeigniter4\framework\system\CodeIgniter.php(918): App\Controllers\Form->index()
#4 C:\Users\X550JX\dev\PHP\cidatabase\vendor\codeigniter4\framework\system\CodeIgniter.php(404): CodeIgniter\CodeIgniter->runController(Object(App\Controllers\Form))
#5 C:\Users\X550JX\dev\PHP\cidatabase\vendor\codeigniter4\framework\system\CodeIgniter.php(312): CodeIgniter\CodeIgniter->handleRequest(NULL, Object(Config\Cache), false)
#6 C:\Users\X550JX\dev\PHP\cidatabase\public\index.php(45): CodeIgniter\CodeIgniter->run()
#7 C:\Users\X550JX\dev\PHP\cidatabase\vendor\codeigniter4\framework\system\Commands\Server\rewrite.php(34): require_once('C:\\Users\\X550JX...')
#8 {main}
CRITICAL - 2021-01-20 03:30:36 --> Call to a member function listErrors() on null
#0 C:\Users\X550JX\dev\PHP\cidatabase\vendor\codeigniter4\framework\system\View\View.php(246): include()
#1 C:\Users\X550JX\dev\PHP\cidatabase\vendor\codeigniter4\framework\system\Common.php(1119): CodeIgniter\View\View->render('Signup', Array, true)
#2 C:\Users\X550JX\dev\PHP\cidatabase\app\Controllers\Form.php(16): view('Signup', Array)
#3 C:\Users\X550JX\dev\PHP\cidatabase\vendor\codeigniter4\framework\system\CodeIgniter.php(918): App\Controllers\Form->index()
#4 C:\Users\X550JX\dev\PHP\cidatabase\vendor\codeigniter4\framework\system\CodeIgniter.php(404): CodeIgniter\CodeIgniter->runController(Object(App\Controllers\Form))
#5 C:\Users\X550JX\dev\PHP\cidatabase\vendor\codeigniter4\framework\system\CodeIgniter.php(312): CodeIgniter\CodeIgniter->handleRequest(NULL, Object(Config\Cache), false)
#6 C:\Users\X550JX\dev\PHP\cidatabase\public\index.php(45): CodeIgniter\CodeIgniter->run()
#7 C:\Users\X550JX\dev\PHP\cidatabase\vendor\codeigniter4\framework\system\Commands\Server\rewrite.php(34): require_once('C:\\Users\\X550JX...')
#8 {main}
CRITICAL - 2021-01-20 03:31:10 --> Call to a member function listErrors() on null
#0 C:\Users\X550JX\dev\PHP\cidatabase\vendor\codeigniter4\framework\system\View\View.php(246): include()
#1 C:\Users\X550JX\dev\PHP\cidatabase\vendor\codeigniter4\framework\system\Common.php(1119): CodeIgniter\View\View->render('Signup', Array, true)
#2 C:\Users\X550JX\dev\PHP\cidatabase\app\Controllers\Form.php(16): view('Signup', Array)
#3 C:\Users\X550JX\dev\PHP\cidatabase\vendor\codeigniter4\framework\system\CodeIgniter.php(918): App\Controllers\Form->index()
#4 C:\Users\X550JX\dev\PHP\cidatabase\vendor\codeigniter4\framework\system\CodeIgniter.php(404): CodeIgniter\CodeIgniter->runController(Object(App\Controllers\Form))
#5 C:\Users\X550JX\dev\PHP\cidatabase\vendor\codeigniter4\framework\system\CodeIgniter.php(312): CodeIgniter\CodeIgniter->handleRequest(NULL, Object(Config\Cache), false)
#6 C:\Users\X550JX\dev\PHP\cidatabase\public\index.php(45): CodeIgniter\CodeIgniter->run()
#7 C:\Users\X550JX\dev\PHP\cidatabase\vendor\codeigniter4\framework\system\Commands\Server\rewrite.php(34): require_once('C:\\Users\\X550JX...')
#8 {main}
CRITICAL - 2021-01-20 03:31:13 --> Call to a member function listErrors() on null
#0 C:\Users\X550JX\dev\PHP\cidatabase\vendor\codeigniter4\framework\system\View\View.php(246): include()
#1 C:\Users\X550JX\dev\PHP\cidatabase\vendor\codeigniter4\framework\system\Common.php(1119): CodeIgniter\View\View->render('Signup', Array, true)
#2 C:\Users\X550JX\dev\PHP\cidatabase\app\Controllers\Form.php(16): view('Signup', Array)
#3 C:\Users\X550JX\dev\PHP\cidatabase\vendor\codeigniter4\framework\system\CodeIgniter.php(918): App\Controllers\Form->index()
#4 C:\Users\X550JX\dev\PHP\cidatabase\vendor\codeigniter4\framework\system\CodeIgniter.php(404): CodeIgniter\CodeIgniter->runController(Object(App\Controllers\Form))
#5 C:\Users\X550JX\dev\PHP\cidatabase\vendor\codeigniter4\framework\system\CodeIgniter.php(312): CodeIgniter\CodeIgniter->handleRequest(NULL, Object(Config\Cache), false)
#6 C:\Users\X550JX\dev\PHP\cidatabase\public\index.php(45): CodeIgniter\CodeIgniter->run()
#7 C:\Users\X550JX\dev\PHP\cidatabase\vendor\codeigniter4\framework\system\Commands\Server\rewrite.php(34): require_once('C:\\Users\\X550JX...')
#8 {main}
CRITICAL - 2021-01-20 03:31:16 --> Call to a member function listErrors() on null
#0 C:\Users\X550JX\dev\PHP\cidatabase\vendor\codeigniter4\framework\system\View\View.php(246): include()
#1 C:\Users\X550JX\dev\PHP\cidatabase\vendor\codeigniter4\framework\system\Common.php(1119): CodeIgniter\View\View->render('Signup', Array, true)
#2 C:\Users\X550JX\dev\PHP\cidatabase\app\Controllers\Form.php(16): view('Signup', Array)
#3 C:\Users\X550JX\dev\PHP\cidatabase\vendor\codeigniter4\framework\system\CodeIgniter.php(918): App\Controllers\Form->index()
#4 C:\Users\X550JX\dev\PHP\cidatabase\vendor\codeigniter4\framework\system\CodeIgniter.php(404): CodeIgniter\CodeIgniter->runController(Object(App\Controllers\Form))
#5 C:\Users\X550JX\dev\PHP\cidatabase\vendor\codeigniter4\framework\system\CodeIgniter.php(312): CodeIgniter\CodeIgniter->handleRequest(NULL, Object(Config\Cache), false)
#6 C:\Users\X550JX\dev\PHP\cidatabase\public\index.php(45): CodeIgniter\CodeIgniter->run()
#7 C:\Users\X550JX\dev\PHP\cidatabase\vendor\codeigniter4\framework\system\Commands\Server\rewrite.php(34): require_once('C:\\Users\\X550JX...')
#8 {main}
CRITICAL - 2021-01-20 03:31:43 --> signup is not a valid rule.
#0 C:\Users\X550JX\dev\PHP\cidatabase\vendor\codeigniter4\framework\system\Controller.php(203): CodeIgniter\Validation\Exceptions\ValidationException::forRuleNotFound('signup')
#1 C:\Users\X550JX\dev\PHP\cidatabase\app\Controllers\Form.php(16): CodeIgniter\Controller->validate('signup')
#2 C:\Users\X550JX\dev\PHP\cidatabase\vendor\codeigniter4\framework\system\CodeIgniter.php(918): App\Controllers\Form->index()
#3 C:\Users\X550JX\dev\PHP\cidatabase\vendor\codeigniter4\framework\system\CodeIgniter.php(404): CodeIgniter\CodeIgniter->runController(Object(App\Controllers\Form))
#4 C:\Users\X550JX\dev\PHP\cidatabase\vendor\codeigniter4\framework\system\CodeIgniter.php(312): CodeIgniter\CodeIgniter->handleRequest(NULL, Object(Config\Cache), false)
#5 C:\Users\X550JX\dev\PHP\cidatabase\public\index.php(45): CodeIgniter\CodeIgniter->run()
#6 C:\Users\X550JX\dev\PHP\cidatabase\vendor\codeigniter4\framework\system\Commands\Server\rewrite.php(34): require_once('C:\\Users\\X550JX...')
#7 {main}
CRITICAL - 2021-01-20 03:34:21 --> Call to a member function listErrors() on null
#0 C:\Users\X550JX\dev\PHP\cidatabase\vendor\codeigniter4\framework\system\View\View.php(246): include()
#1 C:\Users\X550JX\dev\PHP\cidatabase\vendor\codeigniter4\framework\system\Common.php(1119): CodeIgniter\View\View->render('Signup', Array, true)
#2 C:\Users\X550JX\dev\PHP\cidatabase\app\Controllers\Form.php(16): view('Signup', Array)
#3 C:\Users\X550JX\dev\PHP\cidatabase\vendor\codeigniter4\framework\system\CodeIgniter.php(918): App\Controllers\Form->index()
#4 C:\Users\X550JX\dev\PHP\cidatabase\vendor\codeigniter4\framework\system\CodeIgniter.php(404): CodeIgniter\CodeIgniter->runController(Object(App\Controllers\Form))
#5 C:\Users\X550JX\dev\PHP\cidatabase\vendor\codeigniter4\framework\system\CodeIgniter.php(312): CodeIgniter\CodeIgniter->handleRequest(NULL, Object(Config\Cache), false)
#6 C:\Users\X550JX\dev\PHP\cidatabase\public\index.php(45): CodeIgniter\CodeIgniter->run()
#7 C:\Users\X550JX\dev\PHP\cidatabase\vendor\codeigniter4\framework\system\Commands\Server\rewrite.php(34): require_once('C:\\Users\\X550JX...')
#8 {main}
CRITICAL - 2021-01-20 04:00:22 --> Signup is not a valid rule.
#0 C:\Users\X550JX\dev\PHP\cidatabase\vendor\codeigniter4\framework\system\Controller.php(203): CodeIgniter\Validation\Exceptions\ValidationException::forRuleNotFound('Signup')
#1 C:\Users\X550JX\dev\PHP\cidatabase\app\Controllers\Form.php(18): CodeIgniter\Controller->validate('Signup')
#2 C:\Users\X550JX\dev\PHP\cidatabase\vendor\codeigniter4\framework\system\CodeIgniter.php(918): App\Controllers\Form->index()
#3 C:\Users\X550JX\dev\PHP\cidatabase\vendor\codeigniter4\framework\system\CodeIgniter.php(404): CodeIgniter\CodeIgniter->runController(Object(App\Controllers\Form))
#4 C:\Users\X550JX\dev\PHP\cidatabase\vendor\codeigniter4\framework\system\CodeIgniter.php(312): CodeIgniter\CodeIgniter->handleRequest(NULL, Object(Config\Cache), false)
#5 C:\Users\X550JX\dev\PHP\cidatabase\public\index.php(45): CodeIgniter\CodeIgniter->run()
#6 C:\Users\X550JX\dev\PHP\cidatabase\vendor\codeigniter4\framework\system\Commands\Server\rewrite.php(34): require_once('C:\\Users\\X550JX...')
#7 {main}
CRITICAL - 2021-01-20 04:00:37 --> signup is not a valid rule.
#0 C:\Users\X550JX\dev\PHP\cidatabase\vendor\codeigniter4\framework\system\Controller.php(203): CodeIgniter\Validation\Exceptions\ValidationException::forRuleNotFound('signup')
#1 C:\Users\X550JX\dev\PHP\cidatabase\app\Controllers\Form.php(18): CodeIgniter\Controller->validate('signup')
#2 C:\Users\X550JX\dev\PHP\cidatabase\vendor\codeigniter4\framework\system\CodeIgniter.php(918): App\Controllers\Form->index()
#3 C:\Users\X550JX\dev\PHP\cidatabase\vendor\codeigniter4\framework\system\CodeIgniter.php(404): CodeIgniter\CodeIgniter->runController(Object(App\Controllers\Form))
#4 C:\Users\X550JX\dev\PHP\cidatabase\vendor\codeigniter4\framework\system\CodeIgniter.php(312): CodeIgniter\CodeIgniter->handleRequest(NULL, Object(Config\Cache), false)
#5 C:\Users\X550JX\dev\PHP\cidatabase\public\index.php(45): CodeIgniter\CodeIgniter->run()
#6 C:\Users\X550JX\dev\PHP\cidatabase\vendor\codeigniter4\framework\system\Commands\Server\rewrite.php(34): require_once('C:\\Users\\X550JX...')
#7 {main}
CRITICAL - 2021-01-20 04:00:59 --> signup is not a valid rule.
#0 C:\Users\X550JX\dev\PHP\cidatabase\vendor\codeigniter4\framework\system\Controller.php(203): CodeIgniter\Validation\Exceptions\ValidationException::forRuleNotFound('signup')
#1 C:\Users\X550JX\dev\PHP\cidatabase\app\Controllers\Form.php(18): CodeIgniter\Controller->validate('signup')
#2 C:\Users\X550JX\dev\PHP\cidatabase\vendor\codeigniter4\framework\system\CodeIgniter.php(918): App\Controllers\Form->index()
#3 C:\Users\X550JX\dev\PHP\cidatabase\vendor\codeigniter4\framework\system\CodeIgniter.php(404): CodeIgniter\CodeIgniter->runController(Object(App\Controllers\Form))
#4 C:\Users\X550JX\dev\PHP\cidatabase\vendor\codeigniter4\framework\system\CodeIgniter.php(312): CodeIgniter\CodeIgniter->handleRequest(NULL, Object(Config\Cache), false)
#5 C:\Users\X550JX\dev\PHP\cidatabase\public\index.php(45): CodeIgniter\CodeIgniter->run()
#6 C:\Users\X550JX\dev\PHP\cidatabase\vendor\codeigniter4\framework\system\Commands\Server\rewrite.php(34): require_once('C:\\Users\\X550JX...')
#7 {main}
