CRITICAL - 2021-01-16 01:11:36 --> Invalid file: news/view.php
#0 C:\Users\X550JX\dev\PHP\cidatabase\vendor\codeigniter4\framework\system\View\View.php(228): CodeIgniter\Exceptions\FrameworkException::forInvalidFile('news/view.php')
#1 C:\Users\X550JX\dev\PHP\cidatabase\vendor\codeigniter4\framework\system\Common.php(1119): CodeIgniter\View\View->render('news/view', Array, true)
#2 C:\Users\X550JX\dev\PHP\cidatabase\app\Controllers\News.php(31): view('news/view', Array)
#3 C:\Users\X550JX\dev\PHP\cidatabase\vendor\codeigniter4\framework\system\CodeIgniter.php(918): App\Controllers\News->view('elvis-sighted')
#4 C:\Users\X550JX\dev\PHP\cidatabase\vendor\codeigniter4\framework\system\CodeIgniter.php(404): CodeIgniter\CodeIgniter->runController(Object(App\Controllers\News))
#5 C:\Users\X550JX\dev\PHP\cidatabase\vendor\codeigniter4\framework\system\CodeIgniter.php(312): CodeIgniter\CodeIgniter->handleRequest(NULL, Object(Config\Cache), false)
#6 C:\Users\X550JX\dev\PHP\cidatabase\public\index.php(45): CodeIgniter\CodeIgniter->run()
#7 C:\Users\X550JX\dev\PHP\cidatabase\vendor\codeigniter4\framework\system\Commands\Server\rewrite.php(34): require_once('C:\\Users\\X550JX...')
#8 {main}
CRITICAL - 2021-01-16 01:11:43 --> Invalid file: news/view.php
#0 C:\Users\X550JX\dev\PHP\cidatabase\vendor\codeigniter4\framework\system\View\View.php(228): CodeIgniter\Exceptions\FrameworkException::forInvalidFile('news/view.php')
#1 C:\Users\X550JX\dev\PHP\cidatabase\vendor\codeigniter4\framework\system\Common.php(1119): CodeIgniter\View\View->render('news/view', Array, true)
#2 C:\Users\X550JX\dev\PHP\cidatabase\app\Controllers\News.php(31): view('news/view', Array)
#3 C:\Users\X550JX\dev\PHP\cidatabase\vendor\codeigniter4\framework\system\CodeIgniter.php(918): App\Controllers\News->view('say-it-isnt-so')
#4 C:\Users\X550JX\dev\PHP\cidatabase\vendor\codeigniter4\framework\system\CodeIgniter.php(404): CodeIgniter\CodeIgniter->runController(Object(App\Controllers\News))
#5 C:\Users\X550JX\dev\PHP\cidatabase\vendor\codeigniter4\framework\system\CodeIgniter.php(312): CodeIgniter\CodeIgniter->handleRequest(NULL, Object(Config\Cache), false)
#6 C:\Users\X550JX\dev\PHP\cidatabase\public\index.php(45): CodeIgniter\CodeIgniter->run()
#7 C:\Users\X550JX\dev\PHP\cidatabase\vendor\codeigniter4\framework\system\Commands\Server\rewrite.php(34): require_once('C:\\Users\\X550JX...')
#8 {main}
