CRITICAL - 2021-02-25 01:08:29 --> Illegal string offset 'buy'
#0 C:\xampp\htdocs\CI_new\app\Controllers\Home.php(169): CodeIgniter\Debug\Exceptions->errorHandler()
#1 C:\xampp\htdocs\CI_new\vendor\codeigniter4\framework\system\CodeIgniter.php(918): App\Controllers\Home->buycar()
#2 C:\xampp\htdocs\CI_new\vendor\codeigniter4\framework\system\CodeIgniter.php(404): CodeIgniter\CodeIgniter->runController()
#3 C:\xampp\htdocs\CI_new\vendor\codeigniter4\framework\system\CodeIgniter.php(312): CodeIgniter\CodeIgniter->handleRequest()
#4 C:\xampp\htdocs\CI_new\public\index.php(45): CodeIgniter\CodeIgniter->run()
#5 C:\xampp\htdocs\CI_new\vendor\codeigniter4\framework\system\Commands\Server\rewrite.php(34): require_once('C:\\xampp\\htdocs...')
#6 {main}
CRITICAL - 2021-02-25 02:25:19 --> Invalid argument supplied for foreach()
#0 C:\xampp\htdocs\CI_new\app\Controllers\Home.php(171): CodeIgniter\Debug\Exceptions->errorHandler()
#1 C:\xampp\htdocs\CI_new\vendor\codeigniter4\framework\system\CodeIgniter.php(918): App\Controllers\Home->buycar()
#2 C:\xampp\htdocs\CI_new\vendor\codeigniter4\framework\system\CodeIgniter.php(404): CodeIgniter\CodeIgniter->runController()
#3 C:\xampp\htdocs\CI_new\vendor\codeigniter4\framework\system\CodeIgniter.php(312): CodeIgniter\CodeIgniter->handleRequest()
#4 C:\xampp\htdocs\CI_new\public\index.php(45): CodeIgniter\CodeIgniter->run()
#5 C:\xampp\htdocs\CI_new\vendor\codeigniter4\framework\system\Commands\Server\rewrite.php(34): require_once('C:\\xampp\\htdocs...')
#6 {main}
CRITICAL - 2021-02-25 02:46:56 --> array_flip(): Can only flip STRING and INTEGER values!
#0 [internal function]: CodeIgniter\Debug\Exceptions->errorHandler()
#1 C:\xampp\htdocs\CI_new\app\Controllers\Home.php(168): array_flip()
#2 C:\xampp\htdocs\CI_new\vendor\codeigniter4\framework\system\CodeIgniter.php(918): App\Controllers\Home->buycar()
#3 C:\xampp\htdocs\CI_new\vendor\codeigniter4\framework\system\CodeIgniter.php(404): CodeIgniter\CodeIgniter->runController()
#4 C:\xampp\htdocs\CI_new\vendor\codeigniter4\framework\system\CodeIgniter.php(312): CodeIgniter\CodeIgniter->handleRequest()
#5 C:\xampp\htdocs\CI_new\public\index.php(45): CodeIgniter\CodeIgniter->run()
#6 C:\xampp\htdocs\CI_new\vendor\codeigniter4\framework\system\Commands\Server\rewrite.php(34): require_once('C:\\xampp\\htdocs...')
#7 {main}
CRITICAL - 2021-02-25 02:48:08 --> array_flip() expects parameter 1 to be array, null given
#0 [internal function]: CodeIgniter\Debug\Exceptions->errorHandler()
#1 C:\xampp\htdocs\CI_new\app\Controllers\Home.php(161): array_flip()
#2 C:\xampp\htdocs\CI_new\vendor\codeigniter4\framework\system\CodeIgniter.php(918): App\Controllers\Home->buycar()
#3 C:\xampp\htdocs\CI_new\vendor\codeigniter4\framework\system\CodeIgniter.php(404): CodeIgniter\CodeIgniter->runController()
#4 C:\xampp\htdocs\CI_new\vendor\codeigniter4\framework\system\CodeIgniter.php(312): CodeIgniter\CodeIgniter->handleRequest()
#5 C:\xampp\htdocs\CI_new\public\index.php(45): CodeIgniter\CodeIgniter->run()
#6 C:\xampp\htdocs\CI_new\vendor\codeigniter4\framework\system\Commands\Server\rewrite.php(34): require_once('C:\\xampp\\htdocs...')
#7 {main}
CRITICAL - 2021-02-25 02:48:43 --> array_flip(): Can only flip STRING and INTEGER values!
#0 [internal function]: CodeIgniter\Debug\Exceptions->errorHandler()
#1 C:\xampp\htdocs\CI_new\app\Controllers\Home.php(177): array_flip()
#2 C:\xampp\htdocs\CI_new\vendor\codeigniter4\framework\system\CodeIgniter.php(918): App\Controllers\Home->buycar()
#3 C:\xampp\htdocs\CI_new\vendor\codeigniter4\framework\system\CodeIgniter.php(404): CodeIgniter\CodeIgniter->runController()
#4 C:\xampp\htdocs\CI_new\vendor\codeigniter4\framework\system\CodeIgniter.php(312): CodeIgniter\CodeIgniter->handleRequest()
#5 C:\xampp\htdocs\CI_new\public\index.php(45): CodeIgniter\CodeIgniter->run()
#6 C:\xampp\htdocs\CI_new\vendor\codeigniter4\framework\system\Commands\Server\rewrite.php(34): require_once('C:\\xampp\\htdocs...')
#7 {main}
CRITICAL - 2021-02-25 02:50:32 --> array_flip(): Can only flip STRING and INTEGER values!
#0 [internal function]: CodeIgniter\Debug\Exceptions->errorHandler()
#1 C:\xampp\htdocs\CI_new\app\Controllers\Home.php(177): array_flip()
#2 C:\xampp\htdocs\CI_new\vendor\codeigniter4\framework\system\CodeIgniter.php(918): App\Controllers\Home->buycar()
#3 C:\xampp\htdocs\CI_new\vendor\codeigniter4\framework\system\CodeIgniter.php(404): CodeIgniter\CodeIgniter->runController()
#4 C:\xampp\htdocs\CI_new\vendor\codeigniter4\framework\system\CodeIgniter.php(312): CodeIgniter\CodeIgniter->handleRequest()
#5 C:\xampp\htdocs\CI_new\public\index.php(45): CodeIgniter\CodeIgniter->run()
#6 C:\xampp\htdocs\CI_new\vendor\codeigniter4\framework\system\Commands\Server\rewrite.php(34): require_once('C:\\xampp\\htdocs...')
#7 {main}
CRITICAL - 2021-02-25 02:50:47 --> array_flip(): Can only flip STRING and INTEGER values!
#0 [internal function]: CodeIgniter\Debug\Exceptions->errorHandler()
#1 C:\xampp\htdocs\CI_new\app\Controllers\Home.php(177): array_flip()
#2 C:\xampp\htdocs\CI_new\vendor\codeigniter4\framework\system\CodeIgniter.php(918): App\Controllers\Home->buycar()
#3 C:\xampp\htdocs\CI_new\vendor\codeigniter4\framework\system\CodeIgniter.php(404): CodeIgniter\CodeIgniter->runController()
#4 C:\xampp\htdocs\CI_new\vendor\codeigniter4\framework\system\CodeIgniter.php(312): CodeIgniter\CodeIgniter->handleRequest()
#5 C:\xampp\htdocs\CI_new\public\index.php(45): CodeIgniter\CodeIgniter->run()
#6 C:\xampp\htdocs\CI_new\vendor\codeigniter4\framework\system\Commands\Server\rewrite.php(34): require_once('C:\\xampp\\htdocs...')
#7 {main}
CRITICAL - 2021-02-25 02:54:04 --> array_push() expects parameter 1 to be array, null given
#0 [internal function]: CodeIgniter\Debug\Exceptions->errorHandler()
#1 C:\xampp\htdocs\CI_new\app\Controllers\Home.php(170): array_push()
#2 C:\xampp\htdocs\CI_new\vendor\codeigniter4\framework\system\CodeIgniter.php(918): App\Controllers\Home->buycar()
#3 C:\xampp\htdocs\CI_new\vendor\codeigniter4\framework\system\CodeIgniter.php(404): CodeIgniter\CodeIgniter->runController()
#4 C:\xampp\htdocs\CI_new\vendor\codeigniter4\framework\system\CodeIgniter.php(312): CodeIgniter\CodeIgniter->handleRequest()
#5 C:\xampp\htdocs\CI_new\public\index.php(45): CodeIgniter\CodeIgniter->run()
#6 C:\xampp\htdocs\CI_new\vendor\codeigniter4\framework\system\Commands\Server\rewrite.php(34): require_once('C:\\xampp\\htdocs...')
#7 {main}
CRITICAL - 2021-02-25 02:55:15 --> Unsupported operand types
#0 C:\xampp\htdocs\CI_new\vendor\codeigniter4\framework\system\CodeIgniter.php(918): App\Controllers\Home->buycar()
#1 C:\xampp\htdocs\CI_new\vendor\codeigniter4\framework\system\CodeIgniter.php(404): CodeIgniter\CodeIgniter->runController()
#2 C:\xampp\htdocs\CI_new\vendor\codeigniter4\framework\system\CodeIgniter.php(312): CodeIgniter\CodeIgniter->handleRequest()
#3 C:\xampp\htdocs\CI_new\public\index.php(45): CodeIgniter\CodeIgniter->run()
#4 C:\xampp\htdocs\CI_new\vendor\codeigniter4\framework\system\Commands\Server\rewrite.php(34): require_once('C:\\xampp\\htdocs...')
#5 {main}
CRITICAL - 2021-02-25 03:22:49 --> syntax error, unexpected '/'
#0 C:\xampp\htdocs\CI_new\vendor\codeigniter4\framework\system\Autoloader\Autoloader.php(296): CodeIgniter\Autoloader\Autoloader->requireFile()
#1 C:\xampp\htdocs\CI_new\vendor\codeigniter4\framework\system\Autoloader\Autoloader.php(258): CodeIgniter\Autoloader\Autoloader->loadInNamespace()
#2 [internal function]: CodeIgniter\Autoloader\Autoloader->loadClass()
#3 [internal function]: spl_autoload_call()
#4 C:\xampp\htdocs\CI_new\vendor\codeigniter4\framework\system\CodeIgniter.php(869): class_exists()
#5 C:\xampp\htdocs\CI_new\vendor\codeigniter4\framework\system\CodeIgniter.php(394): CodeIgniter\CodeIgniter->startController()
#6 C:\xampp\htdocs\CI_new\vendor\codeigniter4\framework\system\CodeIgniter.php(312): CodeIgniter\CodeIgniter->handleRequest()
#7 C:\xampp\htdocs\CI_new\public\index.php(45): CodeIgniter\CodeIgniter->run()
#8 C:\xampp\htdocs\CI_new\vendor\codeigniter4\framework\system\Commands\Server\rewrite.php(34): require_once('C:\\xampp\\htdocs...')
#9 {main}
CRITICAL - 2021-02-25 03:31:47 --> array_key_exists() expects parameter 2 to be array, null given
#0 [internal function]: CodeIgniter\Debug\Exceptions->errorHandler()
#1 C:\xampp\htdocs\CI_new\app\Controllers\Home.php(168): array_key_exists()
#2 C:\xampp\htdocs\CI_new\vendor\codeigniter4\framework\system\CodeIgniter.php(918): App\Controllers\Home->buycar()
#3 C:\xampp\htdocs\CI_new\vendor\codeigniter4\framework\system\CodeIgniter.php(404): CodeIgniter\CodeIgniter->runController()
#4 C:\xampp\htdocs\CI_new\vendor\codeigniter4\framework\system\CodeIgniter.php(312): CodeIgniter\CodeIgniter->handleRequest()
#5 C:\xampp\htdocs\CI_new\public\index.php(45): CodeIgniter\CodeIgniter->run()
#6 C:\xampp\htdocs\CI_new\vendor\codeigniter4\framework\system\Commands\Server\rewrite.php(34): require_once('C:\\xampp\\htdocs...')
#7 {main}
CRITICAL - 2021-02-25 03:31:48 --> array_key_exists() expects parameter 2 to be array, null given
#0 [internal function]: CodeIgniter\Debug\Exceptions->errorHandler()
#1 C:\xampp\htdocs\CI_new\app\Controllers\Home.php(168): array_key_exists()
#2 C:\xampp\htdocs\CI_new\vendor\codeigniter4\framework\system\CodeIgniter.php(918): App\Controllers\Home->buycar()
#3 C:\xampp\htdocs\CI_new\vendor\codeigniter4\framework\system\CodeIgniter.php(404): CodeIgniter\CodeIgniter->runController()
#4 C:\xampp\htdocs\CI_new\vendor\codeigniter4\framework\system\CodeIgniter.php(312): CodeIgniter\CodeIgniter->handleRequest()
#5 C:\xampp\htdocs\CI_new\public\index.php(45): CodeIgniter\CodeIgniter->run()
#6 C:\xampp\htdocs\CI_new\vendor\codeigniter4\framework\system\Commands\Server\rewrite.php(34): require_once('C:\\xampp\\htdocs...')
#7 {main}
CRITICAL - 2021-02-25 04:01:01 --> array_flip(): Can only flip STRING and INTEGER values!
#0 [internal function]: CodeIgniter\Debug\Exceptions->errorHandler()
#1 C:\xampp\htdocs\CI_new\app\Controllers\Home.php(168): array_flip()
#2 C:\xampp\htdocs\CI_new\vendor\codeigniter4\framework\system\CodeIgniter.php(918): App\Controllers\Home->buycar()
#3 C:\xampp\htdocs\CI_new\vendor\codeigniter4\framework\system\CodeIgniter.php(404): CodeIgniter\CodeIgniter->runController()
#4 C:\xampp\htdocs\CI_new\vendor\codeigniter4\framework\system\CodeIgniter.php(312): CodeIgniter\CodeIgniter->handleRequest()
#5 C:\xampp\htdocs\CI_new\public\index.php(45): CodeIgniter\CodeIgniter->run()
#6 C:\xampp\htdocs\CI_new\vendor\codeigniter4\framework\system\Commands\Server\rewrite.php(34): require_once('C:\\xampp\\htdocs...')
#7 {main}
CRITICAL - 2021-02-25 04:01:06 --> array_flip(): Can only flip STRING and INTEGER values!
#0 [internal function]: CodeIgniter\Debug\Exceptions->errorHandler()
#1 C:\xampp\htdocs\CI_new\app\Controllers\Home.php(168): array_flip()
#2 C:\xampp\htdocs\CI_new\vendor\codeigniter4\framework\system\CodeIgniter.php(918): App\Controllers\Home->buycar()
#3 C:\xampp\htdocs\CI_new\vendor\codeigniter4\framework\system\CodeIgniter.php(404): CodeIgniter\CodeIgniter->runController()
#4 C:\xampp\htdocs\CI_new\vendor\codeigniter4\framework\system\CodeIgniter.php(312): CodeIgniter\CodeIgniter->handleRequest()
#5 C:\xampp\htdocs\CI_new\public\index.php(45): CodeIgniter\CodeIgniter->run()
#6 C:\xampp\htdocs\CI_new\vendor\codeigniter4\framework\system\Commands\Server\rewrite.php(34): require_once('C:\\xampp\\htdocs...')
#7 {main}
CRITICAL - 2021-02-25 04:01:45 --> array_flip(): Can only flip STRING and INTEGER values!
#0 [internal function]: CodeIgniter\Debug\Exceptions->errorHandler()
#1 C:\xampp\htdocs\CI_new\app\Controllers\Home.php(168): array_flip()
#2 C:\xampp\htdocs\CI_new\vendor\codeigniter4\framework\system\CodeIgniter.php(918): App\Controllers\Home->buycar()
#3 C:\xampp\htdocs\CI_new\vendor\codeigniter4\framework\system\CodeIgniter.php(404): CodeIgniter\CodeIgniter->runController()
#4 C:\xampp\htdocs\CI_new\vendor\codeigniter4\framework\system\CodeIgniter.php(312): CodeIgniter\CodeIgniter->handleRequest()
#5 C:\xampp\htdocs\CI_new\public\index.php(45): CodeIgniter\CodeIgniter->run()
#6 C:\xampp\htdocs\CI_new\vendor\codeigniter4\framework\system\Commands\Server\rewrite.php(34): require_once('C:\\xampp\\htdocs...')
#7 {main}
CRITICAL - 2021-02-25 04:02:20 --> array_flip(): Can only flip STRING and INTEGER values!
#0 [internal function]: CodeIgniter\Debug\Exceptions->errorHandler()
#1 C:\xampp\htdocs\CI_new\app\Controllers\Home.php(168): array_flip()
#2 C:\xampp\htdocs\CI_new\vendor\codeigniter4\framework\system\CodeIgniter.php(918): App\Controllers\Home->buycar()
#3 C:\xampp\htdocs\CI_new\vendor\codeigniter4\framework\system\CodeIgniter.php(404): CodeIgniter\CodeIgniter->runController()
#4 C:\xampp\htdocs\CI_new\vendor\codeigniter4\framework\system\CodeIgniter.php(312): CodeIgniter\CodeIgniter->handleRequest()
#5 C:\xampp\htdocs\CI_new\public\index.php(45): CodeIgniter\CodeIgniter->run()
#6 C:\xampp\htdocs\CI_new\vendor\codeigniter4\framework\system\Commands\Server\rewrite.php(34): require_once('C:\\xampp\\htdocs...')
#7 {main}
CRITICAL - 2021-02-25 04:03:15 --> array_flip(): Can only flip STRING and INTEGER values!
#0 [internal function]: CodeIgniter\Debug\Exceptions->errorHandler()
#1 C:\xampp\htdocs\CI_new\app\Controllers\Home.php(168): array_flip()
#2 C:\xampp\htdocs\CI_new\vendor\codeigniter4\framework\system\CodeIgniter.php(918): App\Controllers\Home->buycar()
#3 C:\xampp\htdocs\CI_new\vendor\codeigniter4\framework\system\CodeIgniter.php(404): CodeIgniter\CodeIgniter->runController()
#4 C:\xampp\htdocs\CI_new\vendor\codeigniter4\framework\system\CodeIgniter.php(312): CodeIgniter\CodeIgniter->handleRequest()
#5 C:\xampp\htdocs\CI_new\public\index.php(45): CodeIgniter\CodeIgniter->run()
#6 C:\xampp\htdocs\CI_new\vendor\codeigniter4\framework\system\Commands\Server\rewrite.php(34): require_once('C:\\xampp\\htdocs...')
#7 {main}
CRITICAL - 2021-02-25 04:03:34 --> array_flip(): Can only flip STRING and INTEGER values!
#0 [internal function]: CodeIgniter\Debug\Exceptions->errorHandler()
#1 C:\xampp\htdocs\CI_new\app\Controllers\Home.php(168): array_flip()
#2 C:\xampp\htdocs\CI_new\vendor\codeigniter4\framework\system\CodeIgniter.php(918): App\Controllers\Home->buycar()
#3 C:\xampp\htdocs\CI_new\vendor\codeigniter4\framework\system\CodeIgniter.php(404): CodeIgniter\CodeIgniter->runController()
#4 C:\xampp\htdocs\CI_new\vendor\codeigniter4\framework\system\CodeIgniter.php(312): CodeIgniter\CodeIgniter->handleRequest()
#5 C:\xampp\htdocs\CI_new\public\index.php(45): CodeIgniter\CodeIgniter->run()
#6 C:\xampp\htdocs\CI_new\vendor\codeigniter4\framework\system\Commands\Server\rewrite.php(34): require_once('C:\\xampp\\htdocs...')
#7 {main}
CRITICAL - 2021-02-25 04:03:38 --> array_flip(): Can only flip STRING and INTEGER values!
#0 [internal function]: CodeIgniter\Debug\Exceptions->errorHandler()
#1 C:\xampp\htdocs\CI_new\app\Controllers\Home.php(168): array_flip()
#2 C:\xampp\htdocs\CI_new\vendor\codeigniter4\framework\system\CodeIgniter.php(918): App\Controllers\Home->buycar()
#3 C:\xampp\htdocs\CI_new\vendor\codeigniter4\framework\system\CodeIgniter.php(404): CodeIgniter\CodeIgniter->runController()
#4 C:\xampp\htdocs\CI_new\vendor\codeigniter4\framework\system\CodeIgniter.php(312): CodeIgniter\CodeIgniter->handleRequest()
#5 C:\xampp\htdocs\CI_new\public\index.php(45): CodeIgniter\CodeIgniter->run()
#6 C:\xampp\htdocs\CI_new\vendor\codeigniter4\framework\system\Commands\Server\rewrite.php(34): require_once('C:\\xampp\\htdocs...')
#7 {main}
CRITICAL - 2021-02-25 04:03:46 --> array_flip(): Can only flip STRING and INTEGER values!
#0 [internal function]: CodeIgniter\Debug\Exceptions->errorHandler()
#1 C:\xampp\htdocs\CI_new\app\Controllers\Home.php(168): array_flip()
#2 C:\xampp\htdocs\CI_new\vendor\codeigniter4\framework\system\CodeIgniter.php(918): App\Controllers\Home->buycar()
#3 C:\xampp\htdocs\CI_new\vendor\codeigniter4\framework\system\CodeIgniter.php(404): CodeIgniter\CodeIgniter->runController()
#4 C:\xampp\htdocs\CI_new\vendor\codeigniter4\framework\system\CodeIgniter.php(312): CodeIgniter\CodeIgniter->handleRequest()
#5 C:\xampp\htdocs\CI_new\public\index.php(45): CodeIgniter\CodeIgniter->run()
#6 C:\xampp\htdocs\CI_new\vendor\codeigniter4\framework\system\Commands\Server\rewrite.php(34): require_once('C:\\xampp\\htdocs...')
#7 {main}
CRITICAL - 2021-02-25 04:06:32 --> array_flip(): Can only flip STRING and INTEGER values!
#0 [internal function]: CodeIgniter\Debug\Exceptions->errorHandler()
#1 C:\xampp\htdocs\CI_new\app\Controllers\Home.php(190): array_flip()
#2 C:\xampp\htdocs\CI_new\vendor\codeigniter4\framework\system\CodeIgniter.php(918): App\Controllers\Home->buycar()
#3 C:\xampp\htdocs\CI_new\vendor\codeigniter4\framework\system\CodeIgniter.php(404): CodeIgniter\CodeIgniter->runController()
#4 C:\xampp\htdocs\CI_new\vendor\codeigniter4\framework\system\CodeIgniter.php(312): CodeIgniter\CodeIgniter->handleRequest()
#5 C:\xampp\htdocs\CI_new\public\index.php(45): CodeIgniter\CodeIgniter->run()
#6 C:\xampp\htdocs\CI_new\vendor\codeigniter4\framework\system\Commands\Server\rewrite.php(34): require_once('C:\\xampp\\htdocs...')
#7 {main}
CRITICAL - 2021-02-25 04:06:33 --> array_flip(): Can only flip STRING and INTEGER values!
#0 [internal function]: CodeIgniter\Debug\Exceptions->errorHandler()
#1 C:\xampp\htdocs\CI_new\app\Controllers\Home.php(190): array_flip()
#2 C:\xampp\htdocs\CI_new\vendor\codeigniter4\framework\system\CodeIgniter.php(918): App\Controllers\Home->buycar()
#3 C:\xampp\htdocs\CI_new\vendor\codeigniter4\framework\system\CodeIgniter.php(404): CodeIgniter\CodeIgniter->runController()
#4 C:\xampp\htdocs\CI_new\vendor\codeigniter4\framework\system\CodeIgniter.php(312): CodeIgniter\CodeIgniter->handleRequest()
#5 C:\xampp\htdocs\CI_new\public\index.php(45): CodeIgniter\CodeIgniter->run()
#6 C:\xampp\htdocs\CI_new\vendor\codeigniter4\framework\system\Commands\Server\rewrite.php(34): require_once('C:\\xampp\\htdocs...')
#7 {main}
CRITICAL - 2021-02-25 04:06:33 --> array_flip(): Can only flip STRING and INTEGER values!
#0 [internal function]: CodeIgniter\Debug\Exceptions->errorHandler()
#1 C:\xampp\htdocs\CI_new\app\Controllers\Home.php(190): array_flip()
#2 C:\xampp\htdocs\CI_new\vendor\codeigniter4\framework\system\CodeIgniter.php(918): App\Controllers\Home->buycar()
#3 C:\xampp\htdocs\CI_new\vendor\codeigniter4\framework\system\CodeIgniter.php(404): CodeIgniter\CodeIgniter->runController()
#4 C:\xampp\htdocs\CI_new\vendor\codeigniter4\framework\system\CodeIgniter.php(312): CodeIgniter\CodeIgniter->handleRequest()
#5 C:\xampp\htdocs\CI_new\public\index.php(45): CodeIgniter\CodeIgniter->run()
#6 C:\xampp\htdocs\CI_new\vendor\codeigniter4\framework\system\Commands\Server\rewrite.php(34): require_once('C:\\xampp\\htdocs...')
#7 {main}
CRITICAL - 2021-02-25 04:06:34 --> array_flip(): Can only flip STRING and INTEGER values!
#0 [internal function]: CodeIgniter\Debug\Exceptions->errorHandler()
#1 C:\xampp\htdocs\CI_new\app\Controllers\Home.php(190): array_flip()
#2 C:\xampp\htdocs\CI_new\vendor\codeigniter4\framework\system\CodeIgniter.php(918): App\Controllers\Home->buycar()
#3 C:\xampp\htdocs\CI_new\vendor\codeigniter4\framework\system\CodeIgniter.php(404): CodeIgniter\CodeIgniter->runController()
#4 C:\xampp\htdocs\CI_new\vendor\codeigniter4\framework\system\CodeIgniter.php(312): CodeIgniter\CodeIgniter->handleRequest()
#5 C:\xampp\htdocs\CI_new\public\index.php(45): CodeIgniter\CodeIgniter->run()
#6 C:\xampp\htdocs\CI_new\vendor\codeigniter4\framework\system\Commands\Server\rewrite.php(34): require_once('C:\\xampp\\htdocs...')
#7 {main}
CRITICAL - 2021-02-25 04:06:34 --> array_flip(): Can only flip STRING and INTEGER values!
#0 [internal function]: CodeIgniter\Debug\Exceptions->errorHandler()
#1 C:\xampp\htdocs\CI_new\app\Controllers\Home.php(190): array_flip()
#2 C:\xampp\htdocs\CI_new\vendor\codeigniter4\framework\system\CodeIgniter.php(918): App\Controllers\Home->buycar()
#3 C:\xampp\htdocs\CI_new\vendor\codeigniter4\framework\system\CodeIgniter.php(404): CodeIgniter\CodeIgniter->runController()
#4 C:\xampp\htdocs\CI_new\vendor\codeigniter4\framework\system\CodeIgniter.php(312): CodeIgniter\CodeIgniter->handleRequest()
#5 C:\xampp\htdocs\CI_new\public\index.php(45): CodeIgniter\CodeIgniter->run()
#6 C:\xampp\htdocs\CI_new\vendor\codeigniter4\framework\system\Commands\Server\rewrite.php(34): require_once('C:\\xampp\\htdocs...')
#7 {main}
CRITICAL - 2021-02-25 04:07:04 --> array_flip(): Can only flip STRING and INTEGER values!
#0 [internal function]: CodeIgniter\Debug\Exceptions->errorHandler()
#1 C:\xampp\htdocs\CI_new\app\Controllers\Home.php(190): array_flip()
#2 C:\xampp\htdocs\CI_new\vendor\codeigniter4\framework\system\CodeIgniter.php(918): App\Controllers\Home->buycar()
#3 C:\xampp\htdocs\CI_new\vendor\codeigniter4\framework\system\CodeIgniter.php(404): CodeIgniter\CodeIgniter->runController()
#4 C:\xampp\htdocs\CI_new\vendor\codeigniter4\framework\system\CodeIgniter.php(312): CodeIgniter\CodeIgniter->handleRequest()
#5 C:\xampp\htdocs\CI_new\public\index.php(45): CodeIgniter\CodeIgniter->run()
#6 C:\xampp\htdocs\CI_new\vendor\codeigniter4\framework\system\Commands\Server\rewrite.php(34): require_once('C:\\xampp\\htdocs...')
#7 {main}
CRITICAL - 2021-02-25 04:07:48 --> array_flip(): Can only flip STRING and INTEGER values!
#0 [internal function]: CodeIgniter\Debug\Exceptions->errorHandler()
#1 C:\xampp\htdocs\CI_new\app\Controllers\Home.php(168): array_flip()
#2 C:\xampp\htdocs\CI_new\vendor\codeigniter4\framework\system\CodeIgniter.php(918): App\Controllers\Home->buycar()
#3 C:\xampp\htdocs\CI_new\vendor\codeigniter4\framework\system\CodeIgniter.php(404): CodeIgniter\CodeIgniter->runController()
#4 C:\xampp\htdocs\CI_new\vendor\codeigniter4\framework\system\CodeIgniter.php(312): CodeIgniter\CodeIgniter->handleRequest()
#5 C:\xampp\htdocs\CI_new\public\index.php(45): CodeIgniter\CodeIgniter->run()
#6 C:\xampp\htdocs\CI_new\vendor\codeigniter4\framework\system\Commands\Server\rewrite.php(34): require_once('C:\\xampp\\htdocs...')
#7 {main}
CRITICAL - 2021-02-25 04:07:54 --> array_flip(): Can only flip STRING and INTEGER values!
#0 [internal function]: CodeIgniter\Debug\Exceptions->errorHandler()
#1 C:\xampp\htdocs\CI_new\app\Controllers\Home.php(168): array_flip()
#2 C:\xampp\htdocs\CI_new\vendor\codeigniter4\framework\system\CodeIgniter.php(918): App\Controllers\Home->buycar()
#3 C:\xampp\htdocs\CI_new\vendor\codeigniter4\framework\system\CodeIgniter.php(404): CodeIgniter\CodeIgniter->runController()
#4 C:\xampp\htdocs\CI_new\vendor\codeigniter4\framework\system\CodeIgniter.php(312): CodeIgniter\CodeIgniter->handleRequest()
#5 C:\xampp\htdocs\CI_new\public\index.php(45): CodeIgniter\CodeIgniter->run()
#6 C:\xampp\htdocs\CI_new\vendor\codeigniter4\framework\system\Commands\Server\rewrite.php(34): require_once('C:\\xampp\\htdocs...')
#7 {main}
CRITICAL - 2021-02-25 04:07:58 --> array_flip(): Can only flip STRING and INTEGER values!
#0 [internal function]: CodeIgniter\Debug\Exceptions->errorHandler()
#1 C:\xampp\htdocs\CI_new\app\Controllers\Home.php(168): array_flip()
#2 C:\xampp\htdocs\CI_new\vendor\codeigniter4\framework\system\CodeIgniter.php(918): App\Controllers\Home->buycar()
#3 C:\xampp\htdocs\CI_new\vendor\codeigniter4\framework\system\CodeIgniter.php(404): CodeIgniter\CodeIgniter->runController()
#4 C:\xampp\htdocs\CI_new\vendor\codeigniter4\framework\system\CodeIgniter.php(312): CodeIgniter\CodeIgniter->handleRequest()
#5 C:\xampp\htdocs\CI_new\public\index.php(45): CodeIgniter\CodeIgniter->run()
#6 C:\xampp\htdocs\CI_new\vendor\codeigniter4\framework\system\Commands\Server\rewrite.php(34): require_once('C:\\xampp\\htdocs...')
#7 {main}
CRITICAL - 2021-02-25 04:08:02 --> array_flip(): Can only flip STRING and INTEGER values!
#0 [internal function]: CodeIgniter\Debug\Exceptions->errorHandler()
#1 C:\xampp\htdocs\CI_new\app\Controllers\Home.php(168): array_flip()
#2 C:\xampp\htdocs\CI_new\vendor\codeigniter4\framework\system\CodeIgniter.php(918): App\Controllers\Home->buycar()
#3 C:\xampp\htdocs\CI_new\vendor\codeigniter4\framework\system\CodeIgniter.php(404): CodeIgniter\CodeIgniter->runController()
#4 C:\xampp\htdocs\CI_new\vendor\codeigniter4\framework\system\CodeIgniter.php(312): CodeIgniter\CodeIgniter->handleRequest()
#5 C:\xampp\htdocs\CI_new\public\index.php(45): CodeIgniter\CodeIgniter->run()
#6 C:\xampp\htdocs\CI_new\vendor\codeigniter4\framework\system\Commands\Server\rewrite.php(34): require_once('C:\\xampp\\htdocs...')
#7 {main}
CRITICAL - 2021-02-25 04:08:06 --> array_flip(): Can only flip STRING and INTEGER values!
#0 [internal function]: CodeIgniter\Debug\Exceptions->errorHandler()
#1 C:\xampp\htdocs\CI_new\app\Controllers\Home.php(168): array_flip()
#2 C:\xampp\htdocs\CI_new\vendor\codeigniter4\framework\system\CodeIgniter.php(918): App\Controllers\Home->buycar()
#3 C:\xampp\htdocs\CI_new\vendor\codeigniter4\framework\system\CodeIgniter.php(404): CodeIgniter\CodeIgniter->runController()
#4 C:\xampp\htdocs\CI_new\vendor\codeigniter4\framework\system\CodeIgniter.php(312): CodeIgniter\CodeIgniter->handleRequest()
#5 C:\xampp\htdocs\CI_new\public\index.php(45): CodeIgniter\CodeIgniter->run()
#6 C:\xampp\htdocs\CI_new\vendor\codeigniter4\framework\system\Commands\Server\rewrite.php(34): require_once('C:\\xampp\\htdocs...')
#7 {main}
CRITICAL - 2021-02-25 04:08:53 --> array_flip(): Can only flip STRING and INTEGER values!
#0 [internal function]: CodeIgniter\Debug\Exceptions->errorHandler()
#1 C:\xampp\htdocs\CI_new\app\Controllers\Home.php(168): array_flip()
#2 C:\xampp\htdocs\CI_new\vendor\codeigniter4\framework\system\CodeIgniter.php(918): App\Controllers\Home->buycar()
#3 C:\xampp\htdocs\CI_new\vendor\codeigniter4\framework\system\CodeIgniter.php(404): CodeIgniter\CodeIgniter->runController()
#4 C:\xampp\htdocs\CI_new\vendor\codeigniter4\framework\system\CodeIgniter.php(312): CodeIgniter\CodeIgniter->handleRequest()
#5 C:\xampp\htdocs\CI_new\public\index.php(45): CodeIgniter\CodeIgniter->run()
#6 C:\xampp\htdocs\CI_new\vendor\codeigniter4\framework\system\Commands\Server\rewrite.php(34): require_once('C:\\xampp\\htdocs...')
#7 {main}
CRITICAL - 2021-02-25 04:08:56 --> array_flip(): Can only flip STRING and INTEGER values!
#0 [internal function]: CodeIgniter\Debug\Exceptions->errorHandler()
#1 C:\xampp\htdocs\CI_new\app\Controllers\Home.php(168): array_flip()
#2 C:\xampp\htdocs\CI_new\vendor\codeigniter4\framework\system\CodeIgniter.php(918): App\Controllers\Home->buycar()
#3 C:\xampp\htdocs\CI_new\vendor\codeigniter4\framework\system\CodeIgniter.php(404): CodeIgniter\CodeIgniter->runController()
#4 C:\xampp\htdocs\CI_new\vendor\codeigniter4\framework\system\CodeIgniter.php(312): CodeIgniter\CodeIgniter->handleRequest()
#5 C:\xampp\htdocs\CI_new\public\index.php(45): CodeIgniter\CodeIgniter->run()
#6 C:\xampp\htdocs\CI_new\vendor\codeigniter4\framework\system\Commands\Server\rewrite.php(34): require_once('C:\\xampp\\htdocs...')
#7 {main}
CRITICAL - 2021-02-25 04:09:15 --> array_flip(): Can only flip STRING and INTEGER values!
#0 [internal function]: CodeIgniter\Debug\Exceptions->errorHandler()
#1 C:\xampp\htdocs\CI_new\app\Controllers\Home.php(190): array_flip()
#2 C:\xampp\htdocs\CI_new\vendor\codeigniter4\framework\system\CodeIgniter.php(918): App\Controllers\Home->buycar()
#3 C:\xampp\htdocs\CI_new\vendor\codeigniter4\framework\system\CodeIgniter.php(404): CodeIgniter\CodeIgniter->runController()
#4 C:\xampp\htdocs\CI_new\vendor\codeigniter4\framework\system\CodeIgniter.php(312): CodeIgniter\CodeIgniter->handleRequest()
#5 C:\xampp\htdocs\CI_new\public\index.php(45): CodeIgniter\CodeIgniter->run()
#6 C:\xampp\htdocs\CI_new\vendor\codeigniter4\framework\system\Commands\Server\rewrite.php(34): require_once('C:\\xampp\\htdocs...')
#7 {main}
CRITICAL - 2021-02-25 04:09:27 --> array_flip(): Can only flip STRING and INTEGER values!
#0 [internal function]: CodeIgniter\Debug\Exceptions->errorHandler()
#1 C:\xampp\htdocs\CI_new\app\Controllers\Home.php(190): array_flip()
#2 C:\xampp\htdocs\CI_new\vendor\codeigniter4\framework\system\CodeIgniter.php(918): App\Controllers\Home->buycar()
#3 C:\xampp\htdocs\CI_new\vendor\codeigniter4\framework\system\CodeIgniter.php(404): CodeIgniter\CodeIgniter->runController()
#4 C:\xampp\htdocs\CI_new\vendor\codeigniter4\framework\system\CodeIgniter.php(312): CodeIgniter\CodeIgniter->handleRequest()
#5 C:\xampp\htdocs\CI_new\public\index.php(45): CodeIgniter\CodeIgniter->run()
#6 C:\xampp\htdocs\CI_new\vendor\codeigniter4\framework\system\Commands\Server\rewrite.php(34): require_once('C:\\xampp\\htdocs...')
#7 {main}
CRITICAL - 2021-02-25 04:10:22 --> array_flip(): Can only flip STRING and INTEGER values!
#0 [internal function]: CodeIgniter\Debug\Exceptions->errorHandler()
#1 C:\xampp\htdocs\CI_new\app\Controllers\Home.php(168): array_flip()
#2 C:\xampp\htdocs\CI_new\vendor\codeigniter4\framework\system\CodeIgniter.php(918): App\Controllers\Home->buycar()
#3 C:\xampp\htdocs\CI_new\vendor\codeigniter4\framework\system\CodeIgniter.php(404): CodeIgniter\CodeIgniter->runController()
#4 C:\xampp\htdocs\CI_new\vendor\codeigniter4\framework\system\CodeIgniter.php(312): CodeIgniter\CodeIgniter->handleRequest()
#5 C:\xampp\htdocs\CI_new\public\index.php(45): CodeIgniter\CodeIgniter->run()
#6 C:\xampp\htdocs\CI_new\vendor\codeigniter4\framework\system\Commands\Server\rewrite.php(34): require_once('C:\\xampp\\htdocs...')
#7 {main}
CRITICAL - 2021-02-25 04:10:30 --> array_flip(): Can only flip STRING and INTEGER values!
#0 [internal function]: CodeIgniter\Debug\Exceptions->errorHandler()
#1 C:\xampp\htdocs\CI_new\app\Controllers\Home.php(168): array_flip()
#2 C:\xampp\htdocs\CI_new\vendor\codeigniter4\framework\system\CodeIgniter.php(918): App\Controllers\Home->buycar()
#3 C:\xampp\htdocs\CI_new\vendor\codeigniter4\framework\system\CodeIgniter.php(404): CodeIgniter\CodeIgniter->runController()
#4 C:\xampp\htdocs\CI_new\vendor\codeigniter4\framework\system\CodeIgniter.php(312): CodeIgniter\CodeIgniter->handleRequest()
#5 C:\xampp\htdocs\CI_new\public\index.php(45): CodeIgniter\CodeIgniter->run()
#6 C:\xampp\htdocs\CI_new\vendor\codeigniter4\framework\system\Commands\Server\rewrite.php(34): require_once('C:\\xampp\\htdocs...')
#7 {main}
CRITICAL - 2021-02-25 04:10:35 --> array_flip(): Can only flip STRING and INTEGER values!
#0 [internal function]: CodeIgniter\Debug\Exceptions->errorHandler()
#1 C:\xampp\htdocs\CI_new\app\Controllers\Home.php(168): array_flip()
#2 C:\xampp\htdocs\CI_new\vendor\codeigniter4\framework\system\CodeIgniter.php(918): App\Controllers\Home->buycar()
#3 C:\xampp\htdocs\CI_new\vendor\codeigniter4\framework\system\CodeIgniter.php(404): CodeIgniter\CodeIgniter->runController()
#4 C:\xampp\htdocs\CI_new\vendor\codeigniter4\framework\system\CodeIgniter.php(312): CodeIgniter\CodeIgniter->handleRequest()
#5 C:\xampp\htdocs\CI_new\public\index.php(45): CodeIgniter\CodeIgniter->run()
#6 C:\xampp\htdocs\CI_new\vendor\codeigniter4\framework\system\Commands\Server\rewrite.php(34): require_once('C:\\xampp\\htdocs...')
#7 {main}
CRITICAL - 2021-02-25 04:11:08 --> array_flip(): Can only flip STRING and INTEGER values!
#0 [internal function]: CodeIgniter\Debug\Exceptions->errorHandler()
#1 C:\xampp\htdocs\CI_new\app\Controllers\Home.php(168): array_flip()
#2 C:\xampp\htdocs\CI_new\vendor\codeigniter4\framework\system\CodeIgniter.php(918): App\Controllers\Home->buycar()
#3 C:\xampp\htdocs\CI_new\vendor\codeigniter4\framework\system\CodeIgniter.php(404): CodeIgniter\CodeIgniter->runController()
#4 C:\xampp\htdocs\CI_new\vendor\codeigniter4\framework\system\CodeIgniter.php(312): CodeIgniter\CodeIgniter->handleRequest()
#5 C:\xampp\htdocs\CI_new\public\index.php(45): CodeIgniter\CodeIgniter->run()
#6 C:\xampp\htdocs\CI_new\vendor\codeigniter4\framework\system\Commands\Server\rewrite.php(34): require_once('C:\\xampp\\htdocs...')
#7 {main}
CRITICAL - 2021-02-25 04:11:13 --> array_flip(): Can only flip STRING and INTEGER values!
#0 [internal function]: CodeIgniter\Debug\Exceptions->errorHandler()
#1 C:\xampp\htdocs\CI_new\app\Controllers\Home.php(168): array_flip()
#2 C:\xampp\htdocs\CI_new\vendor\codeigniter4\framework\system\CodeIgniter.php(918): App\Controllers\Home->buycar()
#3 C:\xampp\htdocs\CI_new\vendor\codeigniter4\framework\system\CodeIgniter.php(404): CodeIgniter\CodeIgniter->runController()
#4 C:\xampp\htdocs\CI_new\vendor\codeigniter4\framework\system\CodeIgniter.php(312): CodeIgniter\CodeIgniter->handleRequest()
#5 C:\xampp\htdocs\CI_new\public\index.php(45): CodeIgniter\CodeIgniter->run()
#6 C:\xampp\htdocs\CI_new\vendor\codeigniter4\framework\system\Commands\Server\rewrite.php(34): require_once('C:\\xampp\\htdocs...')
#7 {main}
CRITICAL - 2021-02-25 04:11:16 --> array_flip(): Can only flip STRING and INTEGER values!
#0 [internal function]: CodeIgniter\Debug\Exceptions->errorHandler()
#1 C:\xampp\htdocs\CI_new\app\Controllers\Home.php(168): array_flip()
#2 C:\xampp\htdocs\CI_new\vendor\codeigniter4\framework\system\CodeIgniter.php(918): App\Controllers\Home->buycar()
#3 C:\xampp\htdocs\CI_new\vendor\codeigniter4\framework\system\CodeIgniter.php(404): CodeIgniter\CodeIgniter->runController()
#4 C:\xampp\htdocs\CI_new\vendor\codeigniter4\framework\system\CodeIgniter.php(312): CodeIgniter\CodeIgniter->handleRequest()
#5 C:\xampp\htdocs\CI_new\public\index.php(45): CodeIgniter\CodeIgniter->run()
#6 C:\xampp\htdocs\CI_new\vendor\codeigniter4\framework\system\Commands\Server\rewrite.php(34): require_once('C:\\xampp\\htdocs...')
#7 {main}
CRITICAL - 2021-02-25 04:11:18 --> array_flip(): Can only flip STRING and INTEGER values!
#0 [internal function]: CodeIgniter\Debug\Exceptions->errorHandler()
#1 C:\xampp\htdocs\CI_new\app\Controllers\Home.php(168): array_flip()
#2 C:\xampp\htdocs\CI_new\vendor\codeigniter4\framework\system\CodeIgniter.php(918): App\Controllers\Home->buycar()
#3 C:\xampp\htdocs\CI_new\vendor\codeigniter4\framework\system\CodeIgniter.php(404): CodeIgniter\CodeIgniter->runController()
#4 C:\xampp\htdocs\CI_new\vendor\codeigniter4\framework\system\CodeIgniter.php(312): CodeIgniter\CodeIgniter->handleRequest()
#5 C:\xampp\htdocs\CI_new\public\index.php(45): CodeIgniter\CodeIgniter->run()
#6 C:\xampp\htdocs\CI_new\vendor\codeigniter4\framework\system\Commands\Server\rewrite.php(34): require_once('C:\\xampp\\htdocs...')
#7 {main}
CRITICAL - 2021-02-25 04:12:03 --> array_flip(): Can only flip STRING and INTEGER values!
#0 [internal function]: CodeIgniter\Debug\Exceptions->errorHandler()
#1 C:\xampp\htdocs\CI_new\app\Controllers\Home.php(168): array_flip()
#2 C:\xampp\htdocs\CI_new\vendor\codeigniter4\framework\system\CodeIgniter.php(918): App\Controllers\Home->buycar()
#3 C:\xampp\htdocs\CI_new\vendor\codeigniter4\framework\system\CodeIgniter.php(404): CodeIgniter\CodeIgniter->runController()
#4 C:\xampp\htdocs\CI_new\vendor\codeigniter4\framework\system\CodeIgniter.php(312): CodeIgniter\CodeIgniter->handleRequest()
#5 C:\xampp\htdocs\CI_new\public\index.php(45): CodeIgniter\CodeIgniter->run()
#6 C:\xampp\htdocs\CI_new\vendor\codeigniter4\framework\system\Commands\Server\rewrite.php(34): require_once('C:\\xampp\\htdocs...')
#7 {main}
CRITICAL - 2021-02-25 04:12:07 --> array_flip(): Can only flip STRING and INTEGER values!
#0 [internal function]: CodeIgniter\Debug\Exceptions->errorHandler()
#1 C:\xampp\htdocs\CI_new\app\Controllers\Home.php(168): array_flip()
#2 C:\xampp\htdocs\CI_new\vendor\codeigniter4\framework\system\CodeIgniter.php(918): App\Controllers\Home->buycar()
#3 C:\xampp\htdocs\CI_new\vendor\codeigniter4\framework\system\CodeIgniter.php(404): CodeIgniter\CodeIgniter->runController()
#4 C:\xampp\htdocs\CI_new\vendor\codeigniter4\framework\system\CodeIgniter.php(312): CodeIgniter\CodeIgniter->handleRequest()
#5 C:\xampp\htdocs\CI_new\public\index.php(45): CodeIgniter\CodeIgniter->run()
#6 C:\xampp\htdocs\CI_new\vendor\codeigniter4\framework\system\Commands\Server\rewrite.php(34): require_once('C:\\xampp\\htdocs...')
#7 {main}
CRITICAL - 2021-02-25 04:12:13 --> array_flip(): Can only flip STRING and INTEGER values!
#0 [internal function]: CodeIgniter\Debug\Exceptions->errorHandler()
#1 C:\xampp\htdocs\CI_new\app\Controllers\Home.php(168): array_flip()
#2 C:\xampp\htdocs\CI_new\vendor\codeigniter4\framework\system\CodeIgniter.php(918): App\Controllers\Home->buycar()
#3 C:\xampp\htdocs\CI_new\vendor\codeigniter4\framework\system\CodeIgniter.php(404): CodeIgniter\CodeIgniter->runController()
#4 C:\xampp\htdocs\CI_new\vendor\codeigniter4\framework\system\CodeIgniter.php(312): CodeIgniter\CodeIgniter->handleRequest()
#5 C:\xampp\htdocs\CI_new\public\index.php(45): CodeIgniter\CodeIgniter->run()
#6 C:\xampp\htdocs\CI_new\vendor\codeigniter4\framework\system\Commands\Server\rewrite.php(34): require_once('C:\\xampp\\htdocs...')
#7 {main}
CRITICAL - 2021-02-25 04:13:47 --> array_flip(): Can only flip STRING and INTEGER values!
#0 [internal function]: CodeIgniter\Debug\Exceptions->errorHandler()
#1 C:\xampp\htdocs\CI_new\app\Controllers\Home.php(190): array_flip()
#2 C:\xampp\htdocs\CI_new\vendor\codeigniter4\framework\system\CodeIgniter.php(918): App\Controllers\Home->buycar()
#3 C:\xampp\htdocs\CI_new\vendor\codeigniter4\framework\system\CodeIgniter.php(404): CodeIgniter\CodeIgniter->runController()
#4 C:\xampp\htdocs\CI_new\vendor\codeigniter4\framework\system\CodeIgniter.php(312): CodeIgniter\CodeIgniter->handleRequest()
#5 C:\xampp\htdocs\CI_new\public\index.php(45): CodeIgniter\CodeIgniter->run()
#6 C:\xampp\htdocs\CI_new\vendor\codeigniter4\framework\system\Commands\Server\rewrite.php(34): require_once('C:\\xampp\\htdocs...')
#7 {main}
CRITICAL - 2021-02-25 04:14:30 --> array_flip(): Can only flip STRING and INTEGER values!
#0 [internal function]: CodeIgniter\Debug\Exceptions->errorHandler()
#1 C:\xampp\htdocs\CI_new\app\Controllers\Home.php(168): array_flip()
#2 C:\xampp\htdocs\CI_new\vendor\codeigniter4\framework\system\CodeIgniter.php(918): App\Controllers\Home->buycar()
#3 C:\xampp\htdocs\CI_new\vendor\codeigniter4\framework\system\CodeIgniter.php(404): CodeIgniter\CodeIgniter->runController()
#4 C:\xampp\htdocs\CI_new\vendor\codeigniter4\framework\system\CodeIgniter.php(312): CodeIgniter\CodeIgniter->handleRequest()
#5 C:\xampp\htdocs\CI_new\public\index.php(45): CodeIgniter\CodeIgniter->run()
#6 C:\xampp\htdocs\CI_new\vendor\codeigniter4\framework\system\Commands\Server\rewrite.php(34): require_once('C:\\xampp\\htdocs...')
#7 {main}
CRITICAL - 2021-02-25 04:14:36 --> array_flip(): Can only flip STRING and INTEGER values!
#0 [internal function]: CodeIgniter\Debug\Exceptions->errorHandler()
#1 C:\xampp\htdocs\CI_new\app\Controllers\Home.php(168): array_flip()
#2 C:\xampp\htdocs\CI_new\vendor\codeigniter4\framework\system\CodeIgniter.php(918): App\Controllers\Home->buycar()
#3 C:\xampp\htdocs\CI_new\vendor\codeigniter4\framework\system\CodeIgniter.php(404): CodeIgniter\CodeIgniter->runController()
#4 C:\xampp\htdocs\CI_new\vendor\codeigniter4\framework\system\CodeIgniter.php(312): CodeIgniter\CodeIgniter->handleRequest()
#5 C:\xampp\htdocs\CI_new\public\index.php(45): CodeIgniter\CodeIgniter->run()
#6 C:\xampp\htdocs\CI_new\vendor\codeigniter4\framework\system\Commands\Server\rewrite.php(34): require_once('C:\\xampp\\htdocs...')
#7 {main}
CRITICAL - 2021-02-25 04:14:40 --> array_flip(): Can only flip STRING and INTEGER values!
#0 [internal function]: CodeIgniter\Debug\Exceptions->errorHandler()
#1 C:\xampp\htdocs\CI_new\app\Controllers\Home.php(168): array_flip()
#2 C:\xampp\htdocs\CI_new\vendor\codeigniter4\framework\system\CodeIgniter.php(918): App\Controllers\Home->buycar()
#3 C:\xampp\htdocs\CI_new\vendor\codeigniter4\framework\system\CodeIgniter.php(404): CodeIgniter\CodeIgniter->runController()
#4 C:\xampp\htdocs\CI_new\vendor\codeigniter4\framework\system\CodeIgniter.php(312): CodeIgniter\CodeIgniter->handleRequest()
#5 C:\xampp\htdocs\CI_new\public\index.php(45): CodeIgniter\CodeIgniter->run()
#6 C:\xampp\htdocs\CI_new\vendor\codeigniter4\framework\system\Commands\Server\rewrite.php(34): require_once('C:\\xampp\\htdocs...')
#7 {main}
CRITICAL - 2021-02-25 04:14:44 --> array_flip(): Can only flip STRING and INTEGER values!
#0 [internal function]: CodeIgniter\Debug\Exceptions->errorHandler()
#1 C:\xampp\htdocs\CI_new\app\Controllers\Home.php(168): array_flip()
#2 C:\xampp\htdocs\CI_new\vendor\codeigniter4\framework\system\CodeIgniter.php(918): App\Controllers\Home->buycar()
#3 C:\xampp\htdocs\CI_new\vendor\codeigniter4\framework\system\CodeIgniter.php(404): CodeIgniter\CodeIgniter->runController()
#4 C:\xampp\htdocs\CI_new\vendor\codeigniter4\framework\system\CodeIgniter.php(312): CodeIgniter\CodeIgniter->handleRequest()
#5 C:\xampp\htdocs\CI_new\public\index.php(45): CodeIgniter\CodeIgniter->run()
#6 C:\xampp\htdocs\CI_new\vendor\codeigniter4\framework\system\Commands\Server\rewrite.php(34): require_once('C:\\xampp\\htdocs...')
#7 {main}
CRITICAL - 2021-02-25 04:17:49 --> array_flip(): Can only flip STRING and INTEGER values!
#0 [internal function]: CodeIgniter\Debug\Exceptions->errorHandler()
#1 C:\xampp\htdocs\CI_new\app\Controllers\Home.php(168): array_flip()
#2 C:\xampp\htdocs\CI_new\vendor\codeigniter4\framework\system\CodeIgniter.php(918): App\Controllers\Home->buycar()
#3 C:\xampp\htdocs\CI_new\vendor\codeigniter4\framework\system\CodeIgniter.php(404): CodeIgniter\CodeIgniter->runController()
#4 C:\xampp\htdocs\CI_new\vendor\codeigniter4\framework\system\CodeIgniter.php(312): CodeIgniter\CodeIgniter->handleRequest()
#5 C:\xampp\htdocs\CI_new\public\index.php(45): CodeIgniter\CodeIgniter->run()
#6 C:\xampp\htdocs\CI_new\vendor\codeigniter4\framework\system\Commands\Server\rewrite.php(34): require_once('C:\\xampp\\htdocs...')
#7 {main}
CRITICAL - 2021-02-25 04:18:51 --> array_flip(): Can only flip STRING and INTEGER values!
#0 [internal function]: CodeIgniter\Debug\Exceptions->errorHandler()
#1 C:\xampp\htdocs\CI_new\app\Controllers\Home.php(168): array_flip()
#2 C:\xampp\htdocs\CI_new\vendor\codeigniter4\framework\system\CodeIgniter.php(918): App\Controllers\Home->buycar()
#3 C:\xampp\htdocs\CI_new\vendor\codeigniter4\framework\system\CodeIgniter.php(404): CodeIgniter\CodeIgniter->runController()
#4 C:\xampp\htdocs\CI_new\vendor\codeigniter4\framework\system\CodeIgniter.php(312): CodeIgniter\CodeIgniter->handleRequest()
#5 C:\xampp\htdocs\CI_new\public\index.php(45): CodeIgniter\CodeIgniter->run()
#6 C:\xampp\htdocs\CI_new\vendor\codeigniter4\framework\system\Commands\Server\rewrite.php(34): require_once('C:\\xampp\\htdocs...')
#7 {main}
CRITICAL - 2021-02-25 04:18:56 --> array_flip(): Can only flip STRING and INTEGER values!
#0 [internal function]: CodeIgniter\Debug\Exceptions->errorHandler()
#1 C:\xampp\htdocs\CI_new\app\Controllers\Home.php(168): array_flip()
#2 C:\xampp\htdocs\CI_new\vendor\codeigniter4\framework\system\CodeIgniter.php(918): App\Controllers\Home->buycar()
#3 C:\xampp\htdocs\CI_new\vendor\codeigniter4\framework\system\CodeIgniter.php(404): CodeIgniter\CodeIgniter->runController()
#4 C:\xampp\htdocs\CI_new\vendor\codeigniter4\framework\system\CodeIgniter.php(312): CodeIgniter\CodeIgniter->handleRequest()
#5 C:\xampp\htdocs\CI_new\public\index.php(45): CodeIgniter\CodeIgniter->run()
#6 C:\xampp\htdocs\CI_new\vendor\codeigniter4\framework\system\Commands\Server\rewrite.php(34): require_once('C:\\xampp\\htdocs...')
#7 {main}
CRITICAL - 2021-02-25 04:20:49 --> array_flip(): Can only flip STRING and INTEGER values!
#0 [internal function]: CodeIgniter\Debug\Exceptions->errorHandler()
#1 C:\xampp\htdocs\CI_new\app\Controllers\Home.php(168): array_flip()
#2 C:\xampp\htdocs\CI_new\vendor\codeigniter4\framework\system\CodeIgniter.php(918): App\Controllers\Home->buycar()
#3 C:\xampp\htdocs\CI_new\vendor\codeigniter4\framework\system\CodeIgniter.php(404): CodeIgniter\CodeIgniter->runController()
#4 C:\xampp\htdocs\CI_new\vendor\codeigniter4\framework\system\CodeIgniter.php(312): CodeIgniter\CodeIgniter->handleRequest()
#5 C:\xampp\htdocs\CI_new\public\index.php(45): CodeIgniter\CodeIgniter->run()
#6 C:\xampp\htdocs\CI_new\vendor\codeigniter4\framework\system\Commands\Server\rewrite.php(34): require_once('C:\\xampp\\htdocs...')
#7 {main}
CRITICAL - 2021-02-25 07:28:15 --> array_flip(): Can only flip STRING and INTEGER values!
#0 [internal function]: CodeIgniter\Debug\Exceptions->errorHandler()
#1 C:\xampp\htdocs\CI_new\app\Controllers\Home.php(168): array_flip()
#2 C:\xampp\htdocs\CI_new\vendor\codeigniter4\framework\system\CodeIgniter.php(918): App\Controllers\Home->buycar()
#3 C:\xampp\htdocs\CI_new\vendor\codeigniter4\framework\system\CodeIgniter.php(404): CodeIgniter\CodeIgniter->runController()
#4 C:\xampp\htdocs\CI_new\vendor\codeigniter4\framework\system\CodeIgniter.php(312): CodeIgniter\CodeIgniter->handleRequest()
#5 C:\xampp\htdocs\CI_new\public\index.php(45): CodeIgniter\CodeIgniter->run()
#6 C:\xampp\htdocs\CI_new\vendor\codeigniter4\framework\system\Commands\Server\rewrite.php(34): require_once('C:\\xampp\\htdocs...')
#7 {main}
CRITICAL - 2021-02-25 07:28:21 --> array_flip(): Can only flip STRING and INTEGER values!
#0 [internal function]: CodeIgniter\Debug\Exceptions->errorHandler()
#1 C:\xampp\htdocs\CI_new\app\Controllers\Home.php(168): array_flip()
#2 C:\xampp\htdocs\CI_new\vendor\codeigniter4\framework\system\CodeIgniter.php(918): App\Controllers\Home->buycar()
#3 C:\xampp\htdocs\CI_new\vendor\codeigniter4\framework\system\CodeIgniter.php(404): CodeIgniter\CodeIgniter->runController()
#4 C:\xampp\htdocs\CI_new\vendor\codeigniter4\framework\system\CodeIgniter.php(312): CodeIgniter\CodeIgniter->handleRequest()
#5 C:\xampp\htdocs\CI_new\public\index.php(45): CodeIgniter\CodeIgniter->run()
#6 C:\xampp\htdocs\CI_new\vendor\codeigniter4\framework\system\Commands\Server\rewrite.php(34): require_once('C:\\xampp\\htdocs...')
#7 {main}
CRITICAL - 2021-02-25 07:28:43 --> count(): Parameter must be an array or an object that implements Countable
#0 [internal function]: CodeIgniter\Debug\Exceptions->errorHandler()
#1 C:\xampp\htdocs\CI_new\app\Controllers\Home.php(186): count()
#2 C:\xampp\htdocs\CI_new\vendor\codeigniter4\framework\system\CodeIgniter.php(918): App\Controllers\Home->buycar()
#3 C:\xampp\htdocs\CI_new\vendor\codeigniter4\framework\system\CodeIgniter.php(404): CodeIgniter\CodeIgniter->runController()
#4 C:\xampp\htdocs\CI_new\vendor\codeigniter4\framework\system\CodeIgniter.php(312): CodeIgniter\CodeIgniter->handleRequest()
#5 C:\xampp\htdocs\CI_new\public\index.php(45): CodeIgniter\CodeIgniter->run()
#6 C:\xampp\htdocs\CI_new\vendor\codeigniter4\framework\system\Commands\Server\rewrite.php(34): require_once('C:\\xampp\\htdocs...')
#7 {main}
CRITICAL - 2021-02-25 07:28:44 --> count(): Parameter must be an array or an object that implements Countable
#0 [internal function]: CodeIgniter\Debug\Exceptions->errorHandler()
#1 C:\xampp\htdocs\CI_new\app\Controllers\Home.php(186): count()
#2 C:\xampp\htdocs\CI_new\vendor\codeigniter4\framework\system\CodeIgniter.php(918): App\Controllers\Home->buycar()
#3 C:\xampp\htdocs\CI_new\vendor\codeigniter4\framework\system\CodeIgniter.php(404): CodeIgniter\CodeIgniter->runController()
#4 C:\xampp\htdocs\CI_new\vendor\codeigniter4\framework\system\CodeIgniter.php(312): CodeIgniter\CodeIgniter->handleRequest()
#5 C:\xampp\htdocs\CI_new\public\index.php(45): CodeIgniter\CodeIgniter->run()
#6 C:\xampp\htdocs\CI_new\vendor\codeigniter4\framework\system\Commands\Server\rewrite.php(34): require_once('C:\\xampp\\htdocs...')
#7 {main}
CRITICAL - 2021-02-25 07:28:52 --> count(): Parameter must be an array or an object that implements Countable
#0 [internal function]: CodeIgniter\Debug\Exceptions->errorHandler()
#1 C:\xampp\htdocs\CI_new\app\Controllers\Home.php(186): count()
#2 C:\xampp\htdocs\CI_new\vendor\codeigniter4\framework\system\CodeIgniter.php(918): App\Controllers\Home->buycar()
#3 C:\xampp\htdocs\CI_new\vendor\codeigniter4\framework\system\CodeIgniter.php(404): CodeIgniter\CodeIgniter->runController()
#4 C:\xampp\htdocs\CI_new\vendor\codeigniter4\framework\system\CodeIgniter.php(312): CodeIgniter\CodeIgniter->handleRequest()
#5 C:\xampp\htdocs\CI_new\public\index.php(45): CodeIgniter\CodeIgniter->run()
#6 C:\xampp\htdocs\CI_new\vendor\codeigniter4\framework\system\Commands\Server\rewrite.php(34): require_once('C:\\xampp\\htdocs...')
#7 {main}
CRITICAL - 2021-02-25 07:36:34 --> array_flip(): Can only flip STRING and INTEGER values!
#0 [internal function]: CodeIgniter\Debug\Exceptions->errorHandler()
#1 C:\xampp\htdocs\CI_new\app\Controllers\Home.php(168): array_flip()
#2 C:\xampp\htdocs\CI_new\vendor\codeigniter4\framework\system\CodeIgniter.php(918): App\Controllers\Home->buycar()
#3 C:\xampp\htdocs\CI_new\vendor\codeigniter4\framework\system\CodeIgniter.php(404): CodeIgniter\CodeIgniter->runController()
#4 C:\xampp\htdocs\CI_new\vendor\codeigniter4\framework\system\CodeIgniter.php(312): CodeIgniter\CodeIgniter->handleRequest()
#5 C:\xampp\htdocs\CI_new\public\index.php(45): CodeIgniter\CodeIgniter->run()
#6 C:\xampp\htdocs\CI_new\vendor\codeigniter4\framework\system\Commands\Server\rewrite.php(34): require_once('C:\\xampp\\htdocs...')
#7 {main}
CRITICAL - 2021-02-25 07:36:41 --> array_flip(): Can only flip STRING and INTEGER values!
#0 [internal function]: CodeIgniter\Debug\Exceptions->errorHandler()
#1 C:\xampp\htdocs\CI_new\app\Controllers\Home.php(168): array_flip()
#2 C:\xampp\htdocs\CI_new\vendor\codeigniter4\framework\system\CodeIgniter.php(918): App\Controllers\Home->buycar()
#3 C:\xampp\htdocs\CI_new\vendor\codeigniter4\framework\system\CodeIgniter.php(404): CodeIgniter\CodeIgniter->runController()
#4 C:\xampp\htdocs\CI_new\vendor\codeigniter4\framework\system\CodeIgniter.php(312): CodeIgniter\CodeIgniter->handleRequest()
#5 C:\xampp\htdocs\CI_new\public\index.php(45): CodeIgniter\CodeIgniter->run()
#6 C:\xampp\htdocs\CI_new\vendor\codeigniter4\framework\system\Commands\Server\rewrite.php(34): require_once('C:\\xampp\\htdocs...')
#7 {main}
CRITICAL - 2021-02-25 07:36:57 --> array_flip(): Can only flip STRING and INTEGER values!
#0 [internal function]: CodeIgniter\Debug\Exceptions->errorHandler()
#1 C:\xampp\htdocs\CI_new\app\Controllers\Home.php(168): array_flip()
#2 C:\xampp\htdocs\CI_new\vendor\codeigniter4\framework\system\CodeIgniter.php(918): App\Controllers\Home->buycar()
#3 C:\xampp\htdocs\CI_new\vendor\codeigniter4\framework\system\CodeIgniter.php(404): CodeIgniter\CodeIgniter->runController()
#4 C:\xampp\htdocs\CI_new\vendor\codeigniter4\framework\system\CodeIgniter.php(312): CodeIgniter\CodeIgniter->handleRequest()
#5 C:\xampp\htdocs\CI_new\public\index.php(45): CodeIgniter\CodeIgniter->run()
#6 C:\xampp\htdocs\CI_new\vendor\codeigniter4\framework\system\Commands\Server\rewrite.php(34): require_once('C:\\xampp\\htdocs...')
#7 {main}
CRITICAL - 2021-02-25 07:38:42 --> array_flip(): Can only flip STRING and INTEGER values!
#0 [internal function]: CodeIgniter\Debug\Exceptions->errorHandler()
#1 C:\xampp\htdocs\CI_new\app\Controllers\Home.php(168): array_flip()
#2 C:\xampp\htdocs\CI_new\vendor\codeigniter4\framework\system\CodeIgniter.php(918): App\Controllers\Home->buycar()
#3 C:\xampp\htdocs\CI_new\vendor\codeigniter4\framework\system\CodeIgniter.php(404): CodeIgniter\CodeIgniter->runController()
#4 C:\xampp\htdocs\CI_new\vendor\codeigniter4\framework\system\CodeIgniter.php(312): CodeIgniter\CodeIgniter->handleRequest()
#5 C:\xampp\htdocs\CI_new\public\index.php(45): CodeIgniter\CodeIgniter->run()
#6 C:\xampp\htdocs\CI_new\vendor\codeigniter4\framework\system\Commands\Server\rewrite.php(34): require_once('C:\\xampp\\htdocs...')
#7 {main}
CRITICAL - 2021-02-25 07:38:43 --> array_flip(): Can only flip STRING and INTEGER values!
#0 [internal function]: CodeIgniter\Debug\Exceptions->errorHandler()
#1 C:\xampp\htdocs\CI_new\app\Controllers\Home.php(168): array_flip()
#2 C:\xampp\htdocs\CI_new\vendor\codeigniter4\framework\system\CodeIgniter.php(918): App\Controllers\Home->buycar()
#3 C:\xampp\htdocs\CI_new\vendor\codeigniter4\framework\system\CodeIgniter.php(404): CodeIgniter\CodeIgniter->runController()
#4 C:\xampp\htdocs\CI_new\vendor\codeigniter4\framework\system\CodeIgniter.php(312): CodeIgniter\CodeIgniter->handleRequest()
#5 C:\xampp\htdocs\CI_new\public\index.php(45): CodeIgniter\CodeIgniter->run()
#6 C:\xampp\htdocs\CI_new\vendor\codeigniter4\framework\system\Commands\Server\rewrite.php(34): require_once('C:\\xampp\\htdocs...')
#7 {main}
CRITICAL - 2021-02-25 07:38:46 --> array_flip(): Can only flip STRING and INTEGER values!
#0 [internal function]: CodeIgniter\Debug\Exceptions->errorHandler()
#1 C:\xampp\htdocs\CI_new\app\Controllers\Home.php(168): array_flip()
#2 C:\xampp\htdocs\CI_new\vendor\codeigniter4\framework\system\CodeIgniter.php(918): App\Controllers\Home->buycar()
#3 C:\xampp\htdocs\CI_new\vendor\codeigniter4\framework\system\CodeIgniter.php(404): CodeIgniter\CodeIgniter->runController()
#4 C:\xampp\htdocs\CI_new\vendor\codeigniter4\framework\system\CodeIgniter.php(312): CodeIgniter\CodeIgniter->handleRequest()
#5 C:\xampp\htdocs\CI_new\public\index.php(45): CodeIgniter\CodeIgniter->run()
#6 C:\xampp\htdocs\CI_new\vendor\codeigniter4\framework\system\Commands\Server\rewrite.php(34): require_once('C:\\xampp\\htdocs...')
#7 {main}
CRITICAL - 2021-02-25 07:38:49 --> array_flip(): Can only flip STRING and INTEGER values!
#0 [internal function]: CodeIgniter\Debug\Exceptions->errorHandler()
#1 C:\xampp\htdocs\CI_new\app\Controllers\Home.php(168): array_flip()
#2 C:\xampp\htdocs\CI_new\vendor\codeigniter4\framework\system\CodeIgniter.php(918): App\Controllers\Home->buycar()
#3 C:\xampp\htdocs\CI_new\vendor\codeigniter4\framework\system\CodeIgniter.php(404): CodeIgniter\CodeIgniter->runController()
#4 C:\xampp\htdocs\CI_new\vendor\codeigniter4\framework\system\CodeIgniter.php(312): CodeIgniter\CodeIgniter->handleRequest()
#5 C:\xampp\htdocs\CI_new\public\index.php(45): CodeIgniter\CodeIgniter->run()
#6 C:\xampp\htdocs\CI_new\vendor\codeigniter4\framework\system\Commands\Server\rewrite.php(34): require_once('C:\\xampp\\htdocs...')
#7 {main}
CRITICAL - 2021-02-25 07:39:14 --> array_flip(): Can only flip STRING and INTEGER values!
#0 [internal function]: CodeIgniter\Debug\Exceptions->errorHandler()
#1 C:\xampp\htdocs\CI_new\app\Controllers\Home.php(191): array_flip()
#2 C:\xampp\htdocs\CI_new\vendor\codeigniter4\framework\system\CodeIgniter.php(918): App\Controllers\Home->buycar()
#3 C:\xampp\htdocs\CI_new\vendor\codeigniter4\framework\system\CodeIgniter.php(404): CodeIgniter\CodeIgniter->runController()
#4 C:\xampp\htdocs\CI_new\vendor\codeigniter4\framework\system\CodeIgniter.php(312): CodeIgniter\CodeIgniter->handleRequest()
#5 C:\xampp\htdocs\CI_new\public\index.php(45): CodeIgniter\CodeIgniter->run()
#6 C:\xampp\htdocs\CI_new\vendor\codeigniter4\framework\system\Commands\Server\rewrite.php(34): require_once('C:\\xampp\\htdocs...')
#7 {main}
CRITICAL - 2021-02-25 07:39:18 --> array_flip(): Can only flip STRING and INTEGER values!
#0 [internal function]: CodeIgniter\Debug\Exceptions->errorHandler()
#1 C:\xampp\htdocs\CI_new\app\Controllers\Home.php(191): array_flip()
#2 C:\xampp\htdocs\CI_new\vendor\codeigniter4\framework\system\CodeIgniter.php(918): App\Controllers\Home->buycar()
#3 C:\xampp\htdocs\CI_new\vendor\codeigniter4\framework\system\CodeIgniter.php(404): CodeIgniter\CodeIgniter->runController()
#4 C:\xampp\htdocs\CI_new\vendor\codeigniter4\framework\system\CodeIgniter.php(312): CodeIgniter\CodeIgniter->handleRequest()
#5 C:\xampp\htdocs\CI_new\public\index.php(45): CodeIgniter\CodeIgniter->run()
#6 C:\xampp\htdocs\CI_new\vendor\codeigniter4\framework\system\Commands\Server\rewrite.php(34): require_once('C:\\xampp\\htdocs...')
#7 {main}
CRITICAL - 2021-02-25 07:39:30 --> array_flip(): Can only flip STRING and INTEGER values!
#0 [internal function]: CodeIgniter\Debug\Exceptions->errorHandler()
#1 C:\xampp\htdocs\CI_new\app\Controllers\Home.php(191): array_flip()
#2 C:\xampp\htdocs\CI_new\vendor\codeigniter4\framework\system\CodeIgniter.php(918): App\Controllers\Home->buycar()
#3 C:\xampp\htdocs\CI_new\vendor\codeigniter4\framework\system\CodeIgniter.php(404): CodeIgniter\CodeIgniter->runController()
#4 C:\xampp\htdocs\CI_new\vendor\codeigniter4\framework\system\CodeIgniter.php(312): CodeIgniter\CodeIgniter->handleRequest()
#5 C:\xampp\htdocs\CI_new\public\index.php(45): CodeIgniter\CodeIgniter->run()
#6 C:\xampp\htdocs\CI_new\vendor\codeigniter4\framework\system\Commands\Server\rewrite.php(34): require_once('C:\\xampp\\htdocs...')
#7 {main}
CRITICAL - 2021-02-25 07:39:35 --> array_flip(): Can only flip STRING and INTEGER values!
#0 [internal function]: CodeIgniter\Debug\Exceptions->errorHandler()
#1 C:\xampp\htdocs\CI_new\app\Controllers\Home.php(191): array_flip()
#2 C:\xampp\htdocs\CI_new\vendor\codeigniter4\framework\system\CodeIgniter.php(918): App\Controllers\Home->buycar()
#3 C:\xampp\htdocs\CI_new\vendor\codeigniter4\framework\system\CodeIgniter.php(404): CodeIgniter\CodeIgniter->runController()
#4 C:\xampp\htdocs\CI_new\vendor\codeigniter4\framework\system\CodeIgniter.php(312): CodeIgniter\CodeIgniter->handleRequest()
#5 C:\xampp\htdocs\CI_new\public\index.php(45): CodeIgniter\CodeIgniter->run()
#6 C:\xampp\htdocs\CI_new\vendor\codeigniter4\framework\system\Commands\Server\rewrite.php(34): require_once('C:\\xampp\\htdocs...')
#7 {main}
CRITICAL - 2021-02-25 07:48:13 --> array_flip(): Can only flip STRING and INTEGER values!
#0 [internal function]: CodeIgniter\Debug\Exceptions->errorHandler()
#1 C:\xampp\htdocs\CI_new\app\Controllers\Home.php(168): array_flip()
#2 C:\xampp\htdocs\CI_new\vendor\codeigniter4\framework\system\CodeIgniter.php(918): App\Controllers\Home->buycar()
#3 C:\xampp\htdocs\CI_new\vendor\codeigniter4\framework\system\CodeIgniter.php(404): CodeIgniter\CodeIgniter->runController()
#4 C:\xampp\htdocs\CI_new\vendor\codeigniter4\framework\system\CodeIgniter.php(312): CodeIgniter\CodeIgniter->handleRequest()
#5 C:\xampp\htdocs\CI_new\public\index.php(45): CodeIgniter\CodeIgniter->run()
#6 C:\xampp\htdocs\CI_new\vendor\codeigniter4\framework\system\Commands\Server\rewrite.php(34): require_once('C:\\xampp\\htdocs...')
#7 {main}
CRITICAL - 2021-02-25 07:48:20 --> array_flip(): Can only flip STRING and INTEGER values!
#0 [internal function]: CodeIgniter\Debug\Exceptions->errorHandler()
#1 C:\xampp\htdocs\CI_new\app\Controllers\Home.php(168): array_flip()
#2 C:\xampp\htdocs\CI_new\vendor\codeigniter4\framework\system\CodeIgniter.php(918): App\Controllers\Home->buycar()
#3 C:\xampp\htdocs\CI_new\vendor\codeigniter4\framework\system\CodeIgniter.php(404): CodeIgniter\CodeIgniter->runController()
#4 C:\xampp\htdocs\CI_new\vendor\codeigniter4\framework\system\CodeIgniter.php(312): CodeIgniter\CodeIgniter->handleRequest()
#5 C:\xampp\htdocs\CI_new\public\index.php(45): CodeIgniter\CodeIgniter->run()
#6 C:\xampp\htdocs\CI_new\vendor\codeigniter4\framework\system\Commands\Server\rewrite.php(34): require_once('C:\\xampp\\htdocs...')
#7 {main}
CRITICAL - 2021-02-25 07:50:07 --> array_flip(): Can only flip STRING and INTEGER values!
#0 [internal function]: CodeIgniter\Debug\Exceptions->errorHandler()
#1 C:\xampp\htdocs\CI_new\app\Controllers\Home.php(168): array_flip()
#2 C:\xampp\htdocs\CI_new\vendor\codeigniter4\framework\system\CodeIgniter.php(918): App\Controllers\Home->buycar()
#3 C:\xampp\htdocs\CI_new\vendor\codeigniter4\framework\system\CodeIgniter.php(404): CodeIgniter\CodeIgniter->runController()
#4 C:\xampp\htdocs\CI_new\vendor\codeigniter4\framework\system\CodeIgniter.php(312): CodeIgniter\CodeIgniter->handleRequest()
#5 C:\xampp\htdocs\CI_new\public\index.php(45): CodeIgniter\CodeIgniter->run()
#6 C:\xampp\htdocs\CI_new\vendor\codeigniter4\framework\system\Commands\Server\rewrite.php(34): require_once('C:\\xampp\\htdocs...')
#7 {main}
CRITICAL - 2021-02-25 07:50:20 --> array_flip(): Can only flip STRING and INTEGER values!
#0 [internal function]: CodeIgniter\Debug\Exceptions->errorHandler()
#1 C:\xampp\htdocs\CI_new\app\Controllers\Home.php(168): array_flip()
#2 C:\xampp\htdocs\CI_new\vendor\codeigniter4\framework\system\CodeIgniter.php(918): App\Controllers\Home->buycar()
#3 C:\xampp\htdocs\CI_new\vendor\codeigniter4\framework\system\CodeIgniter.php(404): CodeIgniter\CodeIgniter->runController()
#4 C:\xampp\htdocs\CI_new\vendor\codeigniter4\framework\system\CodeIgniter.php(312): CodeIgniter\CodeIgniter->handleRequest()
#5 C:\xampp\htdocs\CI_new\public\index.php(45): CodeIgniter\CodeIgniter->run()
#6 C:\xampp\htdocs\CI_new\vendor\codeigniter4\framework\system\Commands\Server\rewrite.php(34): require_once('C:\\xampp\\htdocs...')
#7 {main}
CRITICAL - 2021-02-25 07:50:23 --> array_flip(): Can only flip STRING and INTEGER values!
#0 [internal function]: CodeIgniter\Debug\Exceptions->errorHandler()
#1 C:\xampp\htdocs\CI_new\app\Controllers\Home.php(168): array_flip()
#2 C:\xampp\htdocs\CI_new\vendor\codeigniter4\framework\system\CodeIgniter.php(918): App\Controllers\Home->buycar()
#3 C:\xampp\htdocs\CI_new\vendor\codeigniter4\framework\system\CodeIgniter.php(404): CodeIgniter\CodeIgniter->runController()
#4 C:\xampp\htdocs\CI_new\vendor\codeigniter4\framework\system\CodeIgniter.php(312): CodeIgniter\CodeIgniter->handleRequest()
#5 C:\xampp\htdocs\CI_new\public\index.php(45): CodeIgniter\CodeIgniter->run()
#6 C:\xampp\htdocs\CI_new\vendor\codeigniter4\framework\system\Commands\Server\rewrite.php(34): require_once('C:\\xampp\\htdocs...')
#7 {main}
CRITICAL - 2021-02-25 07:52:56 --> array_flip(): Can only flip STRING and INTEGER values!
#0 [internal function]: CodeIgniter\Debug\Exceptions->errorHandler()
#1 C:\xampp\htdocs\CI_new\app\Controllers\Home.php(191): array_flip()
#2 C:\xampp\htdocs\CI_new\vendor\codeigniter4\framework\system\CodeIgniter.php(918): App\Controllers\Home->buycar()
#3 C:\xampp\htdocs\CI_new\vendor\codeigniter4\framework\system\CodeIgniter.php(404): CodeIgniter\CodeIgniter->runController()
#4 C:\xampp\htdocs\CI_new\vendor\codeigniter4\framework\system\CodeIgniter.php(312): CodeIgniter\CodeIgniter->handleRequest()
#5 C:\xampp\htdocs\CI_new\public\index.php(45): CodeIgniter\CodeIgniter->run()
#6 C:\xampp\htdocs\CI_new\vendor\codeigniter4\framework\system\Commands\Server\rewrite.php(34): require_once('C:\\xampp\\htdocs...')
#7 {main}
