CRITICAL - 2021-02-11 07:30:08 --> Call to undefined function App\Controllers\sendmail()
#0 C:\xampp\htdocs\CI_new\vendor\codeigniter4\framework\system\CodeIgniter.php(918): App\Controllers\Home->contact()
#1 C:\xampp\htdocs\CI_new\vendor\codeigniter4\framework\system\CodeIgniter.php(404): CodeIgniter\CodeIgniter->runController()
#2 C:\xampp\htdocs\CI_new\vendor\codeigniter4\framework\system\CodeIgniter.php(312): CodeIgniter\CodeIgniter->handleRequest()
#3 C:\xampp\htdocs\CI_new\public\index.php(45): CodeIgniter\CodeIgniter->run()
#4 C:\xampp\htdocs\CI_new\vendor\codeigniter4\framework\system\Commands\Server\rewrite.php(34): require_once('C:\\xampp\\htdocs...')
#5 {main}
CRITICAL - 2021-02-11 07:33:15 --> Call to undefined function App\Controllers\sendmail()
#0 C:\xampp\htdocs\CI_new\vendor\codeigniter4\framework\system\CodeIgniter.php(918): App\Controllers\Home->contact()
#1 C:\xampp\htdocs\CI_new\vendor\codeigniter4\framework\system\CodeIgniter.php(404): CodeIgniter\CodeIgniter->runController()
#2 C:\xampp\htdocs\CI_new\vendor\codeigniter4\framework\system\CodeIgniter.php(312): CodeIgniter\CodeIgniter->handleRequest()
#3 C:\xampp\htdocs\CI_new\public\index.php(45): CodeIgniter\CodeIgniter->run()
#4 C:\xampp\htdocs\CI_new\vendor\codeigniter4\framework\system\Commands\Server\rewrite.php(34): require_once('C:\\xampp\\htdocs...')
#5 {main}
CRITICAL - 2021-02-11 07:54:10 --> Required "app_id" key not supplied in config and could not find fallback environment variable "FACEBOOK_APP_ID"
#0 C:\xampp\htdocs\CI_new\app\Controllers\FB.php(14): Facebook\Facebook->__construct()
#1 C:\xampp\htdocs\CI_new\vendor\codeigniter4\framework\system\CodeIgniter.php(918): App\Controllers\FB->login()
#2 C:\xampp\htdocs\CI_new\vendor\codeigniter4\framework\system\CodeIgniter.php(404): CodeIgniter\CodeIgniter->runController()
#3 C:\xampp\htdocs\CI_new\vendor\codeigniter4\framework\system\CodeIgniter.php(312): CodeIgniter\CodeIgniter->handleRequest()
#4 C:\xampp\htdocs\CI_new\public\index.php(45): CodeIgniter\CodeIgniter->run()
#5 C:\xampp\htdocs\CI_new\vendor\codeigniter4\framework\system\Commands\Server\rewrite.php(34): require_once('C:\\xampp\\htdocs...')
#6 {main}
CRITICAL - 2021-02-11 07:54:17 --> Required "app_id" key not supplied in config and could not find fallback environment variable "FACEBOOK_APP_ID"
#0 C:\xampp\htdocs\CI_new\app\Controllers\FB.php(14): Facebook\Facebook->__construct()
#1 C:\xampp\htdocs\CI_new\vendor\codeigniter4\framework\system\CodeIgniter.php(918): App\Controllers\FB->login()
#2 C:\xampp\htdocs\CI_new\vendor\codeigniter4\framework\system\CodeIgniter.php(404): CodeIgniter\CodeIgniter->runController()
#3 C:\xampp\htdocs\CI_new\vendor\codeigniter4\framework\system\CodeIgniter.php(312): CodeIgniter\CodeIgniter->handleRequest()
#4 C:\xampp\htdocs\CI_new\public\index.php(45): CodeIgniter\CodeIgniter->run()
#5 C:\xampp\htdocs\CI_new\vendor\codeigniter4\framework\system\Commands\Server\rewrite.php(34): require_once('C:\\xampp\\htdocs...')
#6 {main}
CRITICAL - 2021-02-11 08:00:59 --> This authorization code has been used.
#0 C:\xampp\htdocs\CI_new\vendor\facebook\graph-sdk\src\Facebook\FacebookResponse.php(210): Facebook\Exceptions\FacebookResponseException::create()
#1 C:\xampp\htdocs\CI_new\vendor\facebook\graph-sdk\src\Facebook\FacebookResponse.php(255): Facebook\FacebookResponse->makeException()
#2 C:\xampp\htdocs\CI_new\vendor\facebook\graph-sdk\src\Facebook\FacebookResponse.php(82): Facebook\FacebookResponse->decodeBody()
#3 C:\xampp\htdocs\CI_new\vendor\facebook\graph-sdk\src\Facebook\FacebookClient.php(224): Facebook\FacebookResponse->__construct()
#4 C:\xampp\htdocs\CI_new\vendor\facebook\graph-sdk\src\Facebook\Authentication\OAuth2Client.php(277): Facebook\FacebookClient->sendRequest()
#5 C:\xampp\htdocs\CI_new\vendor\facebook\graph-sdk\src\Facebook\Authentication\OAuth2Client.php(226): Facebook\Authentication\OAuth2Client->sendRequestWithClientParams()
#6 C:\xampp\htdocs\CI_new\vendor\facebook\graph-sdk\src\Facebook\Authentication\OAuth2Client.php(166): Facebook\Authentication\OAuth2Client->requestAnAccessToken()
#7 C:\xampp\htdocs\CI_new\vendor\facebook\graph-sdk\src\Facebook\Helpers\FacebookRedirectLoginHelper.php(228): Facebook\Authentication\OAuth2Client->getAccessTokenFromCode()
#8 C:\xampp\htdocs\CI_new\app\Controllers\FB.php(42): Facebook\Helpers\FacebookRedirectLoginHelper->getAccessToken()
#9 C:\xampp\htdocs\CI_new\vendor\codeigniter4\framework\system\CodeIgniter.php(918): App\Controllers\FB->callback()
#10 C:\xampp\htdocs\CI_new\vendor\codeigniter4\framework\system\CodeIgniter.php(404): CodeIgniter\CodeIgniter->runController()
#11 C:\xampp\htdocs\CI_new\vendor\codeigniter4\framework\system\CodeIgniter.php(312): CodeIgniter\CodeIgniter->handleRequest()
#12 C:\xampp\htdocs\CI_new\public\index.php(45): CodeIgniter\CodeIgniter->run()
#13 C:\xampp\htdocs\CI_new\vendor\codeigniter4\framework\system\Commands\Server\rewrite.php(34): require_once('C:\\xampp\\htdocs...')
#14 {main}
CRITICAL - 2021-02-11 08:01:01 --> This authorization code has been used.
#0 C:\xampp\htdocs\CI_new\vendor\facebook\graph-sdk\src\Facebook\FacebookResponse.php(210): Facebook\Exceptions\FacebookResponseException::create()
#1 C:\xampp\htdocs\CI_new\vendor\facebook\graph-sdk\src\Facebook\FacebookResponse.php(255): Facebook\FacebookResponse->makeException()
#2 C:\xampp\htdocs\CI_new\vendor\facebook\graph-sdk\src\Facebook\FacebookResponse.php(82): Facebook\FacebookResponse->decodeBody()
#3 C:\xampp\htdocs\CI_new\vendor\facebook\graph-sdk\src\Facebook\FacebookClient.php(224): Facebook\FacebookResponse->__construct()
#4 C:\xampp\htdocs\CI_new\vendor\facebook\graph-sdk\src\Facebook\Authentication\OAuth2Client.php(277): Facebook\FacebookClient->sendRequest()
#5 C:\xampp\htdocs\CI_new\vendor\facebook\graph-sdk\src\Facebook\Authentication\OAuth2Client.php(226): Facebook\Authentication\OAuth2Client->sendRequestWithClientParams()
#6 C:\xampp\htdocs\CI_new\vendor\facebook\graph-sdk\src\Facebook\Authentication\OAuth2Client.php(166): Facebook\Authentication\OAuth2Client->requestAnAccessToken()
#7 C:\xampp\htdocs\CI_new\vendor\facebook\graph-sdk\src\Facebook\Helpers\FacebookRedirectLoginHelper.php(228): Facebook\Authentication\OAuth2Client->getAccessTokenFromCode()
#8 C:\xampp\htdocs\CI_new\app\Controllers\FB.php(42): Facebook\Helpers\FacebookRedirectLoginHelper->getAccessToken()
#9 C:\xampp\htdocs\CI_new\vendor\codeigniter4\framework\system\CodeIgniter.php(918): App\Controllers\FB->callback()
#10 C:\xampp\htdocs\CI_new\vendor\codeigniter4\framework\system\CodeIgniter.php(404): CodeIgniter\CodeIgniter->runController()
#11 C:\xampp\htdocs\CI_new\vendor\codeigniter4\framework\system\CodeIgniter.php(312): CodeIgniter\CodeIgniter->handleRequest()
#12 C:\xampp\htdocs\CI_new\public\index.php(45): CodeIgniter\CodeIgniter->run()
#13 C:\xampp\htdocs\CI_new\vendor\codeigniter4\framework\system\Commands\Server\rewrite.php(34): require_once('C:\\xampp\\htdocs...')
#14 {main}
CRITICAL - 2021-02-11 08:01:03 --> This authorization code has been used.
#0 C:\xampp\htdocs\CI_new\vendor\facebook\graph-sdk\src\Facebook\FacebookResponse.php(210): Facebook\Exceptions\FacebookResponseException::create()
#1 C:\xampp\htdocs\CI_new\vendor\facebook\graph-sdk\src\Facebook\FacebookResponse.php(255): Facebook\FacebookResponse->makeException()
#2 C:\xampp\htdocs\CI_new\vendor\facebook\graph-sdk\src\Facebook\FacebookResponse.php(82): Facebook\FacebookResponse->decodeBody()
#3 C:\xampp\htdocs\CI_new\vendor\facebook\graph-sdk\src\Facebook\FacebookClient.php(224): Facebook\FacebookResponse->__construct()
#4 C:\xampp\htdocs\CI_new\vendor\facebook\graph-sdk\src\Facebook\Authentication\OAuth2Client.php(277): Facebook\FacebookClient->sendRequest()
#5 C:\xampp\htdocs\CI_new\vendor\facebook\graph-sdk\src\Facebook\Authentication\OAuth2Client.php(226): Facebook\Authentication\OAuth2Client->sendRequestWithClientParams()
#6 C:\xampp\htdocs\CI_new\vendor\facebook\graph-sdk\src\Facebook\Authentication\OAuth2Client.php(166): Facebook\Authentication\OAuth2Client->requestAnAccessToken()
#7 C:\xampp\htdocs\CI_new\vendor\facebook\graph-sdk\src\Facebook\Helpers\FacebookRedirectLoginHelper.php(228): Facebook\Authentication\OAuth2Client->getAccessTokenFromCode()
#8 C:\xampp\htdocs\CI_new\app\Controllers\FB.php(42): Facebook\Helpers\FacebookRedirectLoginHelper->getAccessToken()
#9 C:\xampp\htdocs\CI_new\vendor\codeigniter4\framework\system\CodeIgniter.php(918): App\Controllers\FB->callback()
#10 C:\xampp\htdocs\CI_new\vendor\codeigniter4\framework\system\CodeIgniter.php(404): CodeIgniter\CodeIgniter->runController()
#11 C:\xampp\htdocs\CI_new\vendor\codeigniter4\framework\system\CodeIgniter.php(312): CodeIgniter\CodeIgniter->handleRequest()
#12 C:\xampp\htdocs\CI_new\public\index.php(45): CodeIgniter\CodeIgniter->run()
#13 C:\xampp\htdocs\CI_new\vendor\codeigniter4\framework\system\Commands\Server\rewrite.php(34): require_once('C:\\xampp\\htdocs...')
#14 {main}
CRITICAL - 2021-02-11 08:01:20 --> This authorization code has been used.
#0 C:\xampp\htdocs\CI_new\vendor\facebook\graph-sdk\src\Facebook\FacebookResponse.php(210): Facebook\Exceptions\FacebookResponseException::create()
#1 C:\xampp\htdocs\CI_new\vendor\facebook\graph-sdk\src\Facebook\FacebookResponse.php(255): Facebook\FacebookResponse->makeException()
#2 C:\xampp\htdocs\CI_new\vendor\facebook\graph-sdk\src\Facebook\FacebookResponse.php(82): Facebook\FacebookResponse->decodeBody()
#3 C:\xampp\htdocs\CI_new\vendor\facebook\graph-sdk\src\Facebook\FacebookClient.php(224): Facebook\FacebookResponse->__construct()
#4 C:\xampp\htdocs\CI_new\vendor\facebook\graph-sdk\src\Facebook\Authentication\OAuth2Client.php(277): Facebook\FacebookClient->sendRequest()
#5 C:\xampp\htdocs\CI_new\vendor\facebook\graph-sdk\src\Facebook\Authentication\OAuth2Client.php(226): Facebook\Authentication\OAuth2Client->sendRequestWithClientParams()
#6 C:\xampp\htdocs\CI_new\vendor\facebook\graph-sdk\src\Facebook\Authentication\OAuth2Client.php(166): Facebook\Authentication\OAuth2Client->requestAnAccessToken()
#7 C:\xampp\htdocs\CI_new\vendor\facebook\graph-sdk\src\Facebook\Helpers\FacebookRedirectLoginHelper.php(228): Facebook\Authentication\OAuth2Client->getAccessTokenFromCode()
#8 C:\xampp\htdocs\CI_new\app\Controllers\FB.php(42): Facebook\Helpers\FacebookRedirectLoginHelper->getAccessToken()
#9 C:\xampp\htdocs\CI_new\vendor\codeigniter4\framework\system\CodeIgniter.php(918): App\Controllers\FB->callback()
#10 C:\xampp\htdocs\CI_new\vendor\codeigniter4\framework\system\CodeIgniter.php(404): CodeIgniter\CodeIgniter->runController()
#11 C:\xampp\htdocs\CI_new\vendor\codeigniter4\framework\system\CodeIgniter.php(312): CodeIgniter\CodeIgniter->handleRequest()
#12 C:\xampp\htdocs\CI_new\public\index.php(45): CodeIgniter\CodeIgniter->run()
#13 C:\xampp\htdocs\CI_new\vendor\codeigniter4\framework\system\Commands\Server\rewrite.php(34): require_once('C:\\xampp\\htdocs...')
#14 {main}
CRITICAL - 2021-02-11 08:01:22 --> This authorization code has been used.
#0 C:\xampp\htdocs\CI_new\vendor\facebook\graph-sdk\src\Facebook\FacebookResponse.php(210): Facebook\Exceptions\FacebookResponseException::create()
#1 C:\xampp\htdocs\CI_new\vendor\facebook\graph-sdk\src\Facebook\FacebookResponse.php(255): Facebook\FacebookResponse->makeException()
#2 C:\xampp\htdocs\CI_new\vendor\facebook\graph-sdk\src\Facebook\FacebookResponse.php(82): Facebook\FacebookResponse->decodeBody()
#3 C:\xampp\htdocs\CI_new\vendor\facebook\graph-sdk\src\Facebook\FacebookClient.php(224): Facebook\FacebookResponse->__construct()
#4 C:\xampp\htdocs\CI_new\vendor\facebook\graph-sdk\src\Facebook\Authentication\OAuth2Client.php(277): Facebook\FacebookClient->sendRequest()
#5 C:\xampp\htdocs\CI_new\vendor\facebook\graph-sdk\src\Facebook\Authentication\OAuth2Client.php(226): Facebook\Authentication\OAuth2Client->sendRequestWithClientParams()
#6 C:\xampp\htdocs\CI_new\vendor\facebook\graph-sdk\src\Facebook\Authentication\OAuth2Client.php(166): Facebook\Authentication\OAuth2Client->requestAnAccessToken()
#7 C:\xampp\htdocs\CI_new\vendor\facebook\graph-sdk\src\Facebook\Helpers\FacebookRedirectLoginHelper.php(228): Facebook\Authentication\OAuth2Client->getAccessTokenFromCode()
#8 C:\xampp\htdocs\CI_new\app\Controllers\FB.php(42): Facebook\Helpers\FacebookRedirectLoginHelper->getAccessToken()
#9 C:\xampp\htdocs\CI_new\vendor\codeigniter4\framework\system\CodeIgniter.php(918): App\Controllers\FB->callback()
#10 C:\xampp\htdocs\CI_new\vendor\codeigniter4\framework\system\CodeIgniter.php(404): CodeIgniter\CodeIgniter->runController()
#11 C:\xampp\htdocs\CI_new\vendor\codeigniter4\framework\system\CodeIgniter.php(312): CodeIgniter\CodeIgniter->handleRequest()
#12 C:\xampp\htdocs\CI_new\public\index.php(45): CodeIgniter\CodeIgniter->run()
#13 C:\xampp\htdocs\CI_new\vendor\codeigniter4\framework\system\Commands\Server\rewrite.php(34): require_once('C:\\xampp\\htdocs...')
#14 {main}
CRITICAL - 2021-02-11 08:01:23 --> This authorization code has been used.
#0 C:\xampp\htdocs\CI_new\vendor\facebook\graph-sdk\src\Facebook\FacebookResponse.php(210): Facebook\Exceptions\FacebookResponseException::create()
#1 C:\xampp\htdocs\CI_new\vendor\facebook\graph-sdk\src\Facebook\FacebookResponse.php(255): Facebook\FacebookResponse->makeException()
#2 C:\xampp\htdocs\CI_new\vendor\facebook\graph-sdk\src\Facebook\FacebookResponse.php(82): Facebook\FacebookResponse->decodeBody()
#3 C:\xampp\htdocs\CI_new\vendor\facebook\graph-sdk\src\Facebook\FacebookClient.php(224): Facebook\FacebookResponse->__construct()
#4 C:\xampp\htdocs\CI_new\vendor\facebook\graph-sdk\src\Facebook\Authentication\OAuth2Client.php(277): Facebook\FacebookClient->sendRequest()
#5 C:\xampp\htdocs\CI_new\vendor\facebook\graph-sdk\src\Facebook\Authentication\OAuth2Client.php(226): Facebook\Authentication\OAuth2Client->sendRequestWithClientParams()
#6 C:\xampp\htdocs\CI_new\vendor\facebook\graph-sdk\src\Facebook\Authentication\OAuth2Client.php(166): Facebook\Authentication\OAuth2Client->requestAnAccessToken()
#7 C:\xampp\htdocs\CI_new\vendor\facebook\graph-sdk\src\Facebook\Helpers\FacebookRedirectLoginHelper.php(228): Facebook\Authentication\OAuth2Client->getAccessTokenFromCode()
#8 C:\xampp\htdocs\CI_new\app\Controllers\FB.php(42): Facebook\Helpers\FacebookRedirectLoginHelper->getAccessToken()
#9 C:\xampp\htdocs\CI_new\vendor\codeigniter4\framework\system\CodeIgniter.php(918): App\Controllers\FB->callback()
#10 C:\xampp\htdocs\CI_new\vendor\codeigniter4\framework\system\CodeIgniter.php(404): CodeIgniter\CodeIgniter->runController()
#11 C:\xampp\htdocs\CI_new\vendor\codeigniter4\framework\system\CodeIgniter.php(312): CodeIgniter\CodeIgniter->handleRequest()
#12 C:\xampp\htdocs\CI_new\public\index.php(45): CodeIgniter\CodeIgniter->run()
#13 C:\xampp\htdocs\CI_new\vendor\codeigniter4\framework\system\Commands\Server\rewrite.php(34): require_once('C:\\xampp\\htdocs...')
#14 {main}
CRITICAL - 2021-02-11 08:01:26 --> This authorization code has been used.
#0 C:\xampp\htdocs\CI_new\vendor\facebook\graph-sdk\src\Facebook\FacebookResponse.php(210): Facebook\Exceptions\FacebookResponseException::create()
#1 C:\xampp\htdocs\CI_new\vendor\facebook\graph-sdk\src\Facebook\FacebookResponse.php(255): Facebook\FacebookResponse->makeException()
#2 C:\xampp\htdocs\CI_new\vendor\facebook\graph-sdk\src\Facebook\FacebookResponse.php(82): Facebook\FacebookResponse->decodeBody()
#3 C:\xampp\htdocs\CI_new\vendor\facebook\graph-sdk\src\Facebook\FacebookClient.php(224): Facebook\FacebookResponse->__construct()
#4 C:\xampp\htdocs\CI_new\vendor\facebook\graph-sdk\src\Facebook\Authentication\OAuth2Client.php(277): Facebook\FacebookClient->sendRequest()
#5 C:\xampp\htdocs\CI_new\vendor\facebook\graph-sdk\src\Facebook\Authentication\OAuth2Client.php(226): Facebook\Authentication\OAuth2Client->sendRequestWithClientParams()
#6 C:\xampp\htdocs\CI_new\vendor\facebook\graph-sdk\src\Facebook\Authentication\OAuth2Client.php(166): Facebook\Authentication\OAuth2Client->requestAnAccessToken()
#7 C:\xampp\htdocs\CI_new\vendor\facebook\graph-sdk\src\Facebook\Helpers\FacebookRedirectLoginHelper.php(228): Facebook\Authentication\OAuth2Client->getAccessTokenFromCode()
#8 C:\xampp\htdocs\CI_new\app\Controllers\FB.php(42): Facebook\Helpers\FacebookRedirectLoginHelper->getAccessToken()
#9 C:\xampp\htdocs\CI_new\vendor\codeigniter4\framework\system\CodeIgniter.php(918): App\Controllers\FB->callback()
#10 C:\xampp\htdocs\CI_new\vendor\codeigniter4\framework\system\CodeIgniter.php(404): CodeIgniter\CodeIgniter->runController()
#11 C:\xampp\htdocs\CI_new\vendor\codeigniter4\framework\system\CodeIgniter.php(312): CodeIgniter\CodeIgniter->handleRequest()
#12 C:\xampp\htdocs\CI_new\public\index.php(45): CodeIgniter\CodeIgniter->run()
#13 C:\xampp\htdocs\CI_new\vendor\codeigniter4\framework\system\Commands\Server\rewrite.php(34): require_once('C:\\xampp\\htdocs...')
#14 {main}
CRITICAL - 2021-02-11 08:02:20 --> This authorization code has been used.
#0 C:\xampp\htdocs\CI_new\vendor\facebook\graph-sdk\src\Facebook\FacebookResponse.php(210): Facebook\Exceptions\FacebookResponseException::create()
#1 C:\xampp\htdocs\CI_new\vendor\facebook\graph-sdk\src\Facebook\FacebookResponse.php(255): Facebook\FacebookResponse->makeException()
#2 C:\xampp\htdocs\CI_new\vendor\facebook\graph-sdk\src\Facebook\FacebookResponse.php(82): Facebook\FacebookResponse->decodeBody()
#3 C:\xampp\htdocs\CI_new\vendor\facebook\graph-sdk\src\Facebook\FacebookClient.php(224): Facebook\FacebookResponse->__construct()
#4 C:\xampp\htdocs\CI_new\vendor\facebook\graph-sdk\src\Facebook\Authentication\OAuth2Client.php(277): Facebook\FacebookClient->sendRequest()
#5 C:\xampp\htdocs\CI_new\vendor\facebook\graph-sdk\src\Facebook\Authentication\OAuth2Client.php(226): Facebook\Authentication\OAuth2Client->sendRequestWithClientParams()
#6 C:\xampp\htdocs\CI_new\vendor\facebook\graph-sdk\src\Facebook\Authentication\OAuth2Client.php(166): Facebook\Authentication\OAuth2Client->requestAnAccessToken()
#7 C:\xampp\htdocs\CI_new\vendor\facebook\graph-sdk\src\Facebook\Helpers\FacebookRedirectLoginHelper.php(228): Facebook\Authentication\OAuth2Client->getAccessTokenFromCode()
#8 C:\xampp\htdocs\CI_new\app\Controllers\FB.php(42): Facebook\Helpers\FacebookRedirectLoginHelper->getAccessToken()
#9 C:\xampp\htdocs\CI_new\vendor\codeigniter4\framework\system\CodeIgniter.php(918): App\Controllers\FB->callback()
#10 C:\xampp\htdocs\CI_new\vendor\codeigniter4\framework\system\CodeIgniter.php(404): CodeIgniter\CodeIgniter->runController()
#11 C:\xampp\htdocs\CI_new\vendor\codeigniter4\framework\system\CodeIgniter.php(312): CodeIgniter\CodeIgniter->handleRequest()
#12 C:\xampp\htdocs\CI_new\public\index.php(45): CodeIgniter\CodeIgniter->run()
#13 C:\xampp\htdocs\CI_new\vendor\codeigniter4\framework\system\Commands\Server\rewrite.php(34): require_once('C:\\xampp\\htdocs...')
#14 {main}
CRITICAL - 2021-02-11 08:02:22 --> This authorization code has been used.
#0 C:\xampp\htdocs\CI_new\vendor\facebook\graph-sdk\src\Facebook\FacebookResponse.php(210): Facebook\Exceptions\FacebookResponseException::create()
#1 C:\xampp\htdocs\CI_new\vendor\facebook\graph-sdk\src\Facebook\FacebookResponse.php(255): Facebook\FacebookResponse->makeException()
#2 C:\xampp\htdocs\CI_new\vendor\facebook\graph-sdk\src\Facebook\FacebookResponse.php(82): Facebook\FacebookResponse->decodeBody()
#3 C:\xampp\htdocs\CI_new\vendor\facebook\graph-sdk\src\Facebook\FacebookClient.php(224): Facebook\FacebookResponse->__construct()
#4 C:\xampp\htdocs\CI_new\vendor\facebook\graph-sdk\src\Facebook\Authentication\OAuth2Client.php(277): Facebook\FacebookClient->sendRequest()
#5 C:\xampp\htdocs\CI_new\vendor\facebook\graph-sdk\src\Facebook\Authentication\OAuth2Client.php(226): Facebook\Authentication\OAuth2Client->sendRequestWithClientParams()
#6 C:\xampp\htdocs\CI_new\vendor\facebook\graph-sdk\src\Facebook\Authentication\OAuth2Client.php(166): Facebook\Authentication\OAuth2Client->requestAnAccessToken()
#7 C:\xampp\htdocs\CI_new\vendor\facebook\graph-sdk\src\Facebook\Helpers\FacebookRedirectLoginHelper.php(228): Facebook\Authentication\OAuth2Client->getAccessTokenFromCode()
#8 C:\xampp\htdocs\CI_new\app\Controllers\FB.php(42): Facebook\Helpers\FacebookRedirectLoginHelper->getAccessToken()
#9 C:\xampp\htdocs\CI_new\vendor\codeigniter4\framework\system\CodeIgniter.php(918): App\Controllers\FB->callback()
#10 C:\xampp\htdocs\CI_new\vendor\codeigniter4\framework\system\CodeIgniter.php(404): CodeIgniter\CodeIgniter->runController()
#11 C:\xampp\htdocs\CI_new\vendor\codeigniter4\framework\system\CodeIgniter.php(312): CodeIgniter\CodeIgniter->handleRequest()
#12 C:\xampp\htdocs\CI_new\public\index.php(45): CodeIgniter\CodeIgniter->run()
#13 C:\xampp\htdocs\CI_new\vendor\codeigniter4\framework\system\Commands\Server\rewrite.php(34): require_once('C:\\xampp\\htdocs...')
#14 {main}
CRITICAL - 2021-02-11 08:02:29 --> This authorization code has been used.
#0 C:\xampp\htdocs\CI_new\vendor\facebook\graph-sdk\src\Facebook\FacebookResponse.php(210): Facebook\Exceptions\FacebookResponseException::create()
#1 C:\xampp\htdocs\CI_new\vendor\facebook\graph-sdk\src\Facebook\FacebookResponse.php(255): Facebook\FacebookResponse->makeException()
#2 C:\xampp\htdocs\CI_new\vendor\facebook\graph-sdk\src\Facebook\FacebookResponse.php(82): Facebook\FacebookResponse->decodeBody()
#3 C:\xampp\htdocs\CI_new\vendor\facebook\graph-sdk\src\Facebook\FacebookClient.php(224): Facebook\FacebookResponse->__construct()
#4 C:\xampp\htdocs\CI_new\vendor\facebook\graph-sdk\src\Facebook\Authentication\OAuth2Client.php(277): Facebook\FacebookClient->sendRequest()
#5 C:\xampp\htdocs\CI_new\vendor\facebook\graph-sdk\src\Facebook\Authentication\OAuth2Client.php(226): Facebook\Authentication\OAuth2Client->sendRequestWithClientParams()
#6 C:\xampp\htdocs\CI_new\vendor\facebook\graph-sdk\src\Facebook\Authentication\OAuth2Client.php(166): Facebook\Authentication\OAuth2Client->requestAnAccessToken()
#7 C:\xampp\htdocs\CI_new\vendor\facebook\graph-sdk\src\Facebook\Helpers\FacebookRedirectLoginHelper.php(228): Facebook\Authentication\OAuth2Client->getAccessTokenFromCode()
#8 C:\xampp\htdocs\CI_new\app\Controllers\FB.php(42): Facebook\Helpers\FacebookRedirectLoginHelper->getAccessToken()
#9 C:\xampp\htdocs\CI_new\vendor\codeigniter4\framework\system\CodeIgniter.php(918): App\Controllers\FB->callback()
#10 C:\xampp\htdocs\CI_new\vendor\codeigniter4\framework\system\CodeIgniter.php(404): CodeIgniter\CodeIgniter->runController()
#11 C:\xampp\htdocs\CI_new\vendor\codeigniter4\framework\system\CodeIgniter.php(312): CodeIgniter\CodeIgniter->handleRequest()
#12 C:\xampp\htdocs\CI_new\public\index.php(45): CodeIgniter\CodeIgniter->run()
#13 C:\xampp\htdocs\CI_new\vendor\codeigniter4\framework\system\Commands\Server\rewrite.php(34): require_once('C:\\xampp\\htdocs...')
#14 {main}
CRITICAL - 2021-02-11 08:02:36 --> This authorization code has been used.
#0 C:\xampp\htdocs\CI_new\vendor\facebook\graph-sdk\src\Facebook\FacebookResponse.php(210): Facebook\Exceptions\FacebookResponseException::create()
#1 C:\xampp\htdocs\CI_new\vendor\facebook\graph-sdk\src\Facebook\FacebookResponse.php(255): Facebook\FacebookResponse->makeException()
#2 C:\xampp\htdocs\CI_new\vendor\facebook\graph-sdk\src\Facebook\FacebookResponse.php(82): Facebook\FacebookResponse->decodeBody()
#3 C:\xampp\htdocs\CI_new\vendor\facebook\graph-sdk\src\Facebook\FacebookClient.php(224): Facebook\FacebookResponse->__construct()
#4 C:\xampp\htdocs\CI_new\vendor\facebook\graph-sdk\src\Facebook\Authentication\OAuth2Client.php(277): Facebook\FacebookClient->sendRequest()
#5 C:\xampp\htdocs\CI_new\vendor\facebook\graph-sdk\src\Facebook\Authentication\OAuth2Client.php(226): Facebook\Authentication\OAuth2Client->sendRequestWithClientParams()
#6 C:\xampp\htdocs\CI_new\vendor\facebook\graph-sdk\src\Facebook\Authentication\OAuth2Client.php(166): Facebook\Authentication\OAuth2Client->requestAnAccessToken()
#7 C:\xampp\htdocs\CI_new\vendor\facebook\graph-sdk\src\Facebook\Helpers\FacebookRedirectLoginHelper.php(228): Facebook\Authentication\OAuth2Client->getAccessTokenFromCode()
#8 C:\xampp\htdocs\CI_new\app\Controllers\FB.php(42): Facebook\Helpers\FacebookRedirectLoginHelper->getAccessToken()
#9 C:\xampp\htdocs\CI_new\vendor\codeigniter4\framework\system\CodeIgniter.php(918): App\Controllers\FB->callback()
#10 C:\xampp\htdocs\CI_new\vendor\codeigniter4\framework\system\CodeIgniter.php(404): CodeIgniter\CodeIgniter->runController()
#11 C:\xampp\htdocs\CI_new\vendor\codeigniter4\framework\system\CodeIgniter.php(312): CodeIgniter\CodeIgniter->handleRequest()
#12 C:\xampp\htdocs\CI_new\public\index.php(45): CodeIgniter\CodeIgniter->run()
#13 C:\xampp\htdocs\CI_new\vendor\codeigniter4\framework\system\Commands\Server\rewrite.php(34): require_once('C:\\xampp\\htdocs...')
#14 {main}
CRITICAL - 2021-02-11 08:05:03 --> session_destroy(): Trying to destroy uninitialized session
#0 [internal function]: CodeIgniter\Debug\Exceptions->errorHandler()
#1 C:\xampp\htdocs\CI_new\app\Controllers\FB.php(56): session_destroy()
#2 C:\xampp\htdocs\CI_new\vendor\codeigniter4\framework\system\CodeIgniter.php(918): App\Controllers\FB->callback()
#3 C:\xampp\htdocs\CI_new\vendor\codeigniter4\framework\system\CodeIgniter.php(404): CodeIgniter\CodeIgniter->runController()
#4 C:\xampp\htdocs\CI_new\vendor\codeigniter4\framework\system\CodeIgniter.php(312): CodeIgniter\CodeIgniter->handleRequest()
#5 C:\xampp\htdocs\CI_new\public\index.php(45): CodeIgniter\CodeIgniter->run()
#6 C:\xampp\htdocs\CI_new\vendor\codeigniter4\framework\system\Commands\Server\rewrite.php(34): require_once('C:\\xampp\\htdocs...')
#7 {main}
CRITICAL - 2021-02-11 08:05:21 --> This authorization code has been used.
#0 C:\xampp\htdocs\CI_new\vendor\facebook\graph-sdk\src\Facebook\FacebookResponse.php(210): Facebook\Exceptions\FacebookResponseException::create()
#1 C:\xampp\htdocs\CI_new\vendor\facebook\graph-sdk\src\Facebook\FacebookResponse.php(255): Facebook\FacebookResponse->makeException()
#2 C:\xampp\htdocs\CI_new\vendor\facebook\graph-sdk\src\Facebook\FacebookResponse.php(82): Facebook\FacebookResponse->decodeBody()
#3 C:\xampp\htdocs\CI_new\vendor\facebook\graph-sdk\src\Facebook\FacebookClient.php(224): Facebook\FacebookResponse->__construct()
#4 C:\xampp\htdocs\CI_new\vendor\facebook\graph-sdk\src\Facebook\Authentication\OAuth2Client.php(277): Facebook\FacebookClient->sendRequest()
#5 C:\xampp\htdocs\CI_new\vendor\facebook\graph-sdk\src\Facebook\Authentication\OAuth2Client.php(226): Facebook\Authentication\OAuth2Client->sendRequestWithClientParams()
#6 C:\xampp\htdocs\CI_new\vendor\facebook\graph-sdk\src\Facebook\Authentication\OAuth2Client.php(166): Facebook\Authentication\OAuth2Client->requestAnAccessToken()
#7 C:\xampp\htdocs\CI_new\vendor\facebook\graph-sdk\src\Facebook\Helpers\FacebookRedirectLoginHelper.php(228): Facebook\Authentication\OAuth2Client->getAccessTokenFromCode()
#8 C:\xampp\htdocs\CI_new\app\Controllers\FB.php(42): Facebook\Helpers\FacebookRedirectLoginHelper->getAccessToken()
#9 C:\xampp\htdocs\CI_new\vendor\codeigniter4\framework\system\CodeIgniter.php(918): App\Controllers\FB->callback()
#10 C:\xampp\htdocs\CI_new\vendor\codeigniter4\framework\system\CodeIgniter.php(404): CodeIgniter\CodeIgniter->runController()
#11 C:\xampp\htdocs\CI_new\vendor\codeigniter4\framework\system\CodeIgniter.php(312): CodeIgniter\CodeIgniter->handleRequest()
#12 C:\xampp\htdocs\CI_new\public\index.php(45): CodeIgniter\CodeIgniter->run()
#13 C:\xampp\htdocs\CI_new\vendor\codeigniter4\framework\system\Commands\Server\rewrite.php(34): require_once('C:\\xampp\\htdocs...')
#14 {main}
CRITICAL - 2021-02-11 08:05:23 --> This authorization code has been used.
#0 C:\xampp\htdocs\CI_new\vendor\facebook\graph-sdk\src\Facebook\FacebookResponse.php(210): Facebook\Exceptions\FacebookResponseException::create()
#1 C:\xampp\htdocs\CI_new\vendor\facebook\graph-sdk\src\Facebook\FacebookResponse.php(255): Facebook\FacebookResponse->makeException()
#2 C:\xampp\htdocs\CI_new\vendor\facebook\graph-sdk\src\Facebook\FacebookResponse.php(82): Facebook\FacebookResponse->decodeBody()
#3 C:\xampp\htdocs\CI_new\vendor\facebook\graph-sdk\src\Facebook\FacebookClient.php(224): Facebook\FacebookResponse->__construct()
#4 C:\xampp\htdocs\CI_new\vendor\facebook\graph-sdk\src\Facebook\Authentication\OAuth2Client.php(277): Facebook\FacebookClient->sendRequest()
#5 C:\xampp\htdocs\CI_new\vendor\facebook\graph-sdk\src\Facebook\Authentication\OAuth2Client.php(226): Facebook\Authentication\OAuth2Client->sendRequestWithClientParams()
#6 C:\xampp\htdocs\CI_new\vendor\facebook\graph-sdk\src\Facebook\Authentication\OAuth2Client.php(166): Facebook\Authentication\OAuth2Client->requestAnAccessToken()
#7 C:\xampp\htdocs\CI_new\vendor\facebook\graph-sdk\src\Facebook\Helpers\FacebookRedirectLoginHelper.php(228): Facebook\Authentication\OAuth2Client->getAccessTokenFromCode()
#8 C:\xampp\htdocs\CI_new\app\Controllers\FB.php(42): Facebook\Helpers\FacebookRedirectLoginHelper->getAccessToken()
#9 C:\xampp\htdocs\CI_new\vendor\codeigniter4\framework\system\CodeIgniter.php(918): App\Controllers\FB->callback()
#10 C:\xampp\htdocs\CI_new\vendor\codeigniter4\framework\system\CodeIgniter.php(404): CodeIgniter\CodeIgniter->runController()
#11 C:\xampp\htdocs\CI_new\vendor\codeigniter4\framework\system\CodeIgniter.php(312): CodeIgniter\CodeIgniter->handleRequest()
#12 C:\xampp\htdocs\CI_new\public\index.php(45): CodeIgniter\CodeIgniter->run()
#13 C:\xampp\htdocs\CI_new\vendor\codeigniter4\framework\system\Commands\Server\rewrite.php(34): require_once('C:\\xampp\\htdocs...')
#14 {main}
CRITICAL - 2021-02-11 08:05:24 --> This authorization code has been used.
#0 C:\xampp\htdocs\CI_new\vendor\facebook\graph-sdk\src\Facebook\FacebookResponse.php(210): Facebook\Exceptions\FacebookResponseException::create()
#1 C:\xampp\htdocs\CI_new\vendor\facebook\graph-sdk\src\Facebook\FacebookResponse.php(255): Facebook\FacebookResponse->makeException()
#2 C:\xampp\htdocs\CI_new\vendor\facebook\graph-sdk\src\Facebook\FacebookResponse.php(82): Facebook\FacebookResponse->decodeBody()
#3 C:\xampp\htdocs\CI_new\vendor\facebook\graph-sdk\src\Facebook\FacebookClient.php(224): Facebook\FacebookResponse->__construct()
#4 C:\xampp\htdocs\CI_new\vendor\facebook\graph-sdk\src\Facebook\Authentication\OAuth2Client.php(277): Facebook\FacebookClient->sendRequest()
#5 C:\xampp\htdocs\CI_new\vendor\facebook\graph-sdk\src\Facebook\Authentication\OAuth2Client.php(226): Facebook\Authentication\OAuth2Client->sendRequestWithClientParams()
#6 C:\xampp\htdocs\CI_new\vendor\facebook\graph-sdk\src\Facebook\Authentication\OAuth2Client.php(166): Facebook\Authentication\OAuth2Client->requestAnAccessToken()
#7 C:\xampp\htdocs\CI_new\vendor\facebook\graph-sdk\src\Facebook\Helpers\FacebookRedirectLoginHelper.php(228): Facebook\Authentication\OAuth2Client->getAccessTokenFromCode()
#8 C:\xampp\htdocs\CI_new\app\Controllers\FB.php(42): Facebook\Helpers\FacebookRedirectLoginHelper->getAccessToken()
#9 C:\xampp\htdocs\CI_new\vendor\codeigniter4\framework\system\CodeIgniter.php(918): App\Controllers\FB->callback()
#10 C:\xampp\htdocs\CI_new\vendor\codeigniter4\framework\system\CodeIgniter.php(404): CodeIgniter\CodeIgniter->runController()
#11 C:\xampp\htdocs\CI_new\vendor\codeigniter4\framework\system\CodeIgniter.php(312): CodeIgniter\CodeIgniter->handleRequest()
#12 C:\xampp\htdocs\CI_new\public\index.php(45): CodeIgniter\CodeIgniter->run()
#13 C:\xampp\htdocs\CI_new\vendor\codeigniter4\framework\system\Commands\Server\rewrite.php(34): require_once('C:\\xampp\\htdocs...')
#14 {main}
CRITICAL - 2021-02-11 08:09:44 --> This authorization code has been used.
#0 C:\xampp\htdocs\CI_new\vendor\facebook\graph-sdk\src\Facebook\FacebookResponse.php(210): Facebook\Exceptions\FacebookResponseException::create()
#1 C:\xampp\htdocs\CI_new\vendor\facebook\graph-sdk\src\Facebook\FacebookResponse.php(255): Facebook\FacebookResponse->makeException()
#2 C:\xampp\htdocs\CI_new\vendor\facebook\graph-sdk\src\Facebook\FacebookResponse.php(82): Facebook\FacebookResponse->decodeBody()
#3 C:\xampp\htdocs\CI_new\vendor\facebook\graph-sdk\src\Facebook\FacebookClient.php(224): Facebook\FacebookResponse->__construct()
#4 C:\xampp\htdocs\CI_new\vendor\facebook\graph-sdk\src\Facebook\Authentication\OAuth2Client.php(277): Facebook\FacebookClient->sendRequest()
#5 C:\xampp\htdocs\CI_new\vendor\facebook\graph-sdk\src\Facebook\Authentication\OAuth2Client.php(226): Facebook\Authentication\OAuth2Client->sendRequestWithClientParams()
#6 C:\xampp\htdocs\CI_new\vendor\facebook\graph-sdk\src\Facebook\Authentication\OAuth2Client.php(166): Facebook\Authentication\OAuth2Client->requestAnAccessToken()
#7 C:\xampp\htdocs\CI_new\vendor\facebook\graph-sdk\src\Facebook\Helpers\FacebookRedirectLoginHelper.php(228): Facebook\Authentication\OAuth2Client->getAccessTokenFromCode()
#8 C:\xampp\htdocs\CI_new\app\Controllers\FB.php(42): Facebook\Helpers\FacebookRedirectLoginHelper->getAccessToken()
#9 C:\xampp\htdocs\CI_new\vendor\codeigniter4\framework\system\CodeIgniter.php(918): App\Controllers\FB->callback()
#10 C:\xampp\htdocs\CI_new\vendor\codeigniter4\framework\system\CodeIgniter.php(404): CodeIgniter\CodeIgniter->runController()
#11 C:\xampp\htdocs\CI_new\vendor\codeigniter4\framework\system\CodeIgniter.php(312): CodeIgniter\CodeIgniter->handleRequest()
#12 C:\xampp\htdocs\CI_new\public\index.php(45): CodeIgniter\CodeIgniter->run()
#13 C:\xampp\htdocs\CI_new\vendor\codeigniter4\framework\system\Commands\Server\rewrite.php(34): require_once('C:\\xampp\\htdocs...')
#14 {main}
CRITICAL - 2021-02-11 08:09:47 --> This authorization code has been used.
#0 C:\xampp\htdocs\CI_new\vendor\facebook\graph-sdk\src\Facebook\FacebookResponse.php(210): Facebook\Exceptions\FacebookResponseException::create()
#1 C:\xampp\htdocs\CI_new\vendor\facebook\graph-sdk\src\Facebook\FacebookResponse.php(255): Facebook\FacebookResponse->makeException()
#2 C:\xampp\htdocs\CI_new\vendor\facebook\graph-sdk\src\Facebook\FacebookResponse.php(82): Facebook\FacebookResponse->decodeBody()
#3 C:\xampp\htdocs\CI_new\vendor\facebook\graph-sdk\src\Facebook\FacebookClient.php(224): Facebook\FacebookResponse->__construct()
#4 C:\xampp\htdocs\CI_new\vendor\facebook\graph-sdk\src\Facebook\Authentication\OAuth2Client.php(277): Facebook\FacebookClient->sendRequest()
#5 C:\xampp\htdocs\CI_new\vendor\facebook\graph-sdk\src\Facebook\Authentication\OAuth2Client.php(226): Facebook\Authentication\OAuth2Client->sendRequestWithClientParams()
#6 C:\xampp\htdocs\CI_new\vendor\facebook\graph-sdk\src\Facebook\Authentication\OAuth2Client.php(166): Facebook\Authentication\OAuth2Client->requestAnAccessToken()
#7 C:\xampp\htdocs\CI_new\vendor\facebook\graph-sdk\src\Facebook\Helpers\FacebookRedirectLoginHelper.php(228): Facebook\Authentication\OAuth2Client->getAccessTokenFromCode()
#8 C:\xampp\htdocs\CI_new\app\Controllers\FB.php(42): Facebook\Helpers\FacebookRedirectLoginHelper->getAccessToken()
#9 C:\xampp\htdocs\CI_new\vendor\codeigniter4\framework\system\CodeIgniter.php(918): App\Controllers\FB->callback()
#10 C:\xampp\htdocs\CI_new\vendor\codeigniter4\framework\system\CodeIgniter.php(404): CodeIgniter\CodeIgniter->runController()
#11 C:\xampp\htdocs\CI_new\vendor\codeigniter4\framework\system\CodeIgniter.php(312): CodeIgniter\CodeIgniter->handleRequest()
#12 C:\xampp\htdocs\CI_new\public\index.php(45): CodeIgniter\CodeIgniter->run()
#13 C:\xampp\htdocs\CI_new\vendor\codeigniter4\framework\system\Commands\Server\rewrite.php(34): require_once('C:\\xampp\\htdocs...')
#14 {main}
CRITICAL - 2021-02-11 08:11:37 --> This authorization code has expired.
#0 C:\xampp\htdocs\CI_new\vendor\facebook\graph-sdk\src\Facebook\FacebookResponse.php(210): Facebook\Exceptions\FacebookResponseException::create()
#1 C:\xampp\htdocs\CI_new\vendor\facebook\graph-sdk\src\Facebook\FacebookResponse.php(255): Facebook\FacebookResponse->makeException()
#2 C:\xampp\htdocs\CI_new\vendor\facebook\graph-sdk\src\Facebook\FacebookResponse.php(82): Facebook\FacebookResponse->decodeBody()
#3 C:\xampp\htdocs\CI_new\vendor\facebook\graph-sdk\src\Facebook\FacebookClient.php(224): Facebook\FacebookResponse->__construct()
#4 C:\xampp\htdocs\CI_new\vendor\facebook\graph-sdk\src\Facebook\Authentication\OAuth2Client.php(277): Facebook\FacebookClient->sendRequest()
#5 C:\xampp\htdocs\CI_new\vendor\facebook\graph-sdk\src\Facebook\Authentication\OAuth2Client.php(226): Facebook\Authentication\OAuth2Client->sendRequestWithClientParams()
#6 C:\xampp\htdocs\CI_new\vendor\facebook\graph-sdk\src\Facebook\Authentication\OAuth2Client.php(166): Facebook\Authentication\OAuth2Client->requestAnAccessToken()
#7 C:\xampp\htdocs\CI_new\vendor\facebook\graph-sdk\src\Facebook\Helpers\FacebookRedirectLoginHelper.php(228): Facebook\Authentication\OAuth2Client->getAccessTokenFromCode()
#8 C:\xampp\htdocs\CI_new\app\Controllers\FB.php(42): Facebook\Helpers\FacebookRedirectLoginHelper->getAccessToken()
#9 C:\xampp\htdocs\CI_new\vendor\codeigniter4\framework\system\CodeIgniter.php(918): App\Controllers\FB->callback()
#10 C:\xampp\htdocs\CI_new\vendor\codeigniter4\framework\system\CodeIgniter.php(404): CodeIgniter\CodeIgniter->runController()
#11 C:\xampp\htdocs\CI_new\vendor\codeigniter4\framework\system\CodeIgniter.php(312): CodeIgniter\CodeIgniter->handleRequest()
#12 C:\xampp\htdocs\CI_new\public\index.php(45): CodeIgniter\CodeIgniter->run()
#13 C:\xampp\htdocs\CI_new\vendor\codeigniter4\framework\system\Commands\Server\rewrite.php(34): require_once('C:\\xampp\\htdocs...')
#14 {main}
CRITICAL - 2021-02-11 08:11:38 --> This authorization code has expired.
#0 C:\xampp\htdocs\CI_new\vendor\facebook\graph-sdk\src\Facebook\FacebookResponse.php(210): Facebook\Exceptions\FacebookResponseException::create()
#1 C:\xampp\htdocs\CI_new\vendor\facebook\graph-sdk\src\Facebook\FacebookResponse.php(255): Facebook\FacebookResponse->makeException()
#2 C:\xampp\htdocs\CI_new\vendor\facebook\graph-sdk\src\Facebook\FacebookResponse.php(82): Facebook\FacebookResponse->decodeBody()
#3 C:\xampp\htdocs\CI_new\vendor\facebook\graph-sdk\src\Facebook\FacebookClient.php(224): Facebook\FacebookResponse->__construct()
#4 C:\xampp\htdocs\CI_new\vendor\facebook\graph-sdk\src\Facebook\Authentication\OAuth2Client.php(277): Facebook\FacebookClient->sendRequest()
#5 C:\xampp\htdocs\CI_new\vendor\facebook\graph-sdk\src\Facebook\Authentication\OAuth2Client.php(226): Facebook\Authentication\OAuth2Client->sendRequestWithClientParams()
#6 C:\xampp\htdocs\CI_new\vendor\facebook\graph-sdk\src\Facebook\Authentication\OAuth2Client.php(166): Facebook\Authentication\OAuth2Client->requestAnAccessToken()
#7 C:\xampp\htdocs\CI_new\vendor\facebook\graph-sdk\src\Facebook\Helpers\FacebookRedirectLoginHelper.php(228): Facebook\Authentication\OAuth2Client->getAccessTokenFromCode()
#8 C:\xampp\htdocs\CI_new\app\Controllers\FB.php(42): Facebook\Helpers\FacebookRedirectLoginHelper->getAccessToken()
#9 C:\xampp\htdocs\CI_new\vendor\codeigniter4\framework\system\CodeIgniter.php(918): App\Controllers\FB->callback()
#10 C:\xampp\htdocs\CI_new\vendor\codeigniter4\framework\system\CodeIgniter.php(404): CodeIgniter\CodeIgniter->runController()
#11 C:\xampp\htdocs\CI_new\vendor\codeigniter4\framework\system\CodeIgniter.php(312): CodeIgniter\CodeIgniter->handleRequest()
#12 C:\xampp\htdocs\CI_new\public\index.php(45): CodeIgniter\CodeIgniter->run()
#13 C:\xampp\htdocs\CI_new\vendor\codeigniter4\framework\system\Commands\Server\rewrite.php(34): require_once('C:\\xampp\\htdocs...')
#14 {main}
CRITICAL - 2021-02-11 08:17:57 --> Cross-site request forgery validation failed. Required param "state" missing from persistent data.
#0 C:\xampp\htdocs\CI_new\vendor\facebook\graph-sdk\src\Facebook\Helpers\FacebookRedirectLoginHelper.php(221): Facebook\Helpers\FacebookRedirectLoginHelper->validateCsrf()
#1 C:\xampp\htdocs\CI_new\app\Controllers\FB.php(42): Facebook\Helpers\FacebookRedirectLoginHelper->getAccessToken()
#2 C:\xampp\htdocs\CI_new\vendor\codeigniter4\framework\system\CodeIgniter.php(918): App\Controllers\FB->callback()
#3 C:\xampp\htdocs\CI_new\vendor\codeigniter4\framework\system\CodeIgniter.php(404): CodeIgniter\CodeIgniter->runController()
#4 C:\xampp\htdocs\CI_new\vendor\codeigniter4\framework\system\CodeIgniter.php(312): CodeIgniter\CodeIgniter->handleRequest()
#5 C:\xampp\htdocs\CI_new\public\index.php(45): CodeIgniter\CodeIgniter->run()
#6 C:\xampp\htdocs\CI_new\vendor\codeigniter4\framework\system\Commands\Server\rewrite.php(34): require_once('C:\\xampp\\htdocs...')
#7 {main}
CRITICAL - 2021-02-11 08:18:01 --> Cross-site request forgery validation failed. Required param "state" missing from persistent data.
#0 C:\xampp\htdocs\CI_new\vendor\facebook\graph-sdk\src\Facebook\Helpers\FacebookRedirectLoginHelper.php(221): Facebook\Helpers\FacebookRedirectLoginHelper->validateCsrf()
#1 C:\xampp\htdocs\CI_new\app\Controllers\FB.php(42): Facebook\Helpers\FacebookRedirectLoginHelper->getAccessToken()
#2 C:\xampp\htdocs\CI_new\vendor\codeigniter4\framework\system\CodeIgniter.php(918): App\Controllers\FB->callback()
#3 C:\xampp\htdocs\CI_new\vendor\codeigniter4\framework\system\CodeIgniter.php(404): CodeIgniter\CodeIgniter->runController()
#4 C:\xampp\htdocs\CI_new\vendor\codeigniter4\framework\system\CodeIgniter.php(312): CodeIgniter\CodeIgniter->handleRequest()
#5 C:\xampp\htdocs\CI_new\public\index.php(45): CodeIgniter\CodeIgniter->run()
#6 C:\xampp\htdocs\CI_new\vendor\codeigniter4\framework\system\Commands\Server\rewrite.php(34): require_once('C:\\xampp\\htdocs...')
#7 {main}
CRITICAL - 2021-02-11 08:24:30 --> This authorization code has expired.
#0 C:\xampp\htdocs\CI_new\vendor\facebook\graph-sdk\src\Facebook\FacebookResponse.php(210): Facebook\Exceptions\FacebookResponseException::create()
#1 C:\xampp\htdocs\CI_new\vendor\facebook\graph-sdk\src\Facebook\FacebookResponse.php(255): Facebook\FacebookResponse->makeException()
#2 C:\xampp\htdocs\CI_new\vendor\facebook\graph-sdk\src\Facebook\FacebookResponse.php(82): Facebook\FacebookResponse->decodeBody()
#3 C:\xampp\htdocs\CI_new\vendor\facebook\graph-sdk\src\Facebook\FacebookClient.php(224): Facebook\FacebookResponse->__construct()
#4 C:\xampp\htdocs\CI_new\vendor\facebook\graph-sdk\src\Facebook\Authentication\OAuth2Client.php(277): Facebook\FacebookClient->sendRequest()
#5 C:\xampp\htdocs\CI_new\vendor\facebook\graph-sdk\src\Facebook\Authentication\OAuth2Client.php(226): Facebook\Authentication\OAuth2Client->sendRequestWithClientParams()
#6 C:\xampp\htdocs\CI_new\vendor\facebook\graph-sdk\src\Facebook\Authentication\OAuth2Client.php(166): Facebook\Authentication\OAuth2Client->requestAnAccessToken()
#7 C:\xampp\htdocs\CI_new\vendor\facebook\graph-sdk\src\Facebook\Helpers\FacebookRedirectLoginHelper.php(228): Facebook\Authentication\OAuth2Client->getAccessTokenFromCode()
#8 C:\xampp\htdocs\CI_new\app\Controllers\FB.php(42): Facebook\Helpers\FacebookRedirectLoginHelper->getAccessToken()
#9 C:\xampp\htdocs\CI_new\vendor\codeigniter4\framework\system\CodeIgniter.php(918): App\Controllers\FB->callback()
#10 C:\xampp\htdocs\CI_new\vendor\codeigniter4\framework\system\CodeIgniter.php(404): CodeIgniter\CodeIgniter->runController()
#11 C:\xampp\htdocs\CI_new\vendor\codeigniter4\framework\system\CodeIgniter.php(312): CodeIgniter\CodeIgniter->handleRequest()
#12 C:\xampp\htdocs\CI_new\public\index.php(45): CodeIgniter\CodeIgniter->run()
#13 C:\xampp\htdocs\CI_new\vendor\codeigniter4\framework\system\Commands\Server\rewrite.php(34): require_once('C:\\xampp\\htdocs...')
#14 {main}
CRITICAL - 2021-02-11 08:24:32 --> This authorization code has expired.
#0 C:\xampp\htdocs\CI_new\vendor\facebook\graph-sdk\src\Facebook\FacebookResponse.php(210): Facebook\Exceptions\FacebookResponseException::create()
#1 C:\xampp\htdocs\CI_new\vendor\facebook\graph-sdk\src\Facebook\FacebookResponse.php(255): Facebook\FacebookResponse->makeException()
#2 C:\xampp\htdocs\CI_new\vendor\facebook\graph-sdk\src\Facebook\FacebookResponse.php(82): Facebook\FacebookResponse->decodeBody()
#3 C:\xampp\htdocs\CI_new\vendor\facebook\graph-sdk\src\Facebook\FacebookClient.php(224): Facebook\FacebookResponse->__construct()
#4 C:\xampp\htdocs\CI_new\vendor\facebook\graph-sdk\src\Facebook\Authentication\OAuth2Client.php(277): Facebook\FacebookClient->sendRequest()
#5 C:\xampp\htdocs\CI_new\vendor\facebook\graph-sdk\src\Facebook\Authentication\OAuth2Client.php(226): Facebook\Authentication\OAuth2Client->sendRequestWithClientParams()
#6 C:\xampp\htdocs\CI_new\vendor\facebook\graph-sdk\src\Facebook\Authentication\OAuth2Client.php(166): Facebook\Authentication\OAuth2Client->requestAnAccessToken()
#7 C:\xampp\htdocs\CI_new\vendor\facebook\graph-sdk\src\Facebook\Helpers\FacebookRedirectLoginHelper.php(228): Facebook\Authentication\OAuth2Client->getAccessTokenFromCode()
#8 C:\xampp\htdocs\CI_new\app\Controllers\FB.php(42): Facebook\Helpers\FacebookRedirectLoginHelper->getAccessToken()
#9 C:\xampp\htdocs\CI_new\vendor\codeigniter4\framework\system\CodeIgniter.php(918): App\Controllers\FB->callback()
#10 C:\xampp\htdocs\CI_new\vendor\codeigniter4\framework\system\CodeIgniter.php(404): CodeIgniter\CodeIgniter->runController()
#11 C:\xampp\htdocs\CI_new\vendor\codeigniter4\framework\system\CodeIgniter.php(312): CodeIgniter\CodeIgniter->handleRequest()
#12 C:\xampp\htdocs\CI_new\public\index.php(45): CodeIgniter\CodeIgniter->run()
#13 C:\xampp\htdocs\CI_new\vendor\codeigniter4\framework\system\Commands\Server\rewrite.php(34): require_once('C:\\xampp\\htdocs...')
#14 {main}
CRITICAL - 2021-02-11 08:24:33 --> This authorization code has expired.
#0 C:\xampp\htdocs\CI_new\vendor\facebook\graph-sdk\src\Facebook\FacebookResponse.php(210): Facebook\Exceptions\FacebookResponseException::create()
#1 C:\xampp\htdocs\CI_new\vendor\facebook\graph-sdk\src\Facebook\FacebookResponse.php(255): Facebook\FacebookResponse->makeException()
#2 C:\xampp\htdocs\CI_new\vendor\facebook\graph-sdk\src\Facebook\FacebookResponse.php(82): Facebook\FacebookResponse->decodeBody()
#3 C:\xampp\htdocs\CI_new\vendor\facebook\graph-sdk\src\Facebook\FacebookClient.php(224): Facebook\FacebookResponse->__construct()
#4 C:\xampp\htdocs\CI_new\vendor\facebook\graph-sdk\src\Facebook\Authentication\OAuth2Client.php(277): Facebook\FacebookClient->sendRequest()
#5 C:\xampp\htdocs\CI_new\vendor\facebook\graph-sdk\src\Facebook\Authentication\OAuth2Client.php(226): Facebook\Authentication\OAuth2Client->sendRequestWithClientParams()
#6 C:\xampp\htdocs\CI_new\vendor\facebook\graph-sdk\src\Facebook\Authentication\OAuth2Client.php(166): Facebook\Authentication\OAuth2Client->requestAnAccessToken()
#7 C:\xampp\htdocs\CI_new\vendor\facebook\graph-sdk\src\Facebook\Helpers\FacebookRedirectLoginHelper.php(228): Facebook\Authentication\OAuth2Client->getAccessTokenFromCode()
#8 C:\xampp\htdocs\CI_new\app\Controllers\FB.php(42): Facebook\Helpers\FacebookRedirectLoginHelper->getAccessToken()
#9 C:\xampp\htdocs\CI_new\vendor\codeigniter4\framework\system\CodeIgniter.php(918): App\Controllers\FB->callback()
#10 C:\xampp\htdocs\CI_new\vendor\codeigniter4\framework\system\CodeIgniter.php(404): CodeIgniter\CodeIgniter->runController()
#11 C:\xampp\htdocs\CI_new\vendor\codeigniter4\framework\system\CodeIgniter.php(312): CodeIgniter\CodeIgniter->handleRequest()
#12 C:\xampp\htdocs\CI_new\public\index.php(45): CodeIgniter\CodeIgniter->run()
#13 C:\xampp\htdocs\CI_new\vendor\codeigniter4\framework\system\Commands\Server\rewrite.php(34): require_once('C:\\xampp\\htdocs...')
#14 {main}
CRITICAL - 2021-02-11 08:25:52 --> This authorization code has been used.
#0 C:\xampp\htdocs\CI_new\vendor\facebook\graph-sdk\src\Facebook\FacebookResponse.php(210): Facebook\Exceptions\FacebookResponseException::create()
#1 C:\xampp\htdocs\CI_new\vendor\facebook\graph-sdk\src\Facebook\FacebookResponse.php(255): Facebook\FacebookResponse->makeException()
#2 C:\xampp\htdocs\CI_new\vendor\facebook\graph-sdk\src\Facebook\FacebookResponse.php(82): Facebook\FacebookResponse->decodeBody()
#3 C:\xampp\htdocs\CI_new\vendor\facebook\graph-sdk\src\Facebook\FacebookClient.php(224): Facebook\FacebookResponse->__construct()
#4 C:\xampp\htdocs\CI_new\vendor\facebook\graph-sdk\src\Facebook\Authentication\OAuth2Client.php(277): Facebook\FacebookClient->sendRequest()
#5 C:\xampp\htdocs\CI_new\vendor\facebook\graph-sdk\src\Facebook\Authentication\OAuth2Client.php(226): Facebook\Authentication\OAuth2Client->sendRequestWithClientParams()
#6 C:\xampp\htdocs\CI_new\vendor\facebook\graph-sdk\src\Facebook\Authentication\OAuth2Client.php(166): Facebook\Authentication\OAuth2Client->requestAnAccessToken()
#7 C:\xampp\htdocs\CI_new\vendor\facebook\graph-sdk\src\Facebook\Helpers\FacebookRedirectLoginHelper.php(228): Facebook\Authentication\OAuth2Client->getAccessTokenFromCode()
#8 C:\xampp\htdocs\CI_new\app\Controllers\FB.php(42): Facebook\Helpers\FacebookRedirectLoginHelper->getAccessToken()
#9 C:\xampp\htdocs\CI_new\vendor\codeigniter4\framework\system\CodeIgniter.php(918): App\Controllers\FB->callback()
#10 C:\xampp\htdocs\CI_new\vendor\codeigniter4\framework\system\CodeIgniter.php(404): CodeIgniter\CodeIgniter->runController()
#11 C:\xampp\htdocs\CI_new\vendor\codeigniter4\framework\system\CodeIgniter.php(312): CodeIgniter\CodeIgniter->handleRequest()
#12 C:\xampp\htdocs\CI_new\public\index.php(45): CodeIgniter\CodeIgniter->run()
#13 C:\xampp\htdocs\CI_new\vendor\codeigniter4\framework\system\Commands\Server\rewrite.php(34): require_once('C:\\xampp\\htdocs...')
#14 {main}
CRITICAL - 2021-02-11 08:25:54 --> This authorization code has been used.
#0 C:\xampp\htdocs\CI_new\vendor\facebook\graph-sdk\src\Facebook\FacebookResponse.php(210): Facebook\Exceptions\FacebookResponseException::create()
#1 C:\xampp\htdocs\CI_new\vendor\facebook\graph-sdk\src\Facebook\FacebookResponse.php(255): Facebook\FacebookResponse->makeException()
#2 C:\xampp\htdocs\CI_new\vendor\facebook\graph-sdk\src\Facebook\FacebookResponse.php(82): Facebook\FacebookResponse->decodeBody()
#3 C:\xampp\htdocs\CI_new\vendor\facebook\graph-sdk\src\Facebook\FacebookClient.php(224): Facebook\FacebookResponse->__construct()
#4 C:\xampp\htdocs\CI_new\vendor\facebook\graph-sdk\src\Facebook\Authentication\OAuth2Client.php(277): Facebook\FacebookClient->sendRequest()
#5 C:\xampp\htdocs\CI_new\vendor\facebook\graph-sdk\src\Facebook\Authentication\OAuth2Client.php(226): Facebook\Authentication\OAuth2Client->sendRequestWithClientParams()
#6 C:\xampp\htdocs\CI_new\vendor\facebook\graph-sdk\src\Facebook\Authentication\OAuth2Client.php(166): Facebook\Authentication\OAuth2Client->requestAnAccessToken()
#7 C:\xampp\htdocs\CI_new\vendor\facebook\graph-sdk\src\Facebook\Helpers\FacebookRedirectLoginHelper.php(228): Facebook\Authentication\OAuth2Client->getAccessTokenFromCode()
#8 C:\xampp\htdocs\CI_new\app\Controllers\FB.php(42): Facebook\Helpers\FacebookRedirectLoginHelper->getAccessToken()
#9 C:\xampp\htdocs\CI_new\vendor\codeigniter4\framework\system\CodeIgniter.php(918): App\Controllers\FB->callback()
#10 C:\xampp\htdocs\CI_new\vendor\codeigniter4\framework\system\CodeIgniter.php(404): CodeIgniter\CodeIgniter->runController()
#11 C:\xampp\htdocs\CI_new\vendor\codeigniter4\framework\system\CodeIgniter.php(312): CodeIgniter\CodeIgniter->handleRequest()
#12 C:\xampp\htdocs\CI_new\public\index.php(45): CodeIgniter\CodeIgniter->run()
#13 C:\xampp\htdocs\CI_new\vendor\codeigniter4\framework\system\Commands\Server\rewrite.php(34): require_once('C:\\xampp\\htdocs...')
#14 {main}
