CRITICAL - 2021-02-13 23:15:34 --> Argument 2 passed to view() must be of the type array, null given, called in C:\xampp\htdocs\CI_new\app\Controllers\Home.php on line 80
#0 C:\xampp\htdocs\CI_new\app\Controllers\Home.php(80): view()
#1 C:\xampp\htdocs\CI_new\vendor\codeigniter4\framework\system\CodeIgniter.php(918): App\Controllers\Home->login()
#2 C:\xampp\htdocs\CI_new\vendor\codeigniter4\framework\system\CodeIgniter.php(404): CodeIgniter\CodeIgniter->runController()
#3 C:\xampp\htdocs\CI_new\vendor\codeigniter4\framework\system\CodeIgniter.php(312): CodeIgniter\CodeIgniter->handleRequest()
#4 C:\xampp\htdocs\CI_new\public\index.php(45): CodeIgniter\CodeIgniter->run()
#5 C:\xampp\htdocs\CI_new\vendor\codeigniter4\framework\system\Commands\Server\rewrite.php(34): require_once('C:\\xampp\\htdocs...')
#6 {main}
CRITICAL - 2021-02-13 23:16:25 --> Call to a member function set() on null
#0 C:\xampp\htdocs\CI_new\vendor\codeigniter4\framework\system\CodeIgniter.php(918): App\Controllers\Home->login()
#1 C:\xampp\htdocs\CI_new\vendor\codeigniter4\framework\system\CodeIgniter.php(404): CodeIgniter\CodeIgniter->runController()
#2 C:\xampp\htdocs\CI_new\vendor\codeigniter4\framework\system\CodeIgniter.php(312): CodeIgniter\CodeIgniter->handleRequest()
#3 C:\xampp\htdocs\CI_new\public\index.php(45): CodeIgniter\CodeIgniter->run()
#4 C:\xampp\htdocs\CI_new\vendor\codeigniter4\framework\system\Commands\Server\rewrite.php(34): require_once('C:\\xampp\\htdocs...')
#5 {main}
CRITICAL - 2021-02-13 23:16:34 --> Call to a member function set() on null
#0 C:\xampp\htdocs\CI_new\vendor\codeigniter4\framework\system\CodeIgniter.php(918): App\Controllers\Home->login()
#1 C:\xampp\htdocs\CI_new\vendor\codeigniter4\framework\system\CodeIgniter.php(404): CodeIgniter\CodeIgniter->runController()
#2 C:\xampp\htdocs\CI_new\vendor\codeigniter4\framework\system\CodeIgniter.php(312): CodeIgniter\CodeIgniter->handleRequest()
#3 C:\xampp\htdocs\CI_new\public\index.php(45): CodeIgniter\CodeIgniter->run()
#4 C:\xampp\htdocs\CI_new\vendor\codeigniter4\framework\system\Commands\Server\rewrite.php(34): require_once('C:\\xampp\\htdocs...')
#5 {main}
CRITICAL - 2021-02-13 23:17:45 --> Argument 2 passed to view() must be of the type array, null given, called in C:\xampp\htdocs\CI_new\app\Controllers\Home.php on line 80
#0 C:\xampp\htdocs\CI_new\app\Controllers\Home.php(80): view()
#1 C:\xampp\htdocs\CI_new\vendor\codeigniter4\framework\system\CodeIgniter.php(918): App\Controllers\Home->login()
#2 C:\xampp\htdocs\CI_new\vendor\codeigniter4\framework\system\CodeIgniter.php(404): CodeIgniter\CodeIgniter->runController()
#3 C:\xampp\htdocs\CI_new\vendor\codeigniter4\framework\system\CodeIgniter.php(312): CodeIgniter\CodeIgniter->handleRequest()
#4 C:\xampp\htdocs\CI_new\public\index.php(45): CodeIgniter\CodeIgniter->run()
#5 C:\xampp\htdocs\CI_new\vendor\codeigniter4\framework\system\Commands\Server\rewrite.php(34): require_once('C:\\xampp\\htdocs...')
#6 {main}
CRITICAL - 2021-02-13 23:19:23 --> Argument 2 passed to view() must be of the type array, null given, called in C:\xampp\htdocs\CI_new\app\Controllers\Home.php on line 80
#0 C:\xampp\htdocs\CI_new\app\Controllers\Home.php(80): view()
#1 C:\xampp\htdocs\CI_new\vendor\codeigniter4\framework\system\CodeIgniter.php(918): App\Controllers\Home->login()
#2 C:\xampp\htdocs\CI_new\vendor\codeigniter4\framework\system\CodeIgniter.php(404): CodeIgniter\CodeIgniter->runController()
#3 C:\xampp\htdocs\CI_new\vendor\codeigniter4\framework\system\CodeIgniter.php(312): CodeIgniter\CodeIgniter->handleRequest()
#4 C:\xampp\htdocs\CI_new\public\index.php(45): CodeIgniter\CodeIgniter->run()
#5 C:\xampp\htdocs\CI_new\vendor\codeigniter4\framework\system\Commands\Server\rewrite.php(34): require_once('C:\\xampp\\htdocs...')
#6 {main}
CRITICAL - 2021-02-13 23:20:52 --> Argument 2 passed to view() must be of the type array, null given, called in C:\xampp\htdocs\CI_new\app\Controllers\Home.php on line 81
#0 C:\xampp\htdocs\CI_new\app\Controllers\Home.php(81): view()
#1 C:\xampp\htdocs\CI_new\vendor\codeigniter4\framework\system\CodeIgniter.php(918): App\Controllers\Home->login()
#2 C:\xampp\htdocs\CI_new\vendor\codeigniter4\framework\system\CodeIgniter.php(404): CodeIgniter\CodeIgniter->runController()
#3 C:\xampp\htdocs\CI_new\vendor\codeigniter4\framework\system\CodeIgniter.php(312): CodeIgniter\CodeIgniter->handleRequest()
#4 C:\xampp\htdocs\CI_new\public\index.php(45): CodeIgniter\CodeIgniter->run()
#5 C:\xampp\htdocs\CI_new\vendor\codeigniter4\framework\system\Commands\Server\rewrite.php(34): require_once('C:\\xampp\\htdocs...')
#6 {main}
CRITICAL - 2021-02-13 23:21:08 --> Argument 2 passed to view() must be of the type array, null given, called in C:\xampp\htdocs\CI_new\app\Controllers\Home.php on line 81
#0 C:\xampp\htdocs\CI_new\app\Controllers\Home.php(81): view()
#1 C:\xampp\htdocs\CI_new\vendor\codeigniter4\framework\system\CodeIgniter.php(918): App\Controllers\Home->login()
#2 C:\xampp\htdocs\CI_new\vendor\codeigniter4\framework\system\CodeIgniter.php(404): CodeIgniter\CodeIgniter->runController()
#3 C:\xampp\htdocs\CI_new\vendor\codeigniter4\framework\system\CodeIgniter.php(312): CodeIgniter\CodeIgniter->handleRequest()
#4 C:\xampp\htdocs\CI_new\public\index.php(45): CodeIgniter\CodeIgniter->run()
#5 C:\xampp\htdocs\CI_new\vendor\codeigniter4\framework\system\Commands\Server\rewrite.php(34): require_once('C:\\xampp\\htdocs...')
#6 {main}
CRITICAL - 2021-02-13 23:21:27 --> Argument 2 passed to view() must be of the type array, null given, called in C:\xampp\htdocs\CI_new\app\Controllers\Home.php on line 81
#0 C:\xampp\htdocs\CI_new\app\Controllers\Home.php(81): view()
#1 C:\xampp\htdocs\CI_new\vendor\codeigniter4\framework\system\CodeIgniter.php(918): App\Controllers\Home->login()
#2 C:\xampp\htdocs\CI_new\vendor\codeigniter4\framework\system\CodeIgniter.php(404): CodeIgniter\CodeIgniter->runController()
#3 C:\xampp\htdocs\CI_new\vendor\codeigniter4\framework\system\CodeIgniter.php(312): CodeIgniter\CodeIgniter->handleRequest()
#4 C:\xampp\htdocs\CI_new\public\index.php(45): CodeIgniter\CodeIgniter->run()
#5 C:\xampp\htdocs\CI_new\vendor\codeigniter4\framework\system\Commands\Server\rewrite.php(34): require_once('C:\\xampp\\htdocs...')
#6 {main}
CRITICAL - 2021-02-13 23:21:37 --> Argument 2 passed to view() must be of the type array, null given, called in C:\xampp\htdocs\CI_new\app\Controllers\Home.php on line 81
#0 C:\xampp\htdocs\CI_new\app\Controllers\Home.php(81): view()
#1 C:\xampp\htdocs\CI_new\vendor\codeigniter4\framework\system\CodeIgniter.php(918): App\Controllers\Home->login()
#2 C:\xampp\htdocs\CI_new\vendor\codeigniter4\framework\system\CodeIgniter.php(404): CodeIgniter\CodeIgniter->runController()
#3 C:\xampp\htdocs\CI_new\vendor\codeigniter4\framework\system\CodeIgniter.php(312): CodeIgniter\CodeIgniter->handleRequest()
#4 C:\xampp\htdocs\CI_new\public\index.php(45): CodeIgniter\CodeIgniter->run()
#5 C:\xampp\htdocs\CI_new\vendor\codeigniter4\framework\system\Commands\Server\rewrite.php(34): require_once('C:\\xampp\\htdocs...')
#6 {main}
CRITICAL - 2021-02-13 23:22:42 --> Argument 2 passed to view() must be of the type array, null given, called in C:\xampp\htdocs\CI_new\app\Controllers\Home.php on line 81
#0 C:\xampp\htdocs\CI_new\app\Controllers\Home.php(81): view()
#1 C:\xampp\htdocs\CI_new\vendor\codeigniter4\framework\system\CodeIgniter.php(918): App\Controllers\Home->login()
#2 C:\xampp\htdocs\CI_new\vendor\codeigniter4\framework\system\CodeIgniter.php(404): CodeIgniter\CodeIgniter->runController()
#3 C:\xampp\htdocs\CI_new\vendor\codeigniter4\framework\system\CodeIgniter.php(312): CodeIgniter\CodeIgniter->handleRequest()
#4 C:\xampp\htdocs\CI_new\public\index.php(45): CodeIgniter\CodeIgniter->run()
#5 C:\xampp\htdocs\CI_new\vendor\codeigniter4\framework\system\Commands\Server\rewrite.php(34): require_once('C:\\xampp\\htdocs...')
#6 {main}
CRITICAL - 2021-02-13 23:29:43 --> Call to a member function set() on null
#0 C:\xampp\htdocs\CI_new\vendor\codeigniter4\framework\system\CodeIgniter.php(918): App\Controllers\Home->login()
#1 C:\xampp\htdocs\CI_new\vendor\codeigniter4\framework\system\CodeIgniter.php(404): CodeIgniter\CodeIgniter->runController()
#2 C:\xampp\htdocs\CI_new\vendor\codeigniter4\framework\system\CodeIgniter.php(312): CodeIgniter\CodeIgniter->handleRequest()
#3 C:\xampp\htdocs\CI_new\public\index.php(45): CodeIgniter\CodeIgniter->run()
#4 C:\xampp\htdocs\CI_new\vendor\codeigniter4\framework\system\Commands\Server\rewrite.php(34): require_once('C:\\xampp\\htdocs...')
#5 {main}
CRITICAL - 2021-02-13 23:31:03 --> syntax error, unexpected 'public' (T_PUBLIC), expecting end of file
#0 C:\xampp\htdocs\CI_new\vendor\codeigniter4\framework\system\Autoloader\Autoloader.php(296): CodeIgniter\Autoloader\Autoloader->requireFile()
#1 C:\xampp\htdocs\CI_new\vendor\codeigniter4\framework\system\Autoloader\Autoloader.php(258): CodeIgniter\Autoloader\Autoloader->loadInNamespace()
#2 [internal function]: CodeIgniter\Autoloader\Autoloader->loadClass()
#3 [internal function]: spl_autoload_call()
#4 C:\xampp\htdocs\CI_new\vendor\codeigniter4\framework\system\CodeIgniter.php(869): class_exists()
#5 C:\xampp\htdocs\CI_new\vendor\codeigniter4\framework\system\CodeIgniter.php(394): CodeIgniter\CodeIgniter->startController()
#6 C:\xampp\htdocs\CI_new\vendor\codeigniter4\framework\system\CodeIgniter.php(312): CodeIgniter\CodeIgniter->handleRequest()
#7 C:\xampp\htdocs\CI_new\public\index.php(45): CodeIgniter\CodeIgniter->run()
#8 C:\xampp\htdocs\CI_new\vendor\codeigniter4\framework\system\Commands\Server\rewrite.php(34): require_once('C:\\xampp\\htdocs...')
#9 {main}
CRITICAL - 2021-02-13 23:40:18 --> Call to a member function set() on null
#0 C:\xampp\htdocs\CI_new\vendor\codeigniter4\framework\system\CodeIgniter.php(918): App\Controllers\Home->login()
#1 C:\xampp\htdocs\CI_new\vendor\codeigniter4\framework\system\CodeIgniter.php(404): CodeIgniter\CodeIgniter->runController()
#2 C:\xampp\htdocs\CI_new\vendor\codeigniter4\framework\system\CodeIgniter.php(312): CodeIgniter\CodeIgniter->handleRequest()
#3 C:\xampp\htdocs\CI_new\public\index.php(45): CodeIgniter\CodeIgniter->run()
#4 C:\xampp\htdocs\CI_new\vendor\codeigniter4\framework\system\Commands\Server\rewrite.php(34): require_once('C:\\xampp\\htdocs...')
#5 {main}
CRITICAL - 2021-02-13 23:41:30 --> Constant expression contains invalid operations
#0 [internal function]: CodeIgniter\Debug\Exceptions->shutdownHandler()
#1 {main}
CRITICAL - 2021-02-13 23:48:40 --> Call to a member function set() on null
#0 C:\xampp\htdocs\CI_new\vendor\codeigniter4\framework\system\CodeIgniter.php(918): App\Controllers\Home->login()
#1 C:\xampp\htdocs\CI_new\vendor\codeigniter4\framework\system\CodeIgniter.php(404): CodeIgniter\CodeIgniter->runController()
#2 C:\xampp\htdocs\CI_new\vendor\codeigniter4\framework\system\CodeIgniter.php(312): CodeIgniter\CodeIgniter->handleRequest()
#3 C:\xampp\htdocs\CI_new\public\index.php(45): CodeIgniter\CodeIgniter->run()
#4 C:\xampp\htdocs\CI_new\vendor\codeigniter4\framework\system\Commands\Server\rewrite.php(34): require_once('C:\\xampp\\htdocs...')
#5 {main}
