CRITICAL - 2021-01-24 22:51:29 --> Call to a member function setPassword() on string
#0 C:\Users\X550JX\dev\PHP\cidatabase\vendor\codeigniter4\framework\system\CodeIgniter.php(918): App\Controllers\Home->register()
#1 C:\Users\X550JX\dev\PHP\cidatabase\vendor\codeigniter4\framework\system\CodeIgniter.php(404): CodeIgniter\CodeIgniter->runController(Object(App\Controllers\Home))
#2 C:\Users\X550JX\dev\PHP\cidatabase\vendor\codeigniter4\framework\system\CodeIgniter.php(312): CodeIgniter\CodeIgniter->handleRequest(NULL, Object(Config\Cache), false)
#3 C:\Users\X550JX\dev\PHP\cidatabase\public\index.php(45): CodeIgniter\CodeIgniter->run()
#4 C:\Users\X550JX\dev\PHP\cidatabase\vendor\codeigniter4\framework\system\Commands\Server\rewrite.php(34): require_once('C:\\Users\\X550JX...')
#5 {main}
CRITICAL - 2021-01-24 22:55:58 --> Call to a member function setPassword() on string
#0 C:\Users\X550JX\dev\PHP\cidatabase\vendor\codeigniter4\framework\system\CodeIgniter.php(918): App\Controllers\Home->register()
#1 C:\Users\X550JX\dev\PHP\cidatabase\vendor\codeigniter4\framework\system\CodeIgniter.php(404): CodeIgniter\CodeIgniter->runController(Object(App\Controllers\Home))
#2 C:\Users\X550JX\dev\PHP\cidatabase\vendor\codeigniter4\framework\system\CodeIgniter.php(312): CodeIgniter\CodeIgniter->handleRequest(NULL, Object(Config\Cache), false)
#3 C:\Users\X550JX\dev\PHP\cidatabase\public\index.php(45): CodeIgniter\CodeIgniter->run()
#4 C:\Users\X550JX\dev\PHP\cidatabase\vendor\codeigniter4\framework\system\Commands\Server\rewrite.php(34): require_once('C:\\Users\\X550JX...')
#5 {main}
CRITICAL - 2021-01-24 22:59:52 --> Argument 1 passed to CodeIgniter\Validation\Rules::min_length() must be of the type string or null, object given, called in C:\Users\X550JX\dev\PHP\cidatabase\vendor\codeigniter4\framework\system\Validation\Validation.php on line 325
#0 C:\Users\X550JX\dev\PHP\cidatabase\vendor\codeigniter4\framework\system\Validation\Validation.php(325): CodeIgniter\Validation\Rules->min_length(Object(App\Entities\User), '8', Array, NULL)
#1 C:\Users\X550JX\dev\PHP\cidatabase\vendor\codeigniter4\framework\system\Validation\Validation.php(189): CodeIgniter\Validation\Validation->processRules('password', 'password', Object(App\Entities\User), Array, Array)
#2 C:\Users\X550JX\dev\PHP\cidatabase\vendor\codeigniter4\framework\system\Model.php(1505): CodeIgniter\Validation\Validation->run(Array, NULL, NULL)
#3 C:\Users\X550JX\dev\PHP\cidatabase\vendor\codeigniter4\framework\system\Model.php(727): CodeIgniter\Model->validate(Array)
#4 C:\Users\X550JX\dev\PHP\cidatabase\vendor\codeigniter4\framework\system\Model.php(574): CodeIgniter\Model->insert(Array, false)
#5 C:\Users\X550JX\dev\PHP\cidatabase\app\Controllers\Home.php(116): CodeIgniter\Model->save(Array)
#6 C:\Users\X550JX\dev\PHP\cidatabase\vendor\codeigniter4\framework\system\CodeIgniter.php(918): App\Controllers\Home->register()
#7 C:\Users\X550JX\dev\PHP\cidatabase\vendor\codeigniter4\framework\system\CodeIgniter.php(404): CodeIgniter\CodeIgniter->runController(Object(App\Controllers\Home))
#8 C:\Users\X550JX\dev\PHP\cidatabase\vendor\codeigniter4\framework\system\CodeIgniter.php(312): CodeIgniter\CodeIgniter->handleRequest(NULL, Object(Config\Cache), false)
#9 C:\Users\X550JX\dev\PHP\cidatabase\public\index.php(45): CodeIgniter\CodeIgniter->run()
#10 C:\Users\X550JX\dev\PHP\cidatabase\vendor\codeigniter4\framework\system\Commands\Server\rewrite.php(34): require_once('C:\\Users\\X550JX...')
#11 {main}
CRITICAL - 2021-01-24 23:03:11 --> Object of class App\Entities\User could not be converted to string
#0 C:\Users\X550JX\dev\PHP\cidatabase\vendor\codeigniter4\framework\system\CodeIgniter.php(918): App\Controllers\Home->register()
#1 C:\Users\X550JX\dev\PHP\cidatabase\vendor\codeigniter4\framework\system\CodeIgniter.php(404): CodeIgniter\CodeIgniter->runController(Object(App\Controllers\Home))
#2 C:\Users\X550JX\dev\PHP\cidatabase\vendor\codeigniter4\framework\system\CodeIgniter.php(312): CodeIgniter\CodeIgniter->handleRequest(NULL, Object(Config\Cache), false)
#3 C:\Users\X550JX\dev\PHP\cidatabase\public\index.php(45): CodeIgniter\CodeIgniter->run()
#4 C:\Users\X550JX\dev\PHP\cidatabase\vendor\codeigniter4\framework\system\Commands\Server\rewrite.php(34): require_once('C:\\Users\\X550JX...')
#5 {main}
