CRITICAL - 2021-02-10 09:35:11 --> This authorization code has been used.
#0 C:\xampp\htdocs\CI_new\vendor\facebook\graph-sdk\src\Facebook\FacebookResponse.php(210): Facebook\Exceptions\FacebookResponseException::create()
#1 C:\xampp\htdocs\CI_new\vendor\facebook\graph-sdk\src\Facebook\FacebookResponse.php(255): Facebook\FacebookResponse->makeException()
#2 C:\xampp\htdocs\CI_new\vendor\facebook\graph-sdk\src\Facebook\FacebookResponse.php(82): Facebook\FacebookResponse->decodeBody()
#3 C:\xampp\htdocs\CI_new\vendor\facebook\graph-sdk\src\Facebook\FacebookClient.php(224): Facebook\FacebookResponse->__construct()
#4 C:\xampp\htdocs\CI_new\vendor\facebook\graph-sdk\src\Facebook\Authentication\OAuth2Client.php(277): Facebook\FacebookClient->sendRequest()
#5 C:\xampp\htdocs\CI_new\vendor\facebook\graph-sdk\src\Facebook\Authentication\OAuth2Client.php(226): Facebook\Authentication\OAuth2Client->sendRequestWithClientParams()
#6 C:\xampp\htdocs\CI_new\vendor\facebook\graph-sdk\src\Facebook\Authentication\OAuth2Client.php(166): Facebook\Authentication\OAuth2Client->requestAnAccessToken()
#7 C:\xampp\htdocs\CI_new\vendor\facebook\graph-sdk\src\Facebook\Helpers\FacebookRedirectLoginHelper.php(228): Facebook\Authentication\OAuth2Client->getAccessTokenFromCode()
#8 C:\xampp\htdocs\CI_new\app\Controllers\FB.php(42): Facebook\Helpers\FacebookRedirectLoginHelper->getAccessToken()
#9 C:\xampp\htdocs\CI_new\vendor\codeigniter4\framework\system\CodeIgniter.php(918): App\Controllers\FB->callback()
#10 C:\xampp\htdocs\CI_new\vendor\codeigniter4\framework\system\CodeIgniter.php(404): CodeIgniter\CodeIgniter->runController()
#11 C:\xampp\htdocs\CI_new\vendor\codeigniter4\framework\system\CodeIgniter.php(312): CodeIgniter\CodeIgniter->handleRequest()
#12 C:\xampp\htdocs\CI_new\public\index.php(45): CodeIgniter\CodeIgniter->run()
#13 C:\xampp\htdocs\CI_new\vendor\codeigniter4\framework\system\Commands\Server\rewrite.php(34): require_once('C:\\xampp\\htdocs...')
#14 {main}
CRITICAL - 2021-02-10 09:35:14 --> This authorization code has been used.
#0 C:\xampp\htdocs\CI_new\vendor\facebook\graph-sdk\src\Facebook\FacebookResponse.php(210): Facebook\Exceptions\FacebookResponseException::create()
#1 C:\xampp\htdocs\CI_new\vendor\facebook\graph-sdk\src\Facebook\FacebookResponse.php(255): Facebook\FacebookResponse->makeException()
#2 C:\xampp\htdocs\CI_new\vendor\facebook\graph-sdk\src\Facebook\FacebookResponse.php(82): Facebook\FacebookResponse->decodeBody()
#3 C:\xampp\htdocs\CI_new\vendor\facebook\graph-sdk\src\Facebook\FacebookClient.php(224): Facebook\FacebookResponse->__construct()
#4 C:\xampp\htdocs\CI_new\vendor\facebook\graph-sdk\src\Facebook\Authentication\OAuth2Client.php(277): Facebook\FacebookClient->sendRequest()
#5 C:\xampp\htdocs\CI_new\vendor\facebook\graph-sdk\src\Facebook\Authentication\OAuth2Client.php(226): Facebook\Authentication\OAuth2Client->sendRequestWithClientParams()
#6 C:\xampp\htdocs\CI_new\vendor\facebook\graph-sdk\src\Facebook\Authentication\OAuth2Client.php(166): Facebook\Authentication\OAuth2Client->requestAnAccessToken()
#7 C:\xampp\htdocs\CI_new\vendor\facebook\graph-sdk\src\Facebook\Helpers\FacebookRedirectLoginHelper.php(228): Facebook\Authentication\OAuth2Client->getAccessTokenFromCode()
#8 C:\xampp\htdocs\CI_new\app\Controllers\FB.php(42): Facebook\Helpers\FacebookRedirectLoginHelper->getAccessToken()
#9 C:\xampp\htdocs\CI_new\vendor\codeigniter4\framework\system\CodeIgniter.php(918): App\Controllers\FB->callback()
#10 C:\xampp\htdocs\CI_new\vendor\codeigniter4\framework\system\CodeIgniter.php(404): CodeIgniter\CodeIgniter->runController()
#11 C:\xampp\htdocs\CI_new\vendor\codeigniter4\framework\system\CodeIgniter.php(312): CodeIgniter\CodeIgniter->handleRequest()
#12 C:\xampp\htdocs\CI_new\public\index.php(45): CodeIgniter\CodeIgniter->run()
#13 C:\xampp\htdocs\CI_new\vendor\codeigniter4\framework\system\Commands\Server\rewrite.php(34): require_once('C:\\xampp\\htdocs...')
#14 {main}
CRITICAL - 2021-02-10 09:35:16 --> This authorization code has been used.
#0 C:\xampp\htdocs\CI_new\vendor\facebook\graph-sdk\src\Facebook\FacebookResponse.php(210): Facebook\Exceptions\FacebookResponseException::create()
#1 C:\xampp\htdocs\CI_new\vendor\facebook\graph-sdk\src\Facebook\FacebookResponse.php(255): Facebook\FacebookResponse->makeException()
#2 C:\xampp\htdocs\CI_new\vendor\facebook\graph-sdk\src\Facebook\FacebookResponse.php(82): Facebook\FacebookResponse->decodeBody()
#3 C:\xampp\htdocs\CI_new\vendor\facebook\graph-sdk\src\Facebook\FacebookClient.php(224): Facebook\FacebookResponse->__construct()
#4 C:\xampp\htdocs\CI_new\vendor\facebook\graph-sdk\src\Facebook\Authentication\OAuth2Client.php(277): Facebook\FacebookClient->sendRequest()
#5 C:\xampp\htdocs\CI_new\vendor\facebook\graph-sdk\src\Facebook\Authentication\OAuth2Client.php(226): Facebook\Authentication\OAuth2Client->sendRequestWithClientParams()
#6 C:\xampp\htdocs\CI_new\vendor\facebook\graph-sdk\src\Facebook\Authentication\OAuth2Client.php(166): Facebook\Authentication\OAuth2Client->requestAnAccessToken()
#7 C:\xampp\htdocs\CI_new\vendor\facebook\graph-sdk\src\Facebook\Helpers\FacebookRedirectLoginHelper.php(228): Facebook\Authentication\OAuth2Client->getAccessTokenFromCode()
#8 C:\xampp\htdocs\CI_new\app\Controllers\FB.php(42): Facebook\Helpers\FacebookRedirectLoginHelper->getAccessToken()
#9 C:\xampp\htdocs\CI_new\vendor\codeigniter4\framework\system\CodeIgniter.php(918): App\Controllers\FB->callback()
#10 C:\xampp\htdocs\CI_new\vendor\codeigniter4\framework\system\CodeIgniter.php(404): CodeIgniter\CodeIgniter->runController()
#11 C:\xampp\htdocs\CI_new\vendor\codeigniter4\framework\system\CodeIgniter.php(312): CodeIgniter\CodeIgniter->handleRequest()
#12 C:\xampp\htdocs\CI_new\public\index.php(45): CodeIgniter\CodeIgniter->run()
#13 C:\xampp\htdocs\CI_new\vendor\codeigniter4\framework\system\Commands\Server\rewrite.php(34): require_once('C:\\xampp\\htdocs...')
#14 {main}
CRITICAL - 2021-02-10 09:35:23 --> This authorization code has been used.
#0 C:\xampp\htdocs\CI_new\vendor\facebook\graph-sdk\src\Facebook\FacebookResponse.php(210): Facebook\Exceptions\FacebookResponseException::create()
#1 C:\xampp\htdocs\CI_new\vendor\facebook\graph-sdk\src\Facebook\FacebookResponse.php(255): Facebook\FacebookResponse->makeException()
#2 C:\xampp\htdocs\CI_new\vendor\facebook\graph-sdk\src\Facebook\FacebookResponse.php(82): Facebook\FacebookResponse->decodeBody()
#3 C:\xampp\htdocs\CI_new\vendor\facebook\graph-sdk\src\Facebook\FacebookClient.php(224): Facebook\FacebookResponse->__construct()
#4 C:\xampp\htdocs\CI_new\vendor\facebook\graph-sdk\src\Facebook\Authentication\OAuth2Client.php(277): Facebook\FacebookClient->sendRequest()
#5 C:\xampp\htdocs\CI_new\vendor\facebook\graph-sdk\src\Facebook\Authentication\OAuth2Client.php(226): Facebook\Authentication\OAuth2Client->sendRequestWithClientParams()
#6 C:\xampp\htdocs\CI_new\vendor\facebook\graph-sdk\src\Facebook\Authentication\OAuth2Client.php(166): Facebook\Authentication\OAuth2Client->requestAnAccessToken()
#7 C:\xampp\htdocs\CI_new\vendor\facebook\graph-sdk\src\Facebook\Helpers\FacebookRedirectLoginHelper.php(228): Facebook\Authentication\OAuth2Client->getAccessTokenFromCode()
#8 C:\xampp\htdocs\CI_new\app\Controllers\FB.php(42): Facebook\Helpers\FacebookRedirectLoginHelper->getAccessToken()
#9 C:\xampp\htdocs\CI_new\vendor\codeigniter4\framework\system\CodeIgniter.php(918): App\Controllers\FB->callback()
#10 C:\xampp\htdocs\CI_new\vendor\codeigniter4\framework\system\CodeIgniter.php(404): CodeIgniter\CodeIgniter->runController()
#11 C:\xampp\htdocs\CI_new\vendor\codeigniter4\framework\system\CodeIgniter.php(312): CodeIgniter\CodeIgniter->handleRequest()
#12 C:\xampp\htdocs\CI_new\public\index.php(45): CodeIgniter\CodeIgniter->run()
#13 C:\xampp\htdocs\CI_new\vendor\codeigniter4\framework\system\Commands\Server\rewrite.php(34): require_once('C:\\xampp\\htdocs...')
#14 {main}
CRITICAL - 2021-02-10 09:35:53 --> This authorization code has been used.
#0 C:\xampp\htdocs\CI_new\vendor\facebook\graph-sdk\src\Facebook\FacebookResponse.php(210): Facebook\Exceptions\FacebookResponseException::create()
#1 C:\xampp\htdocs\CI_new\vendor\facebook\graph-sdk\src\Facebook\FacebookResponse.php(255): Facebook\FacebookResponse->makeException()
#2 C:\xampp\htdocs\CI_new\vendor\facebook\graph-sdk\src\Facebook\FacebookResponse.php(82): Facebook\FacebookResponse->decodeBody()
#3 C:\xampp\htdocs\CI_new\vendor\facebook\graph-sdk\src\Facebook\FacebookClient.php(224): Facebook\FacebookResponse->__construct()
#4 C:\xampp\htdocs\CI_new\vendor\facebook\graph-sdk\src\Facebook\Authentication\OAuth2Client.php(277): Facebook\FacebookClient->sendRequest()
#5 C:\xampp\htdocs\CI_new\vendor\facebook\graph-sdk\src\Facebook\Authentication\OAuth2Client.php(226): Facebook\Authentication\OAuth2Client->sendRequestWithClientParams()
#6 C:\xampp\htdocs\CI_new\vendor\facebook\graph-sdk\src\Facebook\Authentication\OAuth2Client.php(166): Facebook\Authentication\OAuth2Client->requestAnAccessToken()
#7 C:\xampp\htdocs\CI_new\vendor\facebook\graph-sdk\src\Facebook\Helpers\FacebookRedirectLoginHelper.php(228): Facebook\Authentication\OAuth2Client->getAccessTokenFromCode()
#8 C:\xampp\htdocs\CI_new\app\Controllers\FB.php(42): Facebook\Helpers\FacebookRedirectLoginHelper->getAccessToken()
#9 C:\xampp\htdocs\CI_new\vendor\codeigniter4\framework\system\CodeIgniter.php(918): App\Controllers\FB->callback()
#10 C:\xampp\htdocs\CI_new\vendor\codeigniter4\framework\system\CodeIgniter.php(404): CodeIgniter\CodeIgniter->runController()
#11 C:\xampp\htdocs\CI_new\vendor\codeigniter4\framework\system\CodeIgniter.php(312): CodeIgniter\CodeIgniter->handleRequest()
#12 C:\xampp\htdocs\CI_new\public\index.php(45): CodeIgniter\CodeIgniter->run()
#13 C:\xampp\htdocs\CI_new\vendor\codeigniter4\framework\system\Commands\Server\rewrite.php(34): require_once('C:\\xampp\\htdocs...')
#14 {main}
CRITICAL - 2021-02-10 09:37:04 --> This authorization code has been used.
#0 C:\xampp\htdocs\CI_new\vendor\facebook\graph-sdk\src\Facebook\FacebookResponse.php(210): Facebook\Exceptions\FacebookResponseException::create()
#1 C:\xampp\htdocs\CI_new\vendor\facebook\graph-sdk\src\Facebook\FacebookResponse.php(255): Facebook\FacebookResponse->makeException()
#2 C:\xampp\htdocs\CI_new\vendor\facebook\graph-sdk\src\Facebook\FacebookResponse.php(82): Facebook\FacebookResponse->decodeBody()
#3 C:\xampp\htdocs\CI_new\vendor\facebook\graph-sdk\src\Facebook\FacebookClient.php(224): Facebook\FacebookResponse->__construct()
#4 C:\xampp\htdocs\CI_new\vendor\facebook\graph-sdk\src\Facebook\Authentication\OAuth2Client.php(277): Facebook\FacebookClient->sendRequest()
#5 C:\xampp\htdocs\CI_new\vendor\facebook\graph-sdk\src\Facebook\Authentication\OAuth2Client.php(226): Facebook\Authentication\OAuth2Client->sendRequestWithClientParams()
#6 C:\xampp\htdocs\CI_new\vendor\facebook\graph-sdk\src\Facebook\Authentication\OAuth2Client.php(166): Facebook\Authentication\OAuth2Client->requestAnAccessToken()
#7 C:\xampp\htdocs\CI_new\vendor\facebook\graph-sdk\src\Facebook\Helpers\FacebookRedirectLoginHelper.php(228): Facebook\Authentication\OAuth2Client->getAccessTokenFromCode()
#8 C:\xampp\htdocs\CI_new\app\Controllers\FB.php(42): Facebook\Helpers\FacebookRedirectLoginHelper->getAccessToken()
#9 C:\xampp\htdocs\CI_new\vendor\codeigniter4\framework\system\CodeIgniter.php(918): App\Controllers\FB->callback()
#10 C:\xampp\htdocs\CI_new\vendor\codeigniter4\framework\system\CodeIgniter.php(404): CodeIgniter\CodeIgniter->runController()
#11 C:\xampp\htdocs\CI_new\vendor\codeigniter4\framework\system\CodeIgniter.php(312): CodeIgniter\CodeIgniter->handleRequest()
#12 C:\xampp\htdocs\CI_new\public\index.php(45): CodeIgniter\CodeIgniter->run()
#13 C:\xampp\htdocs\CI_new\vendor\codeigniter4\framework\system\Commands\Server\rewrite.php(34): require_once('C:\\xampp\\htdocs...')
#14 {main}
CRITICAL - 2021-02-10 09:37:06 --> This authorization code has been used.
#0 C:\xampp\htdocs\CI_new\vendor\facebook\graph-sdk\src\Facebook\FacebookResponse.php(210): Facebook\Exceptions\FacebookResponseException::create()
#1 C:\xampp\htdocs\CI_new\vendor\facebook\graph-sdk\src\Facebook\FacebookResponse.php(255): Facebook\FacebookResponse->makeException()
#2 C:\xampp\htdocs\CI_new\vendor\facebook\graph-sdk\src\Facebook\FacebookResponse.php(82): Facebook\FacebookResponse->decodeBody()
#3 C:\xampp\htdocs\CI_new\vendor\facebook\graph-sdk\src\Facebook\FacebookClient.php(224): Facebook\FacebookResponse->__construct()
#4 C:\xampp\htdocs\CI_new\vendor\facebook\graph-sdk\src\Facebook\Authentication\OAuth2Client.php(277): Facebook\FacebookClient->sendRequest()
#5 C:\xampp\htdocs\CI_new\vendor\facebook\graph-sdk\src\Facebook\Authentication\OAuth2Client.php(226): Facebook\Authentication\OAuth2Client->sendRequestWithClientParams()
#6 C:\xampp\htdocs\CI_new\vendor\facebook\graph-sdk\src\Facebook\Authentication\OAuth2Client.php(166): Facebook\Authentication\OAuth2Client->requestAnAccessToken()
#7 C:\xampp\htdocs\CI_new\vendor\facebook\graph-sdk\src\Facebook\Helpers\FacebookRedirectLoginHelper.php(228): Facebook\Authentication\OAuth2Client->getAccessTokenFromCode()
#8 C:\xampp\htdocs\CI_new\app\Controllers\FB.php(42): Facebook\Helpers\FacebookRedirectLoginHelper->getAccessToken()
#9 C:\xampp\htdocs\CI_new\vendor\codeigniter4\framework\system\CodeIgniter.php(918): App\Controllers\FB->callback()
#10 C:\xampp\htdocs\CI_new\vendor\codeigniter4\framework\system\CodeIgniter.php(404): CodeIgniter\CodeIgniter->runController()
#11 C:\xampp\htdocs\CI_new\vendor\codeigniter4\framework\system\CodeIgniter.php(312): CodeIgniter\CodeIgniter->handleRequest()
#12 C:\xampp\htdocs\CI_new\public\index.php(45): CodeIgniter\CodeIgniter->run()
#13 C:\xampp\htdocs\CI_new\vendor\codeigniter4\framework\system\Commands\Server\rewrite.php(34): require_once('C:\\xampp\\htdocs...')
#14 {main}
CRITICAL - 2021-02-10 09:38:33 --> This authorization code has been used.
#0 C:\xampp\htdocs\CI_new\vendor\facebook\graph-sdk\src\Facebook\FacebookResponse.php(210): Facebook\Exceptions\FacebookResponseException::create()
#1 C:\xampp\htdocs\CI_new\vendor\facebook\graph-sdk\src\Facebook\FacebookResponse.php(255): Facebook\FacebookResponse->makeException()
#2 C:\xampp\htdocs\CI_new\vendor\facebook\graph-sdk\src\Facebook\FacebookResponse.php(82): Facebook\FacebookResponse->decodeBody()
#3 C:\xampp\htdocs\CI_new\vendor\facebook\graph-sdk\src\Facebook\FacebookClient.php(224): Facebook\FacebookResponse->__construct()
#4 C:\xampp\htdocs\CI_new\vendor\facebook\graph-sdk\src\Facebook\Authentication\OAuth2Client.php(277): Facebook\FacebookClient->sendRequest()
#5 C:\xampp\htdocs\CI_new\vendor\facebook\graph-sdk\src\Facebook\Authentication\OAuth2Client.php(226): Facebook\Authentication\OAuth2Client->sendRequestWithClientParams()
#6 C:\xampp\htdocs\CI_new\vendor\facebook\graph-sdk\src\Facebook\Authentication\OAuth2Client.php(166): Facebook\Authentication\OAuth2Client->requestAnAccessToken()
#7 C:\xampp\htdocs\CI_new\vendor\facebook\graph-sdk\src\Facebook\Helpers\FacebookRedirectLoginHelper.php(228): Facebook\Authentication\OAuth2Client->getAccessTokenFromCode()
#8 C:\xampp\htdocs\CI_new\app\Controllers\FB.php(42): Facebook\Helpers\FacebookRedirectLoginHelper->getAccessToken()
#9 C:\xampp\htdocs\CI_new\vendor\codeigniter4\framework\system\CodeIgniter.php(918): App\Controllers\FB->callback()
#10 C:\xampp\htdocs\CI_new\vendor\codeigniter4\framework\system\CodeIgniter.php(404): CodeIgniter\CodeIgniter->runController()
#11 C:\xampp\htdocs\CI_new\vendor\codeigniter4\framework\system\CodeIgniter.php(312): CodeIgniter\CodeIgniter->handleRequest()
#12 C:\xampp\htdocs\CI_new\public\index.php(45): CodeIgniter\CodeIgniter->run()
#13 C:\xampp\htdocs\CI_new\vendor\codeigniter4\framework\system\Commands\Server\rewrite.php(34): require_once('C:\\xampp\\htdocs...')
#14 {main}
CRITICAL - 2021-02-10 09:38:35 --> This authorization code has been used.
#0 C:\xampp\htdocs\CI_new\vendor\facebook\graph-sdk\src\Facebook\FacebookResponse.php(210): Facebook\Exceptions\FacebookResponseException::create()
#1 C:\xampp\htdocs\CI_new\vendor\facebook\graph-sdk\src\Facebook\FacebookResponse.php(255): Facebook\FacebookResponse->makeException()
#2 C:\xampp\htdocs\CI_new\vendor\facebook\graph-sdk\src\Facebook\FacebookResponse.php(82): Facebook\FacebookResponse->decodeBody()
#3 C:\xampp\htdocs\CI_new\vendor\facebook\graph-sdk\src\Facebook\FacebookClient.php(224): Facebook\FacebookResponse->__construct()
#4 C:\xampp\htdocs\CI_new\vendor\facebook\graph-sdk\src\Facebook\Authentication\OAuth2Client.php(277): Facebook\FacebookClient->sendRequest()
#5 C:\xampp\htdocs\CI_new\vendor\facebook\graph-sdk\src\Facebook\Authentication\OAuth2Client.php(226): Facebook\Authentication\OAuth2Client->sendRequestWithClientParams()
#6 C:\xampp\htdocs\CI_new\vendor\facebook\graph-sdk\src\Facebook\Authentication\OAuth2Client.php(166): Facebook\Authentication\OAuth2Client->requestAnAccessToken()
#7 C:\xampp\htdocs\CI_new\vendor\facebook\graph-sdk\src\Facebook\Helpers\FacebookRedirectLoginHelper.php(228): Facebook\Authentication\OAuth2Client->getAccessTokenFromCode()
#8 C:\xampp\htdocs\CI_new\app\Controllers\FB.php(42): Facebook\Helpers\FacebookRedirectLoginHelper->getAccessToken()
#9 C:\xampp\htdocs\CI_new\vendor\codeigniter4\framework\system\CodeIgniter.php(918): App\Controllers\FB->callback()
#10 C:\xampp\htdocs\CI_new\vendor\codeigniter4\framework\system\CodeIgniter.php(404): CodeIgniter\CodeIgniter->runController()
#11 C:\xampp\htdocs\CI_new\vendor\codeigniter4\framework\system\CodeIgniter.php(312): CodeIgniter\CodeIgniter->handleRequest()
#12 C:\xampp\htdocs\CI_new\public\index.php(45): CodeIgniter\CodeIgniter->run()
#13 C:\xampp\htdocs\CI_new\vendor\codeigniter4\framework\system\Commands\Server\rewrite.php(34): require_once('C:\\xampp\\htdocs...')
#14 {main}
CRITICAL - 2021-02-10 09:38:40 --> This authorization code has been used.
#0 C:\xampp\htdocs\CI_new\vendor\facebook\graph-sdk\src\Facebook\FacebookResponse.php(210): Facebook\Exceptions\FacebookResponseException::create()
#1 C:\xampp\htdocs\CI_new\vendor\facebook\graph-sdk\src\Facebook\FacebookResponse.php(255): Facebook\FacebookResponse->makeException()
#2 C:\xampp\htdocs\CI_new\vendor\facebook\graph-sdk\src\Facebook\FacebookResponse.php(82): Facebook\FacebookResponse->decodeBody()
#3 C:\xampp\htdocs\CI_new\vendor\facebook\graph-sdk\src\Facebook\FacebookClient.php(224): Facebook\FacebookResponse->__construct()
#4 C:\xampp\htdocs\CI_new\vendor\facebook\graph-sdk\src\Facebook\Authentication\OAuth2Client.php(277): Facebook\FacebookClient->sendRequest()
#5 C:\xampp\htdocs\CI_new\vendor\facebook\graph-sdk\src\Facebook\Authentication\OAuth2Client.php(226): Facebook\Authentication\OAuth2Client->sendRequestWithClientParams()
#6 C:\xampp\htdocs\CI_new\vendor\facebook\graph-sdk\src\Facebook\Authentication\OAuth2Client.php(166): Facebook\Authentication\OAuth2Client->requestAnAccessToken()
#7 C:\xampp\htdocs\CI_new\vendor\facebook\graph-sdk\src\Facebook\Helpers\FacebookRedirectLoginHelper.php(228): Facebook\Authentication\OAuth2Client->getAccessTokenFromCode()
#8 C:\xampp\htdocs\CI_new\app\Controllers\FB.php(42): Facebook\Helpers\FacebookRedirectLoginHelper->getAccessToken()
#9 C:\xampp\htdocs\CI_new\vendor\codeigniter4\framework\system\CodeIgniter.php(918): App\Controllers\FB->callback()
#10 C:\xampp\htdocs\CI_new\vendor\codeigniter4\framework\system\CodeIgniter.php(404): CodeIgniter\CodeIgniter->runController()
#11 C:\xampp\htdocs\CI_new\vendor\codeigniter4\framework\system\CodeIgniter.php(312): CodeIgniter\CodeIgniter->handleRequest()
#12 C:\xampp\htdocs\CI_new\public\index.php(45): CodeIgniter\CodeIgniter->run()
#13 C:\xampp\htdocs\CI_new\vendor\codeigniter4\framework\system\Commands\Server\rewrite.php(34): require_once('C:\\xampp\\htdocs...')
#14 {main}
CRITICAL - 2021-02-10 09:39:12 --> This authorization code has been used.
#0 C:\xampp\htdocs\CI_new\vendor\facebook\graph-sdk\src\Facebook\FacebookResponse.php(210): Facebook\Exceptions\FacebookResponseException::create()
#1 C:\xampp\htdocs\CI_new\vendor\facebook\graph-sdk\src\Facebook\FacebookResponse.php(255): Facebook\FacebookResponse->makeException()
#2 C:\xampp\htdocs\CI_new\vendor\facebook\graph-sdk\src\Facebook\FacebookResponse.php(82): Facebook\FacebookResponse->decodeBody()
#3 C:\xampp\htdocs\CI_new\vendor\facebook\graph-sdk\src\Facebook\FacebookClient.php(224): Facebook\FacebookResponse->__construct()
#4 C:\xampp\htdocs\CI_new\vendor\facebook\graph-sdk\src\Facebook\Authentication\OAuth2Client.php(277): Facebook\FacebookClient->sendRequest()
#5 C:\xampp\htdocs\CI_new\vendor\facebook\graph-sdk\src\Facebook\Authentication\OAuth2Client.php(226): Facebook\Authentication\OAuth2Client->sendRequestWithClientParams()
#6 C:\xampp\htdocs\CI_new\vendor\facebook\graph-sdk\src\Facebook\Authentication\OAuth2Client.php(166): Facebook\Authentication\OAuth2Client->requestAnAccessToken()
#7 C:\xampp\htdocs\CI_new\vendor\facebook\graph-sdk\src\Facebook\Helpers\FacebookRedirectLoginHelper.php(228): Facebook\Authentication\OAuth2Client->getAccessTokenFromCode()
#8 C:\xampp\htdocs\CI_new\app\Controllers\FB.php(42): Facebook\Helpers\FacebookRedirectLoginHelper->getAccessToken()
#9 C:\xampp\htdocs\CI_new\vendor\codeigniter4\framework\system\CodeIgniter.php(918): App\Controllers\FB->callback()
#10 C:\xampp\htdocs\CI_new\vendor\codeigniter4\framework\system\CodeIgniter.php(404): CodeIgniter\CodeIgniter->runController()
#11 C:\xampp\htdocs\CI_new\vendor\codeigniter4\framework\system\CodeIgniter.php(312): CodeIgniter\CodeIgniter->handleRequest()
#12 C:\xampp\htdocs\CI_new\public\index.php(45): CodeIgniter\CodeIgniter->run()
#13 C:\xampp\htdocs\CI_new\vendor\codeigniter4\framework\system\Commands\Server\rewrite.php(34): require_once('C:\\xampp\\htdocs...')
#14 {main}
CRITICAL - 2021-02-10 09:39:23 --> This authorization code has been used.
#0 C:\xampp\htdocs\CI_new\vendor\facebook\graph-sdk\src\Facebook\FacebookResponse.php(210): Facebook\Exceptions\FacebookResponseException::create()
#1 C:\xampp\htdocs\CI_new\vendor\facebook\graph-sdk\src\Facebook\FacebookResponse.php(255): Facebook\FacebookResponse->makeException()
#2 C:\xampp\htdocs\CI_new\vendor\facebook\graph-sdk\src\Facebook\FacebookResponse.php(82): Facebook\FacebookResponse->decodeBody()
#3 C:\xampp\htdocs\CI_new\vendor\facebook\graph-sdk\src\Facebook\FacebookClient.php(224): Facebook\FacebookResponse->__construct()
#4 C:\xampp\htdocs\CI_new\vendor\facebook\graph-sdk\src\Facebook\Authentication\OAuth2Client.php(277): Facebook\FacebookClient->sendRequest()
#5 C:\xampp\htdocs\CI_new\vendor\facebook\graph-sdk\src\Facebook\Authentication\OAuth2Client.php(226): Facebook\Authentication\OAuth2Client->sendRequestWithClientParams()
#6 C:\xampp\htdocs\CI_new\vendor\facebook\graph-sdk\src\Facebook\Authentication\OAuth2Client.php(166): Facebook\Authentication\OAuth2Client->requestAnAccessToken()
#7 C:\xampp\htdocs\CI_new\vendor\facebook\graph-sdk\src\Facebook\Helpers\FacebookRedirectLoginHelper.php(228): Facebook\Authentication\OAuth2Client->getAccessTokenFromCode()
#8 C:\xampp\htdocs\CI_new\app\Controllers\FB.php(42): Facebook\Helpers\FacebookRedirectLoginHelper->getAccessToken()
#9 C:\xampp\htdocs\CI_new\vendor\codeigniter4\framework\system\CodeIgniter.php(918): App\Controllers\FB->callback()
#10 C:\xampp\htdocs\CI_new\vendor\codeigniter4\framework\system\CodeIgniter.php(404): CodeIgniter\CodeIgniter->runController()
#11 C:\xampp\htdocs\CI_new\vendor\codeigniter4\framework\system\CodeIgniter.php(312): CodeIgniter\CodeIgniter->handleRequest()
#12 C:\xampp\htdocs\CI_new\public\index.php(45): CodeIgniter\CodeIgniter->run()
#13 C:\xampp\htdocs\CI_new\vendor\codeigniter4\framework\system\Commands\Server\rewrite.php(34): require_once('C:\\xampp\\htdocs...')
#14 {main}
CRITICAL - 2021-02-10 09:44:59 --> This authorization code has been used.
#0 C:\xampp\htdocs\CI_new\vendor\facebook\graph-sdk\src\Facebook\FacebookResponse.php(210): Facebook\Exceptions\FacebookResponseException::create()
#1 C:\xampp\htdocs\CI_new\vendor\facebook\graph-sdk\src\Facebook\FacebookResponse.php(255): Facebook\FacebookResponse->makeException()
#2 C:\xampp\htdocs\CI_new\vendor\facebook\graph-sdk\src\Facebook\FacebookResponse.php(82): Facebook\FacebookResponse->decodeBody()
#3 C:\xampp\htdocs\CI_new\vendor\facebook\graph-sdk\src\Facebook\FacebookClient.php(224): Facebook\FacebookResponse->__construct()
#4 C:\xampp\htdocs\CI_new\vendor\facebook\graph-sdk\src\Facebook\Authentication\OAuth2Client.php(277): Facebook\FacebookClient->sendRequest()
#5 C:\xampp\htdocs\CI_new\vendor\facebook\graph-sdk\src\Facebook\Authentication\OAuth2Client.php(226): Facebook\Authentication\OAuth2Client->sendRequestWithClientParams()
#6 C:\xampp\htdocs\CI_new\vendor\facebook\graph-sdk\src\Facebook\Authentication\OAuth2Client.php(166): Facebook\Authentication\OAuth2Client->requestAnAccessToken()
#7 C:\xampp\htdocs\CI_new\vendor\facebook\graph-sdk\src\Facebook\Helpers\FacebookRedirectLoginHelper.php(228): Facebook\Authentication\OAuth2Client->getAccessTokenFromCode()
#8 C:\xampp\htdocs\CI_new\app\Controllers\FB.php(42): Facebook\Helpers\FacebookRedirectLoginHelper->getAccessToken()
#9 C:\xampp\htdocs\CI_new\vendor\codeigniter4\framework\system\CodeIgniter.php(918): App\Controllers\FB->callback()
#10 C:\xampp\htdocs\CI_new\vendor\codeigniter4\framework\system\CodeIgniter.php(404): CodeIgniter\CodeIgniter->runController()
#11 C:\xampp\htdocs\CI_new\vendor\codeigniter4\framework\system\CodeIgniter.php(312): CodeIgniter\CodeIgniter->handleRequest()
#12 C:\xampp\htdocs\CI_new\public\index.php(45): CodeIgniter\CodeIgniter->run()
#13 C:\xampp\htdocs\CI_new\vendor\codeigniter4\framework\system\Commands\Server\rewrite.php(34): require_once('C:\\xampp\\htdocs...')
#14 {main}
CRITICAL - 2021-02-10 09:45:01 --> This authorization code has been used.
#0 C:\xampp\htdocs\CI_new\vendor\facebook\graph-sdk\src\Facebook\FacebookResponse.php(210): Facebook\Exceptions\FacebookResponseException::create()
#1 C:\xampp\htdocs\CI_new\vendor\facebook\graph-sdk\src\Facebook\FacebookResponse.php(255): Facebook\FacebookResponse->makeException()
#2 C:\xampp\htdocs\CI_new\vendor\facebook\graph-sdk\src\Facebook\FacebookResponse.php(82): Facebook\FacebookResponse->decodeBody()
#3 C:\xampp\htdocs\CI_new\vendor\facebook\graph-sdk\src\Facebook\FacebookClient.php(224): Facebook\FacebookResponse->__construct()
#4 C:\xampp\htdocs\CI_new\vendor\facebook\graph-sdk\src\Facebook\Authentication\OAuth2Client.php(277): Facebook\FacebookClient->sendRequest()
#5 C:\xampp\htdocs\CI_new\vendor\facebook\graph-sdk\src\Facebook\Authentication\OAuth2Client.php(226): Facebook\Authentication\OAuth2Client->sendRequestWithClientParams()
#6 C:\xampp\htdocs\CI_new\vendor\facebook\graph-sdk\src\Facebook\Authentication\OAuth2Client.php(166): Facebook\Authentication\OAuth2Client->requestAnAccessToken()
#7 C:\xampp\htdocs\CI_new\vendor\facebook\graph-sdk\src\Facebook\Helpers\FacebookRedirectLoginHelper.php(228): Facebook\Authentication\OAuth2Client->getAccessTokenFromCode()
#8 C:\xampp\htdocs\CI_new\app\Controllers\FB.php(42): Facebook\Helpers\FacebookRedirectLoginHelper->getAccessToken()
#9 C:\xampp\htdocs\CI_new\vendor\codeigniter4\framework\system\CodeIgniter.php(918): App\Controllers\FB->callback()
#10 C:\xampp\htdocs\CI_new\vendor\codeigniter4\framework\system\CodeIgniter.php(404): CodeIgniter\CodeIgniter->runController()
#11 C:\xampp\htdocs\CI_new\vendor\codeigniter4\framework\system\CodeIgniter.php(312): CodeIgniter\CodeIgniter->handleRequest()
#12 C:\xampp\htdocs\CI_new\public\index.php(45): CodeIgniter\CodeIgniter->run()
#13 C:\xampp\htdocs\CI_new\vendor\codeigniter4\framework\system\Commands\Server\rewrite.php(34): require_once('C:\\xampp\\htdocs...')
#14 {main}
