CRITICAL - 2021-01-27 01:47:39 --> Object of class CodeIgniter\Session\Session could not be converted to string
#0 C:\Users\X550JX\dev\PHP\cidatabase\vendor\codeigniter4\framework\system\CodeIgniter.php(918): App\Controllers\Home->tesSetion()
#1 C:\Users\X550JX\dev\PHP\cidatabase\vendor\codeigniter4\framework\system\CodeIgniter.php(404): CodeIgniter\CodeIgniter->runController(Object(App\Controllers\Home))
#2 C:\Users\X550JX\dev\PHP\cidatabase\vendor\codeigniter4\framework\system\CodeIgniter.php(312): CodeIgniter\CodeIgniter->handleRequest(NULL, Object(Config\Cache), false)
#3 C:\Users\X550JX\dev\PHP\cidatabase\public\index.php(45): CodeIgniter\CodeIgniter->run()
#4 C:\Users\X550JX\dev\PHP\cidatabase\vendor\codeigniter4\framework\system\Commands\Server\rewrite.php(34): require_once('C:\\Users\\X550JX...')
#5 {main}
CRITICAL - 2021-01-27 01:50:05 --> syntax error, unexpected '}'
#0 C:\Users\X550JX\dev\PHP\cidatabase\vendor\codeigniter4\framework\system\Autoloader\Autoloader.php(296): CodeIgniter\Autoloader\Autoloader->requireFile('C:\\Users\\X550JX...')
#1 C:\Users\X550JX\dev\PHP\cidatabase\vendor\codeigniter4\framework\system\Autoloader\Autoloader.php(258): CodeIgniter\Autoloader\Autoloader->loadInNamespace('App\\Controllers...')
#2 [internal function]: CodeIgniter\Autoloader\Autoloader->loadClass('App\\Controllers...')
#3 [internal function]: spl_autoload_call('App\\Controllers...')
#4 C:\Users\X550JX\dev\PHP\cidatabase\vendor\codeigniter4\framework\system\CodeIgniter.php(869): class_exists('\\App\\Controller...', true)
#5 C:\Users\X550JX\dev\PHP\cidatabase\vendor\codeigniter4\framework\system\CodeIgniter.php(394): CodeIgniter\CodeIgniter->startController()
#6 C:\Users\X550JX\dev\PHP\cidatabase\vendor\codeigniter4\framework\system\CodeIgniter.php(312): CodeIgniter\CodeIgniter->handleRequest(NULL, Object(Config\Cache), false)
#7 C:\Users\X550JX\dev\PHP\cidatabase\public\index.php(45): CodeIgniter\CodeIgniter->run()
#8 C:\Users\X550JX\dev\PHP\cidatabase\vendor\codeigniter4\framework\system\Commands\Server\rewrite.php(34): require_once('C:\\Users\\X550JX...')
#9 {main}
CRITICAL - 2021-01-27 02:03:04 --> Illegal offset type in isset or empty
#0 C:\Users\X550JX\dev\PHP\cidatabase\app\Controllers\Home.php(183): CodeIgniter\Debug\Exceptions->errorHandler(2, 'Illegal offset ...', 'C:\\Users\\X550JX...', 183, Array)
#1 C:\Users\X550JX\dev\PHP\cidatabase\vendor\codeigniter4\framework\system\CodeIgniter.php(918): App\Controllers\Home->tesSetion()
#2 C:\Users\X550JX\dev\PHP\cidatabase\vendor\codeigniter4\framework\system\CodeIgniter.php(404): CodeIgniter\CodeIgniter->runController(Object(App\Controllers\Home))
#3 C:\Users\X550JX\dev\PHP\cidatabase\vendor\codeigniter4\framework\system\CodeIgniter.php(312): CodeIgniter\CodeIgniter->handleRequest(NULL, Object(Config\Cache), false)
#4 C:\Users\X550JX\dev\PHP\cidatabase\public\index.php(45): CodeIgniter\CodeIgniter->run()
#5 C:\Users\X550JX\dev\PHP\cidatabase\vendor\codeigniter4\framework\system\Commands\Server\rewrite.php(34): require_once('C:\\Users\\X550JX...')
#6 {main}
CRITICAL - 2021-01-27 21:28:47 --> Unable to connect to the database.
#0 C:\Users\X550JX\dev\PHP\cidatabase\vendor\codeigniter4\framework\system\Database\BaseConnection.php(646): CodeIgniter\Database\BaseConnection->initialize()
#1 C:\Users\X550JX\dev\PHP\cidatabase\vendor\codeigniter4\framework\system\Database\BaseBuilder.php(1860): CodeIgniter\Database\BaseConnection->query('SELECT `email`\n...', Array, false)
#2 C:\Users\X550JX\dev\PHP\cidatabase\vendor\codeigniter4\framework\system\Model.php(404): CodeIgniter\Database\BaseBuilder->get()
#3 C:\Users\X550JX\dev\PHP\cidatabase\vendor\codeigniter4\framework\system\Model.php(436): CodeIgniter\Model->find()
#4 C:\Users\X550JX\dev\PHP\cidatabase\app\Controllers\Home.php(169): CodeIgniter\Model->findColumn('email')
#5 C:\Users\X550JX\dev\PHP\cidatabase\vendor\codeigniter4\framework\system\CodeIgniter.php(918): App\Controllers\Home->login()
#6 C:\Users\X550JX\dev\PHP\cidatabase\vendor\codeigniter4\framework\system\CodeIgniter.php(404): CodeIgniter\CodeIgniter->runController(Object(App\Controllers\Home))
#7 C:\Users\X550JX\dev\PHP\cidatabase\vendor\codeigniter4\framework\system\CodeIgniter.php(312): CodeIgniter\CodeIgniter->handleRequest(NULL, Object(Config\Cache), false)
#8 C:\Users\X550JX\dev\PHP\cidatabase\public\index.php(45): CodeIgniter\CodeIgniter->run()
#9 C:\Users\X550JX\dev\PHP\cidatabase\vendor\codeigniter4\framework\system\Commands\Server\rewrite.php(34): require_once('C:\\Users\\X550JX...')
#10 {main}
